10354879269
17464384016
2219492188
6545624172
6888723023
14706774601
11862793697
1290054001
9630537734
4101066991
10877055233
4931497085
4950125360
3973056361
16139570547
3787110861
7969502017
2938541438
6901973180
7196287519
9191520783
8938307175
8034905611
9758259914
11094859177
9515780580
10670732181
2287859368
8555600309
10815861955
14539115533
5767019236
6779295095
10919810291
10344870346
6683373301
16480437369
3890195370
5969944581
7711870277
9351078165
5907227498
8458494158
8640123263
12552012311
14799874493
9895851488
6619983858
11193527701
11121299281
7126632129
5466293725
8264948309
5478573175
13365450281
3100650284
3298447479
8142332610
11093802337
11462245111
8274311327
13397409138
7495308704
11345526952
6093660852
4402695614
7620409299
1517431490
7316341260
10826175474
4157791084
6308576608
4375119782
11067540922
13167219186
11099888273
4467318882
8594968040
3889358343
2332818731
9733204394
5847825909
7970884311
7509300827
3150856737
5545916974
13357909655
9928900575
9533664592
2388445711
19937639593
12775792818
8971934292
7930424239
9166309650
10497427999
6289016254
3561512886
1554035603
8286906121
6207357014
2812256614
5830745772
3102366073
10736322067
2523218333
7270342541
8676390056
9227435781
10004765035
6528484046
4265206237
12182047529
13162501443
8024125234
6640991809
11586488319
14440481178
5991547844
6446680652
11741633286
8618620152
11919659429
6663726750
4592509716
13148352586
4400238055
7032399105
13367676429
6144197701
4790246535
7086659717
5592386125
3320281802
10390990181
6395648241
3442077013
13313950138
4849107905
8294069899
5483923161
8259779007
7263497249
9333157027
1667805028
6907810746
12678123695
15344716056
5001281003
5776171650
9153853064
3865074565
10330747761
10371378569
17651115752
4867016003
9880766317
12684490955
16566509631
3551966519
9557003534
13885351089
6590853835
14590782920
8290725194
11763744894
11512825933
12329356018
4304372709
17522430169
9017962178
16044605228
7838861550
7182778330
12887443927
4199341188
9184104652
9668068186
5298862611
7652727140
5410397623
5976650638
17278136483
8340327591
6002084618
8177092472
5364781260
6750134587
6286818844
7948040000
10444380216
6695881076
5313723050
4722726031
14381779795
10793534245
18439238271
9011923725
13407013356
7705004102
7212288337
4900989425
12850685895
6450336200
6860901955
6846676785
4411970431
11704661884
11308901394
3889562682
15967367153
14955940356
8770943051
5341667584
6005941478
5574313685
3458882545
10687342933
8926376536
11369569483
20096514433
12425371273
11376401591
7304235366
9042638481
9863792784
16979991993
14292319051
12201288292
11120697398
5425945480
9003887986
3921862920
11607619426
7890183337
7497115485
8734118357
3722747393
2316080895
2115040770
13466126019
4799387961
2012139675
9116056137
13766959349
5541737422
15356094912
15703020453
6509034754
10685386462
11811675446
7677106183
11569784574
12301415451
3104857229
9708718198
15062457651
14704822215
8603285935
8265456232
9925287390
7178931086
2529893646
6204337018
3783584449
14174657279
5951017283
4530672370
3934920614
7644282931
10811154416
2794749208
10226539065
5253100163
5311119639
12660792197
6304056361
1534997641
5205672607
3516755479
6374954237
6126610706
6397055153
9542617719
5163571442
2169410105
6613276931
8608709629
13602257245
5971920417
10937521503
8400989374
9701582517
9845633260
3473217895
12887514330
11412009133
11107942331
7270093901
5891103338
4192515180
8427469688
8906184459
9290030272
4360371124
10822040823
4275263229
6348986655
13776714558
10335105329
2457460899
6442080593
17283203756
9204624513
12012556533
2450413766
8523745963
8281120533
8516291390
8716459945
9274567245
20546255219
9899899113
4871562005
9268267615
7208104801
10216015186
10224169923
8033869584
8437200699
7467730102
8955200007
5960262976
17964684169
7876986512
4509906997
12335049865
2205550688
2454268988
9297220920
4735007534
2988956387
7510289778
3786537942
6387607997
5073522445
10596898895
2973246248
5013848350
4292495389
6002974381
4788013176
4338757506
10290970791
10236056709
11198212334
8823922332
3272258022
5821254342
18369592984
7172991407
7857226017
6839995737
12855878217
9017962178
6006317573
10473296400
9121564337
3953455852
6205328893
8209496908
5301344462
4133724768
11512368185
8221169565
7351264483
10470990611
9397073820
7564628254
7181072185
11058375472
8171239414
6919930372
11892010633
7407343666
6896961477
12299954092
6495516485
9981338146
9469850690
4796372537
5701277222
3314504010
4307434826
11327313878
9421949345
948567459
5993495275
7857226017
17015822859
4601575752
9050784256
10812343061
5974244720
5547619237
4993193613
6349653673
6801342459
6423967238
8294320929
13153829292
9672540607
6530647673
6571088012
11361356576
2261702588
8263686866
9742356709
13570191151
7292364546
6827889531
2030172608
6741894669
6928335264
15778349208
10922443546
1628487980
9923253378
6436656771
3482002139
2897911192
8752562745
10166793144
3357295665
9520696462
11276108592
5110366913
8473595248
17686757110
11796334785
1671899751
1790250737
4998771665
11253757206
11426996465
4097596598
943000383
8847579621
9878074018
10801228263
6932827237
11901131105
11282959611
11963015832
7360604786
12179054834
10669419326
9998517707
11058700118
9745857078
10014735634
5844552718
1003868552
6228871128
9188026670
7895983131
6091276136
3571543222
5788263653
3940256865
5133714511
9102367818
8112961023
6896275217
3723288875
6739047081
12196101294
8809222927
2983084584
8678567382
13878954580
7145188426
8998090765
4465690195
15279050833
7695470430
2122740459
3920870851
12271951727
8359395403
11108337458
6528666174
2655718044
4542190548
8282750700
9282931639
15601406570
8124775390
13485738084
7673214155
5582532411
6531019153
6501641697
13421339845
13787565251
3123316617
3893121753
6860635822
6130592717
10622737753
8753851904
5168278866
15982498753
10058853382
6354699360
4591426235
3089791547
12744946398
5367180246
12486444001
9133162745
2809967188
8164047154
11513948051
6936637197
9314278445
6693336853
12108978287
7724337657
9102367818
9746657764
12279261195
13937311046
7206289278
5137541509
6496631766
7108315814
8861077966
9182223914
6035980578
5480162211
11933930472
3411327400
3993063852
16100644511
6148349999
5639160572
1706850180
9715474007
6721547345
9394608994
13706873890
7489054574
7647922917
14901940784
7060716832
13664343673
11219767375
9025400905
3272258022
10466714863
4548057358
5887251066
1401514623
4227347325
6973499049
4977261709
8650789877
8312176191
11811804663
6220277008
2214817316
7501472016
11183565135
7333153885
11990986891
15630115713
3238815988
