15819693266
5160604486
9223353760
7340889470
1817393736
3296429572
5450708238
13658538413
12985944294
10124806665
10605243213
6614620801
13513083192
1955150303
6862826594
7402121338
5853508191
1851483865
4753579559
7413283137
7537926813
10975158747
8755849799
11343834368
8027387280
8918563871
6907557986
6817793502
6557414787
10921941600
9763841923
9026201058
2252599975
10861468961
15531790256
9626282466
3765586499
2793845229
8908221341
4057932520
5691121338
5081389428
7237947508
8223884241
7581045355
12201781642
8952826881
3991886191
9952762160
14187656198
3650753418
12693928178
2643723116
9995518329
12285704986
8607193032
6200522646
7288246132
7869083117
7128057602
7262612663
8561677901
7372228631
10091137007
3374570844
5435890630
13527443780
13145328150
1250616428
6960848094
9311977318
5200832308
6639404375
2506089486
6074582094
14725218263
5315381369
12179076922
9433082359
16610247024
9990298733
2347515289
2749715596
7102544917
3828144907
7613181543
8076772035
7864348885
4366068778
13659748686
3363512862
9477074586
7210597174
14772489983
5286953389
3748007481
10492370221
6191066664
4971174917
2752797585
9631084463
16390720754
11285855961
15384069258
5168773292
6794378016
12561492092
5149065582
2526640644
1687855656
7160915508
4678487445
10485038779
6366122585
2298575586
18655066270
20262917866
12998472128
3313932091
5922511575
4489889160
7984585877
6383709635
5122145478
7087963040
8811308495
6498671378
13987385289
7949029395
2866375677
1832299399
6367299897
12879028535
8115376537
6924541632
8077602974
2613889538
10023553540
6511665218
6995681948
6666018606
6324611763
10901623090
1966136478
16729795818
8111870553
10189038530
7146575383
5295052861
14597688845
13353188276
12659164161
6901244889
2530413380
2482044373
6885381635
4836661238
12632001708
9173660562
5524292596
4510340738
9567764115
7106367431
5656650566
5677059348
6955074478
9057602210
2783913158
15253947511
16567891436
9880376980
4190295248
16299273427
13824271532
2414804930
13238220596
7351039279
5483664467
5781889146
5331971206
8735642833
14998734434
5901856876
2089143591
13559413777
4345840429
2446448857
12492415068
16112620253
2083006350
9322839327
5183796880
5300146046
12122170142
10173679136
8703520616
14862729494
2273126924
10406339895
7887836781
14900605362
4915209688
18237002363
6002991646
13016966063
6268462676
2912037452
3433957585
3450708858
9462193508
6616619485
6720606032
5407322800
6483496887
8134038403
4377137377
6291442734
5164902637
12408952331
11852637614
9476769156
10855217653
14163805493
4612034093
11927503029
12081190215
17657014470
6267460135
5292825719
6730695164
12727041064
9707979201
12510455172
7768953586
3042147174
13786555415
7402703441
14787597593
6199186085
8906517636
12092920195
6973645764
10955077700
12189283543
4814962847
8793146393
2565596447
5650684587
4758148323
6573216935
11203791209
4127246874
4540906110
8568949507
13115513342
7874257858
12566563981
5638064588
12376860680
821910505
8385827251
4744920764
12916714517
10513545193
8729741381
1736148266
11419313845
8117109570
6934575854
9982014206
9453449130
13390465025
9286370998
8244327795
