9633164017
6233482846
16535704838
13151880286
6950199402
4462426309
14824364546
17742720117
19907899666
28462273055
22139741169
5525860151
9374935897
23842779862
8341603812
7893386204
7804880272
10676490707
13585677104
3810947092
23529509048
3401238671
14861813806
6334529380
27680861620
7855054788
7937004152
9047794210
4452100103
14299966433
10389379006
6739217523
9155210947
17750539084
5265315589
15307645627
18808446614
16005150675
12574555567
7935408244
4339565029
18443411807
2569966992
13584463163
12226590382
11877823522
15109712030
10134658155
12403877927
30749619309
8803648098
14675583580
13400013903
22330916734
21052578499
15655389034
7897831493
27540921476
25730226546
11322542591
19511945735
13751847782
15829848598
10872453710
25432920561
7926200997
3563032158
17295167742
2818173863
8312032479
17121817925
4118048178
7807385797
7313673190
12347966809
5992075246
1998806847
2122813248
10377625092
12272412486
10461842838
19313649630
24539557670
19670212794
14231479981
7878315544
22811310701
16892966335
23789196359
15482643517
13254986333
21477623535
14794183046
8536253702
10572893444
13905016894
12970501299
22935785297
18932055953
4936264231
20345985139
6026139898
14127032728
17658203862
8164489044
19226462481
11084709947
30969568869
17192113474
11300032848
19453071368
15279436850
9828942662
19531268342
23499394939
16415585953
14719298496
11844311025
14942523112
14223086360
30130058064
14063153508
4560895101
18203798299
17919874688
14648815706
15311675561
6606756589
13617261243
13480854536
2108571247
21795594607
13533115274
22431022187
22084166846
27850941225
36496962168
5874316246
7140856661
15087270627
15587208444
12235811683
5041282822
9402437472
7714941622
19582086482
10565081114
15250274245
23136432144
2085772991
4819248793
5419006601
6465980861
17560237850
8978632910
13078096618
3067939237
11326601831
8769830467
15990234095
6315610822
4875659332
6221160386
6920714559
12065621498
25516030910
10334406207
24312245589
25780739108
12733372166
11148842457
5517654956
17800261818
13914325422
12962419102
18372784775
17747947038
6370294279
12649378825
11809747499
7673233375
4209945707
24891188631
6284565541
19990027602
12914963221
18093139644
10196320136
8221069694
16978952200
13347079513
22104885781
12022751205
5479728574
26421863055
11130362591
13799424983
2761326850
6494860001
17588401956
9881038051
22268279927
10607124519
4254491049
15534586026
12530489865
24733716451
8985889406
22255446263
22426459593
13115329398
11209666243
7179523104
11806795534
11294894253
13091742329
23187072196
17424506588
12448603078
17436550924
15642105681
10511801761
8052982731
10112447042
10958349327
16629047931
23236016124
16158616372
31600847233
14786643558
4293275024
17185476081
10954746302
9796245663
10100424180
19124243068
8142974684
13421635127
14252842753
18427388197
12127082226
2232901965
3379532758
17858084176
12071313256
26423910744
14869234312
15071457315
10027942166
4604162677
7581075285
13118158870
16602351760
11689651300
26659545239
11625598481
20165090560
15953116353
15643802635
14019743912
9040777521
12246173083
9163228897
2979169905
16429823006
14204824013
15456949044
10689131028
16796949353
14833426121
21413348107
854180596
3659679103
6688076558
5733539026
15599010199
3750745412
5715165829
23006605513
12541935525
5840700539
6608204934
10497140648
17264437058
13903999078
12508984595
13347166374
12540992933
13569729957
2915229449
6662839963
6603595608
14545197519
22198280972
16532689135
5441436131
18125426426
5932882477
8000002900
5156288803
20058953224
14482309027
12907497883
8730568424
5304471011
22380505807
9487185654
8433179871
7530445433
6716770078
21259101476
11642405314
23879798673
5548779168
10695650251
7705797856
6238997428
6260032885
5183638338
11520619775
25764402158
2251013321
14915953098
8106980067
11618963271
8261759381
6764892225
18818380463
9149637139
9595802586
12849497532
16078566723
10312682989
17543103304
17490166802
15001050238
5990467585
12223297866
17411179695
12871735634
16265062735
4096006825
8753998212
7281373182
19309142562
3444749527
29345819757
3494076522
3340594943
6603020061
8432451490
20342999752
12462647038
2760940652
1895068427
9941074168
4592214274
15963122269
2066101455
4566659559
10993459008
19904268759
16510064168
20549491160
20663648017
14456105411
21193714389
24943716330
12572294133
7931083036
18930888551
16961012318
4753826521
8579802402
17252806932
7356124192
17009890070
6513510061
6153002108
11467264033
6936243770
8244246230
22435566033
9210387523
21591565205
9558662079
4533039723
21468255960
6079542210
6563563574
16607568172
23459537364
22632987412
8923499851
13916539139
26490255889
22119827717
10767729643
9079815519
11457371088
14666475175
4859305617
22464031691
4666446557
4322998875
9142830346
2864238100
18235549799
28542846204
7513204893
6879015439
6818723580
19268711705
21871472645
11182496881
18711740767
10662276349
13916733525
25921172867
11256283142
19047826751
11997086371
5924602945
14597042390
28215511373
18611775191
5339899263
12163796132
8111739023
16876636846
29344447850
14220208625
16998410102
5516734501
9261836642
13417088756
9656515268
12219426970
13722412747
4372035893
12016460873
17048805047
16197890706
16402819815
26234916306
12753198064
3597079605
8094381721
15358590894
7050211143
8071533093
10259971789
8887505087
12593782142
2472744520
5983161272
13953114002
17199051115
9796612750
13967029024
16940223842
7630793392
4908817886
11033906876
14216680795
15052139514
25422584285
6800230019
23200978735
13644789462
5088975254
24885906312
19787491963
12132617095
11873186241
30588445663
30752778613
22045603749
10270676611
16934651558
4461662083
14904334358
8673119158
22009630047
18495054217
3084677272
13801223357
4186786910
29518540009
11207088478
5484164468
19869101538
11839538321
10305320621
12260045180
11749447792
14187676840
6416335087
14291445237
15246731821
4593821444
4594422860
4271963575
32224290604
3912557490
24822268991
11591309400
4064175835
17122541477
16928828419
24512270877
15779778628
16010117575
21250278626
7384248587
7606670354
8800694320
2798775143
25824802436
17286212045
9770249239
24703297966
18631295384
2271622580
9763763969
9066951334
12349097777
11515010667
6393045580
18003924353
9457591167
26239726295
19128263954
5597490808
7816073148
22253354944
12047898321
6745100295
7878545608
5067053079
16708052874
5128398248
16425380876
11352504883
7369620385
2874914446
5559292829
2157630789
5155278946
6494814719
5711731933
20323378265
11208845871
14433829586
15101688299
24999057123
19864915052
11197763049
18393406463
6900871797
19206760491
10498240477
25071319484
5055593124
20929330093
16925996145
12344268054
7707700982
12495393396
15114044852
2476802010
5608679286
4061404009
16076617237
12468552160
17894392227
18058582830
8004726310
13565173475
19351428105
19124626800
11403398327
9751384174
7798503620
19875473511
15055093349
3541812176
9349404360
9424317463
14730615202
5518820924
19519425137
4674689726
10722696062
14578303830
13012556239
3402681816
15254100584
19016277232
5019522575
12641042971
1286647668
3064595602
13722547598
9768993744
14262819996
27533468568
17494557265
13672441417
26176156262
19539149619
16464839645
17659334594
2564057246
21343266214
16740407354
1450195005
5619163024
21831553352
10734743927
17954602108
19581287586
4519659283
11964159903
15026370376
6642607776
20242545264
15745477758
8228734705
4541968561
21818102746
33040280913
18088310598
12168119478
16790296198
6473061079
21534327054
20950631000
7029575236
2810722443
17151343087
10762869273
14090794193
8399369530
15922188092
24858324591
10418083803
5892732057
12298812422
16175354254
2757148826
25640930496
30251570015
5669290051
5709706769
12682978165
7190207176
17545576619
5472638430
11939711027
5955529719
5020127866
23429551030
17345385060
5185130201
5781870591
8448842335
5566327847
4392692012
5473994616
6333706985
10928235534
8464807832
23545848729
16155179504
18577894971
7328826847
4723746846
14624977234
15604952697
7289738971
13518181707
3065914229
24047184768
6963043066
5527948742
15159416453
5119720298
14679026918
5859513183
10207222861
21091753219
18514306376
9429812764
7755265740
3007381015
10369658721
19973567330
13452881368
8384027368
6630035952
21893746338
14553999852
22823747415
8815317994
13686809302
18191140894
6934493536
22882555522
14535717929
13701127332
4911530296
11480252795
8682996628
23452668101
6459629363
12180505435
15547106184
7314619085
5464375503
21329883362
21079185003
13800240712
11960656267
18276190135
15844844722
9085875271
21913043039
5326034512
20547955099
26460208737
19089695309
18257688483
9921035011
4151812172
19731238651
8121876465
12775641121
6832697826
21417913307
18031267332
5933733039
11855791364
12572397912
5077209583
27087736217
14711364972
2567932191
21215591050
1845258668
1981947567
