8188274249
19723282385
8237582904
15693981795
7341782769
10207820978
5856138930
12049948894
7604270598
21637601061
15325142321
6809727837
11384857317
6104912087
5851534151
6456555578
8749480093
6733957416
13630367985
22357383066
10743316583
13118377014
7495488566
12808191885
11283624393
7813148405
13790880264
5660695633
5024689781
5292285462
9655511350
15808327419
14945248608
12451384860
18326843855
14354826209
11913598476
19153354543
13536092302
18595836671
11171517594
9760310049
19195754781
14363681660
25177146253
10437035288
12786928220
3551558419
2898252476
5670031217
4408704623
6582421893
7206076660
7120024613
16316077620
12818100126
12963197334
18037851687
9167495375
6864956011
12596669955
13030067814
11019901997
7607034555
10220728880
16316327790
11717843047
10701339499
7747168096
14367550650
14867027044
21140239606
13855235911
4389911051
10269238822
15349179230
4236909035
17399201901
9431650086
18162519876
8930027687
4994330588
11126137612
15450777381
4714145436
14954548316
15987441924
11405303138
13628345213
8924920049
9153032380
8901367612
10672796501
18705614388
25526710003
7848851604
24185910833
11293059344
22932073265
2907872024
6195010517
7287831980
8617417301
20843176427
19641298158
7347409018
19766096757
2311482452
6230871428
6573953105
7837143157
19356406727
6738822430
6546432923
7874337890
8777511191
11708752405
7317226489
5336838913
4047291617
5010500078
16879931988
4737568894
16923427259
9360028922
3958598632
8122718329
12356371533
11529815018
29613727438
16930554139
5415337444
1614252634
7692052971
5713136383
5517548490
12312356064
11336595000
18508398994
15512798363
9646540452
1957167690
9637665746
14078575898
11859418675
9139488405
7674289742
14369763011
12492542201
11446396371
7750187852
9723192150
11357779353
11209757138
7772808700
18693839794
6014930359
5470865835
11807530413
8182816767
2627760893
8678204226
9126747638
22595624317
8111996538
2526043010
10564855927
4912644392
9723628581
11166246388
18031944118
23689598327
8752474791
6481729950
10120061945
11050956964
22982594439
19757768090
14355569634
12028191617
22481772293
17146985029
14162670550
24084999757
22075011037
5814621878
17744304408
9274562412
15750095149
18927683583
6970468941
8928779015
7902797127
7114849812
7618382517
3052926864
4063429798
8875498459
21061939293
16147166725
13711479350
7913086902
23643787358
11077568782
10824562876
9723427760
9501308771
3041850093
15094681281
13616591579
12415361082
17354122508
2634581921
11080679291
7113510615
19843056314
14070892855
9319653469
2932156839
7657687291
16572789177
4989840806
6558651187
5587370458
1278249702
6746560200
16256535645
20321799100
20659528137
14745533492
15683884749
12831015190
9755656124
10363065318
14848058556
10502237947
15143354306
14015607486
20618902459
5522478804
6154474087
1798175845
7589669119
13492225941
11448263547
12041599500
7746877102
5444593330
11908814239
10856641708
16040139024
11031026746
6145419814
17934014221
12022917005
18180702418
10881506994
15051051078
3574010390
14366423172
6266411004
13060114753
15291328262
15687013231
4632656403
15744227311
7966807584
6465017962
8422431978
6398440466
14939415613
10118740894
8374188742
2110697278
2482954082
16553603874
8704571388
11278174058
3770205470
10746124238
18705285003
2686325638
6996553236
17912608856
14396792861
17670837661
5417480520
10877356988
8418830398
12585249620
21430064800
14472297994
20777966909
12456817496
21291451978
4150913987
5275698781
13411345442
25545907218
12688147763
17545500337
4038392867
4686277989
4989839884
11675066917
4490364463
12452651255
2962304978
14195991572
15084244924
8500842825
5761357776
17304953988
2253273002
10997193428
14032840340
8067204071
4152456832
20264798244
7658243364
9228073719
9925697897
20029162191
2205515620
2500264134
10089337625
10062783394
14846049615
6509103683
6300452698
11135312304
9967817183
5905040085
8966060122
10854599133
16936741781
5991950268
11825636378
17909528005
9104241885
13334083911
3131473472
15571538254
1533539444
7720280065
9563622775
9329288306
6621403965
7560931275
8540345627
21825107893
11883727850
22207275943
6661279711
7712452110
12102929572
12236972616
8292261670
15857377343
9850610659
5726579930
8109863653
12845992503
11140938644
14115203329
8656587438
10122418504
4353957087
9135215267
7240904516
20625546859
9680812760
12104991143
8464636980
2425180002
4344929349
12141477600
12626012204
5815207635
4490762505
16937860288
5706959850
12969053360
8942802775
7831724716
7947745861
6407189547
13743415588
16159034426
2290326820
13574909324
20972567184
8554190952
11960318226
6818820085
19622303419
11976697048
24321335555
8745632071
2882520455
3950053249
9147501667
11208052123
16187564909
11455514004
12402021377
12657273238
13123327711
6546337137
12374705509
12821954475
8720416104
8809168787
15175081585
6345139750
9615010539
5691999281
16539137233
14483062951
9926347855
14422505455
15060593900
14667969437
13116476580
18026733543
14250515307
19451192915
2945895208
11617576386
2315780118
3991220833
8428341828
13100678957
5218963681
10450603863
17335237768
9822823868
13731329873
5728356191
14700590338
8087402443
10218384688
23704729646
2557221659
5812072089
18626113779
8365576038
16853576278
14338982913
14827843218
11887584083
16681232521
24425100411
3373494192
11416246344
11602886624
4944173931
17066282466
12048748204
16264946673
6949445070
10409733991
7722389988
14486539500
16585636564
11143196778
7416961185
18198676877
10451243035
8358343591
6688404495
6110954969
5203450717
6913386360
9324014084
6944472534
6594565499
21544784929
5576900443
26968106055
5363534304
21858831774
19088863097
7971485425
11537511986
10754918232
8627887621
18971408016
15573508269
16895805971
10320248312
18176943096
14188856432
6476794442
2493299278
8427319604
8738676010
7825841123
6464597287
17294012408
10919959873
13675352409
14750242261
14997461458
12391041165
