5367034830
3198746429
10032342538
3742708425
19295568662
13202561124
11553360986
11232458218
4125809968
5896501962
15731317379
14803314339
3977429555
4110436126
5935635588
18985136796
9147250608
6004542383
15115819314
14102832455
9524789989
12600797503
7432877571
10584065079
18045128662
18764186989
5123688882
13323540680
8357194759
13590430616
7307646285
8786675898
7818917824
5673002398
9172149601
10623137815
6092032631
16398797970
5554967061
11561527233
8695758583
2096953838
11483472534
10509862404
7590713768
12988057918
5945505992
2904488793
7484445663
11013492535
14833648699
9438531770
10366960286
8930782562
13221506216
3460071350
9659640666
9702472078
12958151456
7086487604
7269366344
4969811277
13879766552
6664257607
6964990513
2203223158
9149375738
15486561052
16102754387
11013492535
8050207554
19189251795
11175389372
8394783145
12968720327
2196476769
4817077816
9139301007
3773867251
8125013506
7604285435
10332707671
9300020570
5789782080
10168122589
7004947840
4821894399
12755389594
9903229528
4754959998
7207242697
14162620920
8789385117
7875440882
13626378336
19710447162
13993300242
6460543046
6120669975
2549179114
10165930839
4413004669
9260015346
12687673585
2036583345
12034322018
8967772113
7156669880
13487040639
3352324097
13244207839
3734417722
13822085633
5417453430
4069744264
11787415267
3058496331
9266704839
7690832095
2535211084
4671704495
8874519865
12494792745
10401428474
3718308640
7461894508
7418129685
13712280068
11369033131
13680581107
11544061604
9703168288
15158017642
11647240085
8785936845
4149001280
10782830251
3646033941
3022560659
15678078744
3366137207
11146262376
8527494327
14767561389
14506000232
16319386143
4660848855
8092799896
4738447930
7419585183
11253190277
9155830898
9247182282
8125257058
15665889285
19226064036
7245142215
4216365878
7685972245
1980661953
5369607305
10049222730
9448916862
2554951810
16141712268
2739966650
3963373953
7515294209
5436652445
13190890394
2202733207
3229563771
4446595353
14356656485
4755098679
9590566334
11618620846
8736201373
5287903432
5920597253
10015374612
13318341204
9563930419
15074458736
11489924762
10092002676
4420436696
18597340329
8337126101
4990753089
14963107256
5538862187
21144948022
15444670006
12788711533
8295663836
3833146886
3563837479
6228343321
11272222172
15932835431
7935182455
7875440882
4812265058
1891443964
5816887367
11378858069
7468272318
5249299326
6184762880
4952504844
15158017642
15055739563
9309874727
3763735029
11427719900
11326246099
3540619436
16008388139
3107286214
7842523199
12983679366
7090325726
7699066564
7132236901
1244602601
11590286822
6654031612
5032209766
7985678886
15405651769
14331826143
9399511298
15813968633
5952745567
5534529809
11959047861
18166660556
7649280317
3706991726
3614148546
14919361551
13453742283
4379719952
10763154026
11812920382
14449281639
12418139399
9174029409
16949358365
16580120357
6125328589
11951691753
8035791321
5649944350
17466541543
4947780490
14300315649
13998412902
5996400804
10760860315
15300444703
5427495921
8557208204
5955477299
9693403452
8328923821
4728920781
3525926304
12336503017
3348856834
3965555223
12947054196
8188841885
5440361463
4571451945
10367752384
9979824829
12309838396
3956945188
16676545844
11613894502
9887422111
11324800195
8775063473
11254104142
1734527920
10695455422
5348311158
4437702293
6897289030
12565512090
11180700268
10330340698
13970365698
9136253581
5753723574
3300110552
10563322758
7188724006
5683731571
6551823859
15033363353
11552983947
3901031495
8632084812
12590797727
3057475140
15100200950
8189342442
17615823123
5702307519
6075954646
9448916862
12448834107
9402986264
15815905522
6289412236
6626876459
8128469894
5041808863
14205314671
4770289618
10262814708
5679574277
5606584479
11807630086
11771176648
16008388139
6545120614
9632709018
6174888341
9508015337
9285029619
18907676183
6974888489
5846642139
7758277174
4208114817
4112912093
6737835497
20753083288
4536878422
5248081064
11552133026
7895670997
5914239866
13378543589
4451326590
15594363306
9280350175
8519525909
4700255222
13272369465
5326167429
8064560175
12675071166
9213640124
6638269765
13866047132
7541230483
5402861537
9112427306
9521353958
5971320311
4957323815
9284667925
14983512409
7684565900
14394381389
12789796797
17352310836
6328120762
2256424054
10176433665
15725611004
5469772990
9571955909
4622609577
4993022609
8660747825
6377812138
6737600354
4005066299
5847848166
5645699403
11204681670
7789010465
4399571578
11786118173
3870261044
9315685914
8794907630
10021221856
3605766611
9194982068
8408341396
7700228771
13896008259
8601502501
15305579906
13858872687
10532387403
9285690382
8176147851
6569875504
11762916024
5121871279
6927758769
8037690922
12679561619
16975504750
14822502903
15646113891
4468539468
10582122401
5899281689
13596715125
3409034706
6749883205
5799124206
6678476850
8610887930
7007634245
13014765954
4165916731
9661243230
5617502718
4764289525
13554480205
2742393805
6976837982
8093075723
13296876485
7831629140
6635633526
14053379911
5057958928
6735568717
4339683505
3317861795
10318439653
13392270474
5163161478
16143480077
7932945638
15114960456
8662873019
11318180530
18694726564
13390931404
12400489335
3033421715
5071023259
17309071776
5577484846
6882526190
3164371861
10210651395
9322775598
7716177997
13475543254
8457326107
17357733127
13019147606
7912589043
6950831076
16975504750
11118026839
4642730143
9360701729
9141652646
3822615537
11641500815
12161928974
5541426712
13685300593
14882444298
15252733954
5675894924
5110327505
5289533573
8633030401
9874377006
2297559868
8480718895
4222955259
3118014353
4221315313
4490689325
4671285854
11479353356
9929305481
15050776619
12469048926
10102047715
5596722945
4048954104
6759058430
9773746652
