14451964298
6496770647
13611135701
10595673746
31172464470
27881315354
16560492155
0
5124506960
20757457196
31961951184
35587966606
24158396048
35768063589
26068297550
30801112265
23907131279
14014563738
4451373516
0
4967476287
8020693841
16562233739
7304870039
16792873109
13750515333
10230842510
33035821090
26220618847
27304234746
11525936277
28029492886
32181079093
28442671485
7808557020
0
19945345666
33356813923
17653336556
9331378022
10599576472
5461524819
0
4237302265
5247463795
31036106584
23293870960
19006968391
15449559986
6246049110
25878023025
39162320487
23406155286
32406863955
15269918161
7029741778
9266935681
6705357854
16502757712
30156032705
18248910660
11613853017
22159712453
14002106201
9485349489
24733557494
26473843278
4481238940
9457890255
17969638859
11301011701
2597869872
26893435340
28500839458
8480002585
5972223719
16901846144
8203452239
6278840891
8937871248
22287890457
18894373060
20616447166
27646575936
17859219743
29442156412
6960870743
28665142875
16983259125
18759622929
6246049110
20438104738
22160843694
0
0
15420781338
7033802683
15920255482
4452463060
2861917373
