27377947336
0
30657594988
21767850751
10089503242
38587008091
0
19295819440
26262018625
10371725901
21357578949
39232917399
43882845838
14062965426
39028772371
17348127477
7680349368
11841751489
25245241550
2036660408
41028232008
22548329860
14068239500
16991847738
13933525803
5621080453
41079077098
12395676893
9934047643
14988320984
30229549957
31383193061
16020353091
7295574014
13818952343
13933525803
41423027767
28642345467
6780882406
13156795820
13018477322
14464344888
4246714278
5985467033
22100435381
22695938247
27290212127
7657408934
4516033148
18081489983
39473968789
18379692569
41028232008
1071751606
4808332539
23245514697
5059540976
35138383695
14950792303
12069281378
28044590398
24205274312
13973142362
33177754768
11043921929
20189670415
29713944529
13054518166
8470304537
17007014442
19532411753
18566295448
25992032460
25414358610
23902211224
16941804319
9902832115
44090654735
17505337510
31051393432
5253384155
10258572234
22435109917
11327775386
0
11841389209
8742117055
28550209297
43994149473
24751504296
16057461523
33287538662
9189257688
23321987305
29293862825
24865166972
24436847862
27538965864
14652210543
6285815864
