26045726431
0
24830753256
25519032995
0
0
22664105670
27196004135
0
0
26421917977
0
27362096918
26045726431
0
27362096918
0
22878116877
0
22283764163
26045726431
24472912844
0
26045726431
26997773440
24107712737
26045726431
24577181431
26290917363
27362096918
0
25516510365
0
0
27196004135
0
25802270896
25162530312
26045726431
27568768992
27110079554
0
0
24216696002
26997773440
0
26997773440
0
27110079554
0
25955459251
27362096918
0
27362096918
26997773440
26997773440
0
0
27568768992
0
0
0
0
0
0
27196004135
0
27362096918
0
0
0
0
27362096918
27568768992
0
26045726431
0
24489366682
26045726431
27362096918
27362096918
22091967297
27362096918
26997773440
0
27196004135
0
0
24472912844
0
24830753256
24289975091
0
0
0
27362096918
0
0
0
27362096918
0
26045726431
0
0
0
0
0
23867383136
0
0
0
0
24993329138
26421917977
26290917363
27196004135
0
0
20788535477
0
0
0
0
0
0
0
26045726431
0
0
26146889481
0
27568768992
27362096918
0
0
24740141169
25162530312
25511336630
0
24290438074
0
0
27362096918
0
27362096918
0
0
26045726431
0
0
27362096918
26045726431
26045726431
0
0
27362096918
0
27362096918
0
0
0
0
27362096918
0
26421917977
27362096918
27362096918
0
0
0
26045726431
0
26045726431
0
0
0
27362096918
27362096918
0
0
26045726431
26045726431
0
25955459251
27196004135
27110079554
0
24830753256
27568768992
0
0
0
27362096918
27362096918
0
0
0
0
24984335413
24227057647
27196004135
0
27568768992
0
27362096918
0
24781315730
26045726431
27568768992
0
24567867859
26045726431
27568768992
0
23092638886
27362096918
27362096918
0
0
0
0
26997773440
26997773440
0
26997773440
26045726431
0
0
26045726431
0
26045726431
0
27568768992
26997773440
25820751441
0
25179886399
0
0
0
0
25516510365
0
0
0
0
0
25802270896
26997773440
0
0
0
22878116877
27362096918
0
27196004135
0
26997773440
0
27362096918
26160639291
26045726431
0
0
0
27362096918
0
0
0
27196004135
26045726431
0
27362096918
26045726431
26045726431
26290917363
27196004135
24221395058
0
26045726431
0
24830753256
0
0
0
0
26045726431
0
27196004135
0
0
24489366682
0
24830753256
0
27568768992
26045726431
0
0
27196004135
0
0
0
0
26088731158
27362096918
26045726431
26997773440
0
27196004135
25511336630
25802270896
24452426127
27362096918
26045726431
24830753256
0
0
26045726431
0
23421938670
0
0
25893389430
27196004135
0
0
27196004135
27196004135
0
0
0
0
25640999452
27110079554
0
26045726431
27196004135
0
27196004135
24489366682
0
24472912844
0
0
0
27362096918
27362096918
0
27362096918
24830753256
24489366682
27196004135
0
27568768992
26997773440
0
0
0
27362096918
27362096918
26045726431
27362096918
27568768992
25170226677
0
0
26045726431
0
0
0
0
0
27568768992
0
0
25162530312
0
26045726431
0
0
0
0
0
0
26045726431
0
27362096918
0
0
0
24830753256
27362096918
0
26045726431
26045726431
0
25162530312
27110079554
26045726431
26605068105
27196004135
0
0
0
24503422962
27362096918
0
0
26045726431
0
27196004135
0
27196004135
0
0
24830753256
0
0
0
0
27362096918
27196004135
26997773440
0
27362096918
0
0
0
0
25511336630
24315939750
0
24489366682
0
0
0
0
0
0
26045726431
0
25955459251
0
0
0
24830753256
0
0
24830753256
0
0
0
26045726431
0
27362096918
26997773440
0
0
0
27362096918
0
0
0
27196004135
27362096918
26045726431
27568768992
27196004135
0
26030789854
27362096918
26997773440
0
27196004135
26045726431
0
24434421536
0
24830753256
0
0
0
0
27362096918
27362096918
0
0
24830753256
24042556493
0
27362096918
0
24912190406
0
27110079554
0
0
0
27362096918
27568768992
24830753256
0
27362096918
27362096918
0
0
26045726431
0
27196004135
0
24489366682
27362096918
0
25519032995
0
0
26045726431
24577181431
27362096918
26045726431
26997773440
27568768992
0
27110079554
0
0
27362096918
0
0
24261072143
0
0
27110079554
26997773440
27196004135
0
0
27362096918
0
0
27568768992
0
0
27196004135
0
26045726431
0
0
0
0
0
24221395058
27362096918
0
0
0
0
27362096918
24781315730
0
27196004135
0
0
27196004135
0
0
0
0
0
0
25893389430
0
26045726431
0
0
24289975091
27362096918
0
27196004135
0
0
27362096918
27110079554
27362096918
24383293390
26045726431
0
25328237363
25292889393
27196004135
0
0
27362096918
27568768992
0
26045726431
0
24830753256
0
27362096918
0
0
0
26113960368
25511336630
25366424174
0
25511336630
0
0
0
27196004135
0
0
0
0
0
0
26997773440
0
26045726431
0
27110079554
0
0
0
27362096918
0
0
27362096918
0
27196004135
0
0
26045726431
0
0
26997773440
25511336630
0
0
27362096918
0
27362096918
26045726431
27568768992
27196004135
0
0
24567867859
27196004135
26045726431
26045726431
0
24577181431
26045726431
0
0
27362096918
0
0
0
0
0
0
26045726431
25955459251
0
24830753256
26030789854
27362096918
0
27362096918
0
25516510365
26045726431
0
26045726431
26045726431
26290917363
27362096918
0
27196004135
27362096918
0
26160639291
27362096918
0
0
0
27362096918
0
26997773440
17135732746
0
26045726431
24042556493
0
0
24577181431
0
0
26045726431
26997773440
0
0
0
23360621819
27362096918
27362096918
0
25162530312
0
0
0
27362096918
0
26045726431
24503422962
0
0
0
0
0
0
0
27362096918
0
27568768992
0
0
25511336630
0
0
0
0
0
26045726431
27362096918
0
26997773440
0
27362096918
0
0
0
0
0
26045726431
0
27362096918
27362096918
0
0
26045726431
24489366682
0
26045726431
27362096918
0
26045726431
0
26045726431
0
26045726431
27362096918
24830753256
26045726431
0
0
27362096918
27196004135
0
0
0
0
0
0
0
24503422962
26045726431
27362096918
0
23961908827
26045726431
26605068105
0
27196004135
0
0
26045726431
0
0
25328237363
27196004135
23968210704
0
27362096918
26113960368
0
0
22138444080
26045726431
0
0
0
0
22000441008
27362096918
0
26997773440
26045726431
24375853817
0
0
27196004135
0
24567867859
26045726431
0
0
27362096918
27196004135
0
24830753256
0
0
26997773440
27196004135
0
0
27196004135
0
0
24289975091
26997773440
27362096918
0
27362096918
27362096918
0
26477357146
26045726431
0
27362096918
0
25162530312
0
0
25014453028
0
26045726431
0
0
27362096918
0
27568768992
27568768992
27196004135
27362096918
26088731158
0
27196004135
27362096918
24830753256
0
27362096918
27362096918
0
0
0
0
0
0
0
27196004135
25511336630
26045726431
0
27362096918
26045726431
0
0
27196004135
0
0
0
26290917363
26045726431
27196004135
27568768992
27568768992
0
23894635039
26045726431
26045726431
27362096918
27362096918
0
0
25802270896
0
0
24781315730
0
27362096918
0
21776581404
27110079554
0
26045726431
27196004135
0
0
0
0
0
26045726431
24567867859
24789012095
0
27362096918
25519032995
0
27568768992
27362096918
26045726431
25516510365
27362096918
27362096918
27110079554
27196004135
26045726431
0
27362096918
27196004135
0
0
27362096918
0
0
0
0
0
0
27196004135
0
27196004135
26997773440
25519032995
26997773440
27362096918
0
23358110354
0
0
24665646710
0
0
0
0
25519032995
26045726431
25170226677
0
0
0
0
0
27196004135
25955459251
0
27362096918
27362096918
0
0
0
26045726431
26045726431
0
27196004135
26997773440
15935961883
0
27196004135
26045726431
27568768992
27196004135
27362096918
27196004135
0
0
26997773440
0
0
27362096918
0
0
0
0
27362096918
27362096918
27362096918
0
23717693249
0
0
0
24912190406
0
27568768992
24455714771
26045726431
0
0
26045726431
0
26030789854
24830753256
0
0
27568768992
0
0
0
24274171144
0
27362096918
27568768992
0
0
0
27196004135
0
27196004135
0
24489366682
26605068105
0
0
26045726431
26045726431
26045726431
26030789854
0
0
0
0
27568768992
0
26088731158
0
0
24830753256
0
0
23835219625
24830753256
0
27362096918
26045726431
0
25179886399
27362096918
0
23300252105
0
27196004135
0
23243722449
0
0
0
25511336630
0
27362096918
0
23460814037
0
0
0
26421917977
0
0
0
27362096918
24489366682
0
0
24489366682
24567867859
26045726431
27362096918
0
0
0
0
0
24781315730
26045726431
27568768992
25162530312
26290917363
0
27362096918
0
26997773440
26045726431
0
0
0
0
24781315730
27362096918
0
24668976387
0
0
23467508338
24781315730
0
0
0
26045726431
0
27568768992
26045726431
0
23717693249
25162530312
0
26045726431
0
27362096918
0
0
0
24993329138
25511336630
0
24489366682
0
27568768992
0
27362096918
0
0
0
0
0
27362096918
0
27110079554
27362096918
27568768992
27362096918
0
27196004135
0
0
26290917363
0
0
27362096918
0
0
24830753256
0
0
27110079554
0
27362096918
0
0
27196004135
0
27362096918
0
0
0
0
22303999367
0
0
0
26605068105
0
27362096918
0
0
24830753256
0
0
27362096918
27362096918
0
24740141169
26045726431
27362096918
0
20908336124
0
0
0
0
26997773440
0
26045726431
0
0
26045726431
0
0
27196004135
27362096918
0
0
27362096918
0
27362096918
23406045163
0
0
0
25162530312
27110079554
0
0
24830753256
0
0
0
0
0
0
24354646196
0
0
0
26045726431
26290917363
27196004135
0
0
27196004135
26997773440
0
0
0
26045726431
24830753256
25519032995
27110079554
0
0
26997773440
0
27362096918
0
27362096918
26045726431
0
0
27362096918
27196004135
0
0
0
0
25511336630
0
27362096918
0
0
27110079554
0
0
27196004135
24781315730
27362096918
0
0
0
26045726431
0
25519032995
25179886399
26997773440
26045726431
27362096918
22557160530
0
26997773440
0
26045726431
0
27362096918
0
27362096918
0
0
0
26045726431
0
27110079554
0
27362096918
27362096918
27362096918
27568768992
0
0
0
27110079554
0
27362096918
27110079554
0
27362096918
0
25511336630
27362096918
24489366682
0
0
0
0
26045726431
26045726431
26045726431
0
26045726431
0
0
0
27362096918
0
0
25519032995
27362096918
0
0
0
0
0
0
0
27362096918
0
27362096918
0
26997773440
26045726431
0
26045726431
0
26045726431
27362096918
0
27362096918
26997773440
0
24567867859
27362096918
27362096918
27362096918
0
26997773440
24373183473
27196004135
0
0
26045726431
26045726431
0
0
0
26045726431
0
0
0
27362096918
0
0
25516510365
27196004135
26045726431
0
24830753256
27196004135
26045726431
0
26045726431
0
0
0
25162530312
27196004135
0
26045726431
0
27362096918
27196004135
0
27362096918
0
0
26045726431
24830753256
27110079554
24472912844
0
27196004135
27196004135
23750552085
0
27196004135
0
26997773440
25511336630
0
24781315730
0
0
0
27362096918
0
0
24042556493
27568768992
0
0
0
0
0
0
0
26045726431
27568768992
27362096918
27110079554
0
23826689866
0
0
27362096918
0
0
27362096918
0
0
27196004135
0
0
0
0
23894635039
26997773440
23632743474
27568768992
0
0
24594023835
24830753256
0
27110079554
27110079554
0
0
0
0
25516510365
23894635039
27196004135
0
27110079554
24830753256
26045726431
27196004135
25519032995
27362096918
0
0
27362096918
0
26290917363
0
27568768992
0
0
27362096918
23358110354
27568768992
0
0
24781315730
27196004135
27362096918
0
0
27362096918
0
0
0
0
26045726431
0
0
23522052100
0
0
0
0
0
26045726431
27362096918
0
27196004135
25519032995
0
0
0
27196004135
26045726431
25328237363
27362096918
0
0
0
0
24577181431
0
26045726431
27110079554
26045726431
25516510365
0
0
0
27362096918
0
27196004135
26997773440
0
0
26045726431
27362096918
0
24781315730
0
26030789854
26045726431
25802270896
0
26045726431
0
26045726431
0
27196004135
0
0
0
27362096918
0
0
0
26045726431
26997773440
27362096918
0
26045726431
0
27110079554
27362096918
24489366682
24024312708
0
27362096918
0
0
24280554704
24830753256
0
0
27362096918
24489366682
0
0
26045726431
27362096918
0
27362096918
24567867859
0
0
27362096918
0
0
0
27362096918
26290917363
25893389430
0
0
0
0
24577181431
25355122330
27362096918
27110079554
26030789854
26997773440
27196004135
27196004135
0
27196004135
0
0
23358820916
0
25511336630
26997773440
27196004135
0
0
27362096918
0
27196004135
26045726431
23750552085
0
24665646710
0
24526693298
0
27362096918
0
27196004135
26045726431
27362096918
27362096918
24289975091
0
27196004135
22392044723
0
0
25511336630
0
0
27568768992
0
0
0
0
0
23729330690
0
23407970071
23770927535
0
0
0
0
0
27196004135
27110079554
0
24280554704
27196004135
0
25328237363
0
26045726431
0
0
27362096918
26997773440
0
26045726431
0
0
0
26997773440
25802270896
0
24830753256
0
25511336630
27568768992
26045726431
27362096918
0
27110079554
0
26290917363
0
0
0
26421917977
26997773440
0
27196004135
24781315730
0
0
21638613347
26997773440
0
0
0
0
24373183473
26045726431
27196004135
25955459251
0
27196004135
0
20544890059
26997773440
0
0
27196004135
26045726431
26045726431
0
0
23420900754
26045726431
25516510365
0
0
0
27568768992
27362096918
22171271425
24503422962
0
24286473061
0
0
26045726431
0
0
0
0
0
0
0
0
0
0
25328237363
0
27362096918
26045726431
25955459251
27362096918
0
24406215125
26045726431
0
27196004135
26045726431
25514677146
0
27362096918
27362096918
26045726431
27362096918
27568768992
0
24274171144
0
0
27568768992
0
24233734914
24489366682
27362096918
25516510365
0
0
27196004135
26045726431
0
0
0
26045726431
25328237363
24274171144
0
26997773440
0
26997773440
26045726431
0
0
26045726431
0
0
25516510365
24489366682
0
0
27362096918
0
24830753256
0
27196004135
0
0
26045726431
24665646710
27568768992
27362096918
27362096918
0
0
0
0
0
0
27196004135
0
0
0
0
0
26045726431
25355122330
27568768992
27362096918
0
0
0
27110079554
0
26045726431
0
0
26045726431
26045726431
24830753256
27196004135
0
0
0
27362096918
0
27362096918
0
0
25511336630
0
0
0
0
0
26290917363
0
0
0
27362096918
26045726431
27362096918
0
27362096918
0
26030789854
0
0
0
27362096918
0
0
0
26045726431
27196004135
0
0
27568768992
0
0
0
27362096918
26997773440
26045726431
23632743474
27196004135
27196004135
0
0
26997773440
26045726431
0
27362096918
0
0
23807255789
0
24577181431
26045726431
27362096918
0
0
0
0
0
0
0
0
26045726431
24830753256
0
0
0
25511336630
0
27196004135
0
0
0
0
27362096918
0
26160639291
26290917363
26045726431
0
0
27362096918
26997773440
27362096918
26045726431
26045726431
27196004135
0
0
0
0
23467508338
27196004135
0
23149519448
0
0
0
27362096918
27196004135
27362096918
26997773440
0
27362096918
0
0
0
0
27196004135
27362096918
0
25511336630
0
0
27362096918
0
27196004135
26160639291
0
0
27362096918
27362096918
0
0
27362096918
0
24830753256
0
22963020145
24830753256
27362096918
26997773440
0
0
0
27110079554
26045726431
24830753256
27568768992
27568768992
0
0
26045726431
27362096918
0
0
24489366682
0
0
25516510365
26045726431
0
0
21432715583
24830753256
24042556493
24455714771
27196004135
27196004135
27362096918
22128453493
0
24010277321
25022795827
0
0
0
0
0
25511336630
26045726431
25519032995
27110079554
0
27196004135
26045726431
0
0
25292889393
0
27362096918
23140328297
27362096918
27362096918
0
0
27196004135
0
27362096918
26421917977
0
27362096918
26045726431
0
27568768992
0
0
0
0
0
0
26997773440
27196004135
27196004135
0
25162530312
0
0
0
27362096918
27196004135
27196004135
0
23415993147
0
0
27362096918
0
0
0
0
0
26045726431
27362096918
0
26997773440
0
26045726431
0
26045726431
27568768992
25162530312
0
26290917363
24227057647
0
0
24830753256
0
26045726431
0
0
27362096918
27196004135
23770124587
26045726431
26045726431
0
27362096918
24830753256
0
26045726431
27362096918
24383293390
0
0
27196004135
27362096918
27362096918
0
0
0
0
0
0
0
0
0
25328237363
26997773440
26045726431
27196004135
0
0
0
27568768992
27362096918
0
0
27362096918
0
27362096918
26045726431
26290917363
0
0
0
0
27568768992
0
27362096918
0
0
0
0
0
0
0
0
0
27362096918
0
0
27362096918
25162530312
0
26045726431
0
26045726431
0
26045726431
27362096918
26045726431
0
0
0
0
25511336630
26997773440
0
25022795827
27362096918
0
0
0
27362096918
0
27196004135
0
0
24993329138
23826689866
0
27568768992
27362096918
27362096918
0
27362096918
25516510365
24597617154
27196004135
0
27362096918
0
0
27568768992
0
27362096918
0
26045726431
0
27568768992
0
25162530312
0
27568768992
24781315730
0
26997773440
25511336630
27568768992
0
27362096918
27196004135
27362096918
24567867859
0
0
0
25197959291
26045726431
0
0
0
0
0
0
24830753256
0
24472912844
0
23206551537
27362096918
0
0
24082275397
0
0
24830753256
0
26997773440
27110079554
27362096918
0
0
26045726431
22255111018
0
0
25511336630
27196004135
27568768992
27110079554
0
26045726431
0
24830753256
0
0
27196004135
0
0
22862522140
25519032995
0
0
0
26045726431
27362096918
0
27362096918
27196004135
26997773440
26045726431
0
0
0
26045726431
24781315730
0
0
0
0
27362096918
26997773440
27362096918
0
26045726431
0
0
27196004135
27362096918
27196004135
0
0
26997773440
0
27196004135
0
26045726431
0
0
0
27362096918
25519032995
0
24289975091
0
27110079554
24503422962
0
26045726431
0
20911444729
21469206692
24830753256
0
27362096918
0
24781315730
0
0
0
27196004135
26421917977
0
0
0
24289975091
0
0
24577181431
0
0
0
23835219625
24830753256
26045726431
26616721983
0
0
0
23136365448
27362096918
27196004135
0
26997773440
0
0
24830753256
0
24831717983
0
0
27362096918
25197959291
0
0
26045726431
0
24781315730
27196004135
0
0
25511336630
0
0
22909564937
27362096918
27110079554
24830753256
25511336630
27362096918
24024312708
27110079554
27362096918
23308314209
0
26997773440
26997773440
27110079554
25955459251
27196004135
0
0
0
27196004135
27110079554
0
23467508338
0
27362096918
23234029076
26997773440
27362096918
0
25640999452
25802270896
26045726431
0
24830753256
0
26045726431
24577181431
0
27196004135
0
27196004135
0
0
0
23884114565
24472912844
26290917363
0
0
0
27196004135
27196004135
0
0
26045726431
27568768992
0
26045726431
27362096918
0
23800651679
26045726431
27196004135
0
27362096918
27362096918
22956622009
27362096918
27196004135
0
27196004135
27362096918
24274171144
27362096918
0
0
0
0
0
26045726431
22215484704
27196004135
27362096918
0
0
0
27196004135
27196004135
0
27362096918
0
0
0
27362096918
0
22990546389
27362096918
0
24830753256
0
0
0
26045726431
26045726431
27362096918
0
0
0
0
0
0
24830753256
0
27362096918
0
24740141169
0
0
0
27362096918
24280554704
0
0
27196004135
0
25162530312
26045726431
20764451107
26221503472
27362096918
0
0
26045726431
0
0
25170226677
0
24577181431
0
24577181431
0
24233734914
26997773440
0
25519032995
27362096918
0
26088731158
0
0
0
0
0
0
26997773440
26045726431
24489366682
27362096918
0
26045726431
26045726431
0
26045726431
0
0
23835219625
0
26045726431
27196004135
0
0
25516510365
27362096918
0
0
0
26997773440
27362096918
25516510365
0
27568768992
0
26997773440
0
27196004135
0
0
0
0
0
27196004135
26997773440
27362096918
0
0
27568768992
0
26045726431
27196004135
24503422962
0
26605068105
26997773440
0
0
0
27196004135
0
0
27196004135
0
27362096918
0
0
26997773440
0
26997773440
0
23794109456
27110079554
26045726431
0
27362096918
0
25179886399
26045726431
27196004135
25519032995
0
26045726431
27196004135
27110079554
0
27196004135
26997773440
24703095965
26997773440
0
0
0
27362096918
0
0
0
27568768992
0
26997773440
26030789854
26045726431
26045726431
0
27110079554
0
0
27196004135
0
26045726431
0
0
23972627262
0
0
0
26045726431
0
27196004135
24082275397
0
27568768992
0
26045726431
27568768992
0
0
25162530312
0
26421917977
0
0
27362096918
0
0
27568768992
27362096918
0
27196004135
0
0
27110079554
26997773440
0
0
25162530312
26045726431
25328237363
0
0
0
0
26045726431
24577181431
27196004135
0
26997773440
0
0
0
0
0
0
0
0
25170226677
0
27362096918
27362096918
26045726431
24781315730
0
26290917363
26045726431
0
27196004135
0
27196004135
27362096918
0
0
27362096918
26045726431
27196004135
0
25511336630
0
0
0
19147436720
27362096918
0
0
0
0
24503422962
0
27196004135
0
0
26045726431
0
0
23826689866
0
27196004135
26045726431
0
26045726431
27362096918
0
0
0
26045726431
0
24781315730
27110079554
27362096918
0
0
25328237363
0
0
0
0
24082275397
0
0
26045726431
27568768992
0
0
0
0
22681044177
27196004135
0
0
27196004135
0
24781315730
27362096918
0
0
27362096918
0
0
0
27362096918
25893389430
27362096918
25068109854
27196004135
24830753256
27196004135
27362096918
0
25511336630
0
27362096918
27196004135
0
0
23406045163
24489366682
0
0
23835219625
0
0
27362096918
0
0
0
27110079554
0
0
20600622859
25328237363
0
0
0
0
27110079554
24402296459
27196004135
0
0
0
23467508338
27568768992
27362096918
27110079554
0
0
0
27362096918
27362096918
0
0
26045726431
27196004135
27568768992
27110079554
27362096918
27362096918
0
0
0
0
0
26045726431
27362096918
27196004135
27196004135
0
27568768992
0
27362096918
0
26045726431
23163130081
26045726431
0
0
25162530312
27362096918
27196004135
0
27196004135
24526693298
27362096918
0
0
0
27196004135
26045726431
0
0
26030789854
26045726431
27196004135
26045726431
0
0
0
24289975091
0
0
26997773440
25511336630
26045726431
0
0
27110079554
26997773440
0
0
0
0
26045726431
26997773440
0
0
0
26045726431
0
0
26045726431
0
0
0
25511336630
0
0
0
0
0
0
26045726431
0
24830753256
25516510365
0
26997773440
0
0
0
0
24434421536
0
0
0
27196004135
26045726431
0
26997773440
0
26997773440
0
0
23807590040
27362096918
0
26997773440
0
25955459251
27196004135
0
26997773440
27362096918
0
0
27196004135
27362096918
26045726431
23826689866
27110079554
24665646710
0
26290917363
0
0
25519032995
0
0
27196004135
0
0
0
0
0
0
21923128707
0
0
0
0
24781315730
0
0
27362096918
0
26045726431
0
0
27362096918
0
0
0
0
0
0
25511336630
0
27362096918
27362096918
0
0
0
0
0
0
0
0
26943986771
27568768992
0
0
0
0
27362096918
0
0
0
24830753256
0
0
27362096918
27568768992
0
0
0
24448192121
0
25519032995
0
0
24594023835
25179886399
0
26045726431
0
23733570252
0
23489998307
26045726431
27362096918
27362096918
25511336630
0
0
26045726431
27196004135
27196004135
0
27196004135
0
25516510365
27362096918
0
0
26997773440
0
0
27362096918
0
26045726431
27362096918
26045726431
0
0
0
25511336630
0
26290917363
26045726431
27362096918
0
0
0
0
0
27362096918
26421917977
0
26045726431
24314035064
0
25292889393
27196004135
0
0
0
0
24526693298
27568768992
25516510365
0
25068109854
24830753256
24489366682
27568768992
26045726431
0
26045726431
0
24577181431
26045726431
23894635039
26045726431
27362096918
0
27568768992
24830753256
27362096918
0
27362096918
0
24113454207
26045726431
0
27196004135
0
25511336630
25511336630
0
22895780836
0
24115162991
0
27196004135
24830753256
26045726431
26088731158
0
27196004135
0
0
0
27196004135
27362096918
0
0
0
27110079554
0
27362096918
0
0
0
24280554704
27110079554
23826689866
24489366682
25893389430
26045726431
23751657688
0
24577181431
24740141169
27196004135
0
0
0
26997773440
27196004135
26088731158
24830753256
21204374793
24082275397
0
0
25511336630
0
26997773440
24278892067
26290917363
27362096918
24233734914
0
0
0
0
0
27196004135
0
26113960368
0
27196004135
25162530312
27568768992
0
0
27362096918
27196004135
0
26997773440
0
0
0
0
0
24577181431
0
0
27362096918
0
0
27196004135
27362096918
0
0
0
0
0
0
0
0
0
0
27362096918
0
27196004135
0
0
0
27362096918
27362096918
0
0
24830753256
26045726431
27110079554
27362096918
23826689866
0
25516510365
25516510365
27362096918
0
0
27568768992
26605068105
0
27196004135
26045726431
0
0
0
0
27362096918
0
26045726431
0
0
27362096918
27196004135
26421917977
0
27362096918
27568768992
0
27362096918
26045726431
24830753256
0
0
26997773440
0
27362096918
0
0
27362096918
0
26045726431
27568768992
26045726431
0
25955459251
0
25162530312
0
0
0
27362096918
26997773440
0
0
0
0
27362096918
0
27196004135
27362096918
27362096918
0
27110079554
27362096918
27196004135
27110079554
24577181431
0
0
0
0
0
0
27362096918
0
0
0
27196004135
26045726431
0
24830753256
0
0
0
0
24434421536
0
0
27196004135
27362096918
0
26030789854
0
0
0
0
0
27362096918
0
27110079554
26045726431
0
0
18382379711
26045726431
27568768992
27568768992
24489366682
27196004135
0
0
0
0
24373183473
0
27196004135
27362096918
26045726431
27362096918
0
27110079554
26045726431
0
0
27362096918
0
0
24577181431
0
0
0
27196004135
27196004135
0
24577181431
0
0
24830753256
0
23968210704
27362096918
0
0
0
0
27362096918
0
24781315730
26997773440
0
26421917977
24575633484
27110079554
0
0
0
0
0
0
25511336630
27362096918
0
27362096918
25162530312
0
27196004135
0
0
27196004135
26045726431
26045726431
27196004135
27568768992
27362096918
26045726431
24830753256
0
24489366682
0
0
25519032995
26997773440
25162530312
0
27196004135
0
27362096918
23689874466
26997773440
26997773440
0
24567867859
0
27362096918
26045726431
0
0
0
0
0
0
26045726431
0
0
24312556688
27362096918
27196004135
27196004135
0
0
27362096918
0
24781315730
0
22980516781
0
0
0
0
27568768992
0
0
26290917363
26045726431
0
0
25516510365
0
23968210704
0
27196004135
0
0
0
24233734914
0
24383293390
27362096918
25511336630
0
23770124587
26045726431
0
27362096918
26045726431
0
0
0
0
24289975091
24830753256
0
0
26045726431
0
24665646710
0
26045726431
22531210380
24665646710
25511336630
27362096918
0
0
0
27362096918
0
0
0
0
27568768992
26045726431
27568768992
27362096918
26045726431
0
23968210704
0
0
0
27362096918
24221395058
25511336630
27196004135
0
26045726431
27362096918
0
27568768992
26045726431
0
0
0
23498900377
24830753256
26045726431
24274171144
0
0
27196004135
26045726431
27362096918
0
25893389430
26045726431
0
26045726431
27196004135
0
0
27362096918
0
27362096918
27196004135
0
0
27196004135
27196004135
0
26477357146
0
0
27362096918
27196004135
0
0
0
27110079554
27362096918
0
0
0
27362096918
0
27362096918
25516510365
0
23187979957
0
26045726431
0
26045726431
0
26045726431
23467508338
26997773440
0
24489366682
0
0
0
26997773440
27196004135
0
27196004135
0
26045726431
0
0
0
0
0
25511336630
27362096918
0
0
0
0
27110079554
26997773440
0
0
27362096918
23415993147
0
0
0
27196004135
0
0
27196004135
0
0
0
27362096918
0
0
0
0
0
0
0
27362096918
26035093440
0
0
25519032995
26421917977
26997773440
0
27362096918
0
0
25328237363
0
23867383136
27568768992
0
27362096918
0
26997773440
27362096918
27362096918
0
0
27362096918
25170226677
27568768992
27362096918
24567867859
0
27196004135
0
0
26997773440
25511336630
26030789854
0
0
0
0
0
27362096918
25519032995
0
25802270896
24489366682
26997773440
0
24830753256
26045726431
0
27362096918
27196004135
26045726431
27362096918
0
25179886399
25511336630
0
0
27362096918
27110079554
27362096918
25519032995
0
26045726431
27362096918
0
0
26997773440
0
0
27362096918
0
27196004135
26045726431
24489366682
0
0
20438664573
0
26045726431
0
0
0
24289975091
27362096918
26477357146
27110079554
0
26997773440
25391477069
26088731158
0
27110079554
0
0
27362096918
27568768992
24830753256
27362096918
26290917363
26477357146
0
0
0
27362096918
0
0
27362096918
25516510365
0
27196004135
0
0
0
0
26045726431
0
0
23940373323
0
0
0
0
24830753256
27568768992
26045726431
26030789854
0
0
0
25170226677
24489366682
26997773440
0
0
0
27568768992
26997773440
0
26997773440
0
25511336630
25519032995
0
0
27196004135
27362096918
0
0
0
0
0
27362096918
23388183669
0
26045726431
0
0
0
0
0
0
0
23172026326
0
27362096918
26088731158
26113960368
0
27362096918
27196004135
0
27196004135
0
0
0
26045726431
0
27196004135
21785029548
0
25519032995
27362096918
0
24042556493
0
0
27362096918
27196004135
0
0
0
27362096918
27110079554
27110079554
0
26045726431
27362096918
0
0
0
0
27362096918
0
0
24503422962
0
0
0
27362096918
26045726431
27196004135
0
26421917977
0
0
27362096918
0
0
0
26997773440
0
27362096918
26045726431
26045726431
27362096918
24577181431
27568768992
0
0
26045726431
27362096918
25145229048
0
0
0
24830753256
0
27196004135
27362096918
0
27196004135
0
24489366682
27362096918
0
0
0
27362096918
0
27196004135
24577181431
0
24567867859
26045726431
25893389430
0
27568768992
27568768992
0
27568768992
24567867859
26045726431
24089102389
0
0
27196004135
0
26045726431
0
0
27196004135
0
26146889481
0
0
26045726431
0
27110079554
0
27196004135
0
0
0
24830753256
26146889481
0
0
0
24830753256
27362096918
27196004135
0
26997773440
24506735880
0
0
0
24489366682
25391459686
0
0
0
0
25170226677
0
0
0
0
26997773440
26421917977
24577181431
26045726431
0
24740141169
27362096918
27196004135
26045726431
27196004135
24665646710
27362096918
0
0
0
27196004135
0
0
0
0
25519032995
26997773440
27362096918
27362096918
26997773440
27196004135
0
0
27196004135
27362096918
0
26045726431
26045726431
0
27568768992
0
0
0
26997773440
0
0
27568768992
26160639291
0
27196004135
0
26045726431
27196004135
0
26045726431
27568768992
27568768992
0
24221395058
26997773440
24830753256
24830753256
26045726431
26045726431
26997773440
26045726431
0
27362096918
0
27362096918
26160639291
27362096918
0
23968210704
26045726431
0
26045726431
22963020145
0
24830753256
27196004135
0
26997773440
27362096918
0
0
0
0
0
0
27196004135
0
27568768992
0
0
27568768992
0
0
27362096918
25162530312
27568768992
26045726431
0
26045726431
27568768992
0
26045726431
22422582423
0
0
26045726431
23739292866
0
24567867859
27196004135
0
0
0
27196004135
27196004135
0
27196004135
22736855969
26045726431
0
23717693249
26045726431
25511336630
27362096918
26045726431
26045726431
0
26045726431
0
0
0
0
24373183473
0
24830753256
0
0
0
0
0
0
23272839865
27362096918
0
27110079554
27568768992
0
24577181431
23807255789
25802270896
27362096918
0
27362096918
27362096918
27362096918
0
27362096918
0
0
0
25516510365
0
24489366682
27362096918
0
0
0
0
0
26045726431
26997773440
26045726431
0
0
27362096918
27362096918
27362096918
0
0
0
27196004135
25292889393
0
0
27110079554
0
27568768992
0
0
23894635039
24227057647
0
0
27362096918
0
26045726431
0
27110079554
20193037537
26045726431
0
25511336630
0
27362096918
27362096918
26997773440
26045726431
27196004135
27362096918
0
0
24315939750
0
26997773440
0
25391477069
27362096918
27110079554
26045726431
0
27196004135
25519032995
26045726431
0
27568768992
0
26045726431
26045726431
27362096918
26045726431
0
24330067766
25802270896
0
26045726431
27568768992
0
0
0
27110079554
0
26421917977
27362096918
26997773440
26088731158
25516510365
27196004135
0
0
27362096918
0
0
23849541836
0
0
25170226677
27362096918
26045726431
0
25955459251
27196004135
0
26045726431
27110079554
25516510365
0
26997773440
0
26045726431
27110079554
0
0
0
25516510365
0
0
0
27362096918
0
0
0
27196004135
26045726431
0
27362096918
0
26045726431
26045726431
0
0
0
27196004135
27362096918
27568768992
0
0
0
27196004135
24489366682
0
0
27196004135
27196004135
0
27362096918
0
0
26045726431
0
24567867859
0
0
26997773440
0
27110079554
0
0
0
0
0
27196004135
27362096918
0
0
0
0
0
0
27196004135
27196004135
27362096918
23835219625
0
26045726431
0
0
25516510365
0
27362096918
0
0
0
27362096918
27362096918
0
0
27568768992
0
0
23751657688
0
0
0
0
0
24434421536
0
0
26035093440
0
0
0
0
0
25162530312
0
0
0
27362096918
0
0
0
0
27362096918
0
0
0
26997773440
26290917363
0
26045726431
0
0
0
0
0
27568768992
27362096918
0
26045726431
0
0
26045726431
27362096918
0
24383293390
26045726431
0
0
27362096918
0
26045726431
0
0
0
0
0
0
26045726431
0
27362096918
0
0
26045726431
0
27196004135
0
27362096918
0
0
0
27362096918
25162530312
26997773440
24781315730
0
24830753256
25511336630
0
0
27196004135
27196004135
0
0
0
26088731158
27362096918
0
27196004135
0
26290917363
24375853817
0
0
24830753256
0
0
24503422962
0
24503422962
0
0
25328237363
0
0
0
27110079554
27362096918
0
0
0
24830753256
27196004135
0
0
27362096918
25162530312
0
0
0
27362096918
0
0
0
23894635039
0
0
0
27196004135
24221395058
0
27196004135
0
0
26997773440
0
0
0
27362096918
27196004135
0
0
0
27568768992
27196004135
27362096918
27196004135
0
24526693298
24830753256
0
27196004135
0
0
26045726431
0
25511336630
0
27568768992
26030789854
27362096918
0
25162530312
27362096918
0
26045726431
0
26045726431
0
0
0
24830753256
0
0
0
26045726431
0
0
25355122330
27362096918
27196004135
0
27362096918
0
26045726431
0
0
26997773440
23807255789
27196004135
0
27362096918
0
26045726431
0
27362096918
26045726431
24781315730
27362096918
24274171144
25391477069
0
27362096918
24740141169
0
24597617154
27362096918
26113960368
0
27362096918
25292889393
25197959291
27196004135
25197959291
0
27362096918
26045726431
0
0
0
26290917363
27362096918
26290917363
24446903359
26997773440
27362096918
0
25516510365
27568768992
26997773440
0
27362096918
27362096918
0
27196004135
26045726431
27196004135
0
27362096918
0
0
0
0
0
26113960368
0
0
26045726431
0
26421917977
0
0
0
27362096918
0
0
24064675107
0
27196004135
26997773440
27362096918
27196004135
0
27362096918
0
0
0
0
26045726431
0
27568768992
27196004135
24567867859
27362096918
27362096918
0
0
0
0
0
27362096918
22942221324
0
0
27110079554
0
26045726431
27568768992
27196004135
0
0
0
26997773440
0
26997773440
27196004135
0
0
27362096918
0
25511336630
0
27362096918
0
0
0
0
26605068105
27568768992
27196004135
24068230476
0
0
0
0
26997773440
0
0
0
0
24289975091
26045726431
0
0
27362096918
26045726431
24993329138
0
0
24575633484
0
0
0
26045726431
0
26030789854
0
26045726431
27110079554
0
0
0
0
0
0
0
27362096918
0
0
26997773440
27110079554
27362096918
26030789854
27362096918
0
27110079554
0
27110079554
27196004135
0
26045726431
0
27362096918
0
0
24781315730
27196004135
0
24830753256
27196004135
0
0
26045726431
26045726431
24830753256
27196004135
24912190406
27568768992
0
27362096918
26030789854
27362096918
27196004135
0
0
24221395058
0
27196004135
24781315730
27196004135
27196004135
0
0
23868251522
0
0
0
27196004135
26045726431
0
23632743474
0
0
27568768992
0
27568768992
0
0
25981169132
26997773440
0
25511336630
27362096918
0
0
27196004135
26045726431
26045726431
0
27362096918
0
25519032995
0
24472912844
27362096918
0
0
25162530312
0
0
27362096918
24489366682
27568768992
23401869927
26045726431
27196004135
23968210704
25516510365
0
27568768992
25014453028
26997773440
25162530312
0
0
26045726431
26045726431
25014453028
24503422962
0
27362096918
0
0
27362096918
25170226677
27196004135
26045726431
0
0
0
0
26045726431
0
0
0
0
0
27362096918
26045726431
0
0
24781315730
0
27568768992
0
0
26997773440
0
27362096918
26997773440
24830753256
0
25119414605
0
24830753256
26045726431
27362096918
27196004135
0
0
0
0
27362096918
0
0
27362096918
27362096918
0
0
27196004135
25328237363
24830753256
0
27196004135
25516510365
0
26997773440
27362096918
0
0
0
0
0
0
27568768992
27362096918
26997773440
0
24830753256
0
0
0
0
27362096918
26997773440
0
27362096918
0
26045726431
0
0
27362096918
26030789854
0
27110079554
27362096918
0
27362096918
0
27362096918
26045726431
0
26045726431
27362096918
0
27568768992
25519032995
0
0
0
0
0
0
0
27362096918
26045726431
0
26045726431
27196004135
27196004135
0
0
27568768992
0
0
27362096918
0
26605068105
0
26045726431
0
0
27362096918
0
26045726431
27196004135
0
26045726431
0
24830753256
26997773440
0
0
0
27196004135
0
24503422962
27362096918
25162530312
0
0
25511336630
0
0
21928976926
0
0
0
26997773440
0
26045726431
26045726431
0
26421917977
24830753256
26045726431
27196004135
27362096918
27362096918
27362096918
0
0
0
0
27362096918
0
27362096918
23800651679
25802270896
0
24781315730
27362096918
27362096918
0
26045726431
27196004135
0
0
27362096918
26045726431
0
0
0
27362096918
0
0
0
27362096918
0
0
26045726431
0
26290917363
24577181431
0
0
0
26997773440
0
25519032995
27362096918
24526693298
27196004135
0
26045726431
26045726431
0
0
27362096918
0
0
0
25955459251
24089102389
27196004135
0
0
0
0
0
0
27196004135
22476335747
0
0
27362096918
26997773440
25511336630
0
0
0
0
0
25511336630
26290917363
0
27362096918
27362096918
0
27196004135
24830753256
27196004135
26605068105
26045726431
0
0
26997773440
27196004135
0
27196004135
26997773440
0
27568768992
0
0
0
27568768992
27568768992
25511336630
0
27196004135
0
27362096918
27196004135
0
27362096918
0
0
0
24740141169
27362096918
26045726431
0
27362096918
24992581319
0
0
0
0
26045726431
0
24830753256
26997773440
24781315730
0
0
0
0
24567867859
0
24830753256
24830753256
0
25516510365
26045726431
0
25511336630
0
0
0
21094906191
27568768992
27362096918
0
0
0
0
0
27110079554
27196004135
27196004135
27362096918
0
27362096918
25519032995
0
0
27110079554
26045726431
0
27196004135
0
0
26045726431
27362096918
0
0
0
27196004135
24781315730
26045726431
0
0
24993329138
25519032995
26045726431
27362096918
0
0
0
27362096918
0
26997773440
0
27110079554
0
27362096918
0
27362096918
0
26943986771
27568768992
0
0
24472912844
0
0
0
0
25014453028
0
0
0
0
0
27362096918
27362096918
0
26045726431
0
26997773440
26045726431
0
26045726431
0
27362096918
0
0
25328237363
0
27362096918
27196004135
19115972430
24446903359
0
0
25516510365
27196004135
0
0
0
0
27196004135
26045726431
26045726431
24830753256
0
24319610965
0
0
26088731158
24993329138
0
27362096918
27362096918
27196004135
0
23826689866
0
27196004135
0
0
0
26997773440
0
0
27362096918
26045726431
26045726431
0
0
0
0
0
0
0
27196004135
27362096918
0
27196004135
0
0
0
0
26045726431
0
0
26045726431
25179886399
27362096918
0
0
27196004135
26997773440
27568768992
27196004135
27362096918
26045726431
27362096918
0
0
27362096918
24781315730
27196004135
0
0
0
27196004135
0
26045726431
26605068105
27110079554
0
26045726431
0
0
25170226677
0
27362096918
27196004135
26997773440
27362096918
0
24830753256
0
27196004135
27362096918
25022795827
0
0
0
26045726431
0
0
0
0
25516510365
0
0
27362096918
27568768992
0
24830753256
0
0
22307980565
27196004135
0
0
27110079554
0
26045726431
26045726431
27362096918
27196004135
26290917363
26030789854
26997773440
0
0
27110079554
27362096918
23187979957
26045726431
22531210380
0
0
0
0
27196004135
0
27196004135
0
27196004135
0
0
0
0
0
0
0
26045726431
0
0
0
27362096918
0
27362096918
24032499711
0
0
0
27196004135
23664729994
27196004135
0
26997773440
0
0
27362096918
26160639291
0
0
0
26997773440
27196004135
25519032995
27196004135
27362096918
0
0
0
26045726431
0
26160639291
27110079554
0
0
0
26045726431
0
27362096918
26290917363
0
0
0
27110079554
0
26045726431
0
24830753256
0
27196004135
0
0
21898448074
0
0
0
0
0
26290917363
24373183473
25162530312
0
27196004135
26997773440
0
0
27196004135
26045726431
27362096918
0
0
26030789854
0
0
0
0
0
27568768992
0
25516510365
26045726431
0
0
0
0
0
0
0
0
0
0
27110079554
0
0
0
0
0
25328237363
27196004135
27362096918
26045726431
0
25893389430
26997773440
0
26030789854
0
25022795827
26045726431
0
27362096918
27196004135
27196004135
24830753256
0
0
26045726431
0
0
27362096918
0
24233734914
26045726431
0
27196004135
27110079554
24489366682
26030789854
27196004135
0
0
0
0
27362096918
0
26045726431
0
0
26045726431
0
27362096918
27362096918
27362096918
0
27196004135
27362096918
25802270896
0
0
27362096918
0
27362096918
0
26997773440
0
26045726431
26997773440
0
0
0
26045726431
26045726431
0
24289975091
0
26045726431
24434421536
0
0
0
0
0
0
0
0
0
26421917977
27196004135
0
27196004135
26045726431
27362096918
0
0
0
27362096918
25391477069
26045726431
27362096918
25162530312
26421917977
0
0
0
27362096918
27362096918
25802270896
27362096918
0
0
27196004135
0
27110079554
26997773440
0
27568768992
0
0
26045726431
0
0
27196004135
0
26997773440
23136365448
26045726431
0
0
0
0
27568768992
0
25391477069
0
24781315730
24503422962
0
25162530312
0
24042556493
26030789854
26045726431
26045726431
0
23358820916
0
27196004135
27362096918
0
24781315730
0
0
26045726431
26045726431
27568768992
0
26045726431
26997773440
26605068105
27196004135
27362096918
0
27362096918
24286473061
0
0
26045726431
27196004135
24434421536
0
27196004135
27568768992
25511336630
0
0
24781315730
0
0
27568768992
27362096918
27568768992
27362096918
27568768992
0
26997773440
26997773440
27196004135
0
26045726431
27362096918
26997773440
0
26997773440
0
0
27362096918
26045726431
26290917363
27362096918
0
27196004135
27568768992
27362096918
26045726431
0
0
0
27362096918
26045726431
23868251522
0
26421917977
0
0
0
0
25632362814
0
0
0
19845469064
25170226677
22768636281
0
26290917363
0
0
26045726431
24010277321
27568768992
23800651679
26997773440
25511336630
0
0
25511336630
0
0
24830753256
0
0
27196004135
0
26997773440
0
0
27196004135
26113960368
0
26997773440
24781315730
27196004135
0
0
0
27362096918
23208936815
27362096918
0
0
0
27196004135
0
0
0
27110079554
0
27362096918
27196004135
24830753256
0
0
0
26045726431
26045726431
0
0
0
27362096918
0
27362096918
0
0
0
0
27568768992
23358820916
23406045163
0
0
27362096918
0
24280554704
0
23264054265
0
0
27362096918
0
0
26113960368
0
27362096918
0
0
27362096918
0
0
26113960368
0
24577181431
27568768992
0
0
27362096918
27362096918
27362096918
0
27362096918
0
0
27362096918
26045726431
0
0
0
26045726431
0
0
26030789854
0
27362096918
25170226677
27362096918
26030789854
0
26160639291
27362096918
0
0
27110079554
25516510365
24577181431
23835219625
0
0
0
24830753256
0
26045726431
0
0
0
0
0
0
26045726431
27362096918
27196004135
26045726431
0
0
0
26045726431
0
0
0
0
26045726431
0
25955459251
27362096918
26045726431
24434421536
24830753256
26045726431
0
0
0
0
25328237363
0
0
27568768992
0
0
26045726431
27196004135
25328237363
26045726431
26997773440
25179886399
25815439250
0
26045726431
27362096918
19546192014
27362096918
0
27362096918
24567867859
0
24567867859
27196004135
27196004135
0
0
0
0
0
27362096918
25516510365
0
27362096918
25511336630
22516866973
27362096918
27568768992
0
27362096918
0
0
26045726431
0
0
27110079554
0
0
0
0
0
0
26045726431
0
0
26160639291
0
22441654751
0
27362096918
27196004135
27362096918
0
0
0
0
0
24489366682
0
26045726431
27568768992
0
25802270896
0
26030789854
27362096918
27362096918
27196004135
0
27362096918
0
26290917363
27568768992
24233734914
27362096918
27362096918
0
0
0
26997773440
0
25955459251
27568768992
0
24830753256
27362096918
0
27362096918
26421917977
26421917977
0
0
27362096918
27110079554
0
0
0
27568768992
27362096918
25162530312
26045726431
26045726431
24577181431
0
0
0
0
0
0
0
27362096918
0
26997773440
26045726431
0
26045726431
27110079554
27362096918
24781315730
0
27196004135
27362096918
0
0
0
0
26045726431
27196004135
24567867859
0
26045726431
26045726431
0
0
27568768992
0
24831717983
26421917977
0
0
0
0
0
0
27196004135
27196004135
0
0
0
0
0
0
23212939542
26045726431
26997773440
26045726431
26045726431
23751657688
0
27362096918
23835219625
0
26997773440
0
0
0
0
27362096918
0
0
0
0
0
0
0
0
0
0
0
0
0
0
26045726431
27568768992
26045726431
24830753256
25284037508
0
25511336630
0
27196004135
26045726431
0
0
27110079554
27362096918
0
0
0
26045726431
0
0
23187979957
22240666515
0
27362096918
0
27196004135
0
27196004135
0
0
0
24830753256
27110079554
27196004135
25516510365
0
27362096918
0
24472912844
24830753256
27362096918
0
0
25328237363
0
0
0
0
0
0
27362096918
0
0
27362096918
0
0
0
0
0
24004725180
25328237363
0
0
0
0
24503422962
27196004135
0
0
27196004135
0
27362096918
0
25511336630
0
24830753256
0
24373183473
22417903472
27362096918
26045726431
0
0
0
26045726431
25068109854
0
27362096918
27362096918
0
0
0
26045726431
26045726431
0
24567867859
26045726431
24216696002
0
26045726431
25170226677
27568768992
0
27196004135
0
0
0
0
0
23066561423
26045726431
27568768992
0
0
0
0
27196004135
27362096918
27110079554
0
24489366682
27362096918
0
0
24781315730
26045726431
26045726431
0
27362096918
0
0
0
24740141169
0
27196004135
0
0
27568768992
0
24781315730
26045726431
0
0
24489366682
27362096918
0
0
0
0
0
0
26088731158
27362096918
0
0
0
27362096918
0
24315939750
0
26045726431
27362096918
27568768992
0
27362096918
27196004135
27568768992
24575633484
0
27362096918
24472912844
27196004135
0
0
0
24830753256
27362096918
0
27568768992
27362096918
26290917363
23605321934
27196004135
0
0
0
21863729863
27196004135
0
0
27196004135
0
0
0
27362096918
26045726431
27196004135
26421917977
24993329138
25197959291
0
26045726431
27362096918
0
26421917977
0
0
27362096918
0
0
0
26997773440
0
0
0
26045726431
27196004135
27362096918
0
0
26045726431
27110079554
24503422962
27362096918
27362096918
0
23460814037
27196004135
0
27568768992
0
25511336630
27568768992
0
27362096918
25511336630
0
0
0
0
0
0
27110079554
0
26045726431
23807590040
24781315730
25162530312
0
27362096918
0
0
0
26045726431
27362096918
0
26997773440
26045726431
0
0
23770927535
26045726431
23842392335
26616721983
0
26045726431
25516510365
0
0
27568768992
0
26045726431
26997773440
26045726431
0
26997773440
0
26045726431
25197959291
0
0
0
0
0
0
26997773440
0
0
26045726431
23149519448
0
0
0
26045726431
0
27362096918
0
26997773440
27196004135
0
0
24489366682
0
0
24830753256
0
0
26045726431
27362096918
0
0
26045726431
23835219625
0
27196004135
0
23406045163
0
24503422962
0
0
27196004135
0
27362096918
25516510365
27568768992
25162530312
25893389430
0
27196004135
27568768992
26030789854
0
0
0
27196004135
27362096918
26997773440
0
0
27568768992
0
0
26045726431
26997773440
0
27196004135
0
21469206692
0
26045726431
27568768992
0
27362096918
27362096918
24830753256
0
24115162991
27196004135
27196004135
0
26997773440
27196004135
24830753256
27196004135
0
27196004135
27196004135
27196004135
0
26045726431
27568768992
0
0
0
0
27196004135
0
0
0
27362096918
27362096918
27362096918
26997773440
0
0
0
0
0
26421917977
0
24830753256
27196004135
27362096918
27362096918
27362096918
27196004135
0
0
27362096918
27362096918
26045726431
27362096918
26045726431
0
26997773440
0
0
27362096918
21604795027
25519032995
27362096918
27196004135
0
27362096918
26045726431
0
24830753256
0
27110079554
25820751441
0
0
0
27362096918
24042556493
27196004135
0
0
24289975091
0
0
27362096918
27362096918
26290917363
0
26045726431
0
0
26045726431
0
0
24526693298
0
0
0
0
27568768992
26045726431
0
27362096918
27110079554
0
0
26997773440
0
0
26045726431
0
0
0
0
27196004135
0
27362096918
0
27196004135
27362096918
27362096918
26421917977
0
23038495975
0
27362096918
0
0
0
0
27362096918
0
26997773440
25519032995
27362096918
0
0
0
26997773440
0
0
27362096918
24526693298
0
0
0
0
27196004135
24668976387
0
0
0
25170226677
27362096918
26997773440
0
0
27568768992
0
27362096918
0
25366424174
27196004135
0
27362096918
0
26113960368
25691367518
23522052100
0
25511336630
0
0
0
0
0
27362096918
0
0
0
0
0
24345265109
27568768992
0
26045726431
0
24830753256
26045726431
0
0
0
25511336630
0
25802270896
26997773440
0
0
0
26045726431
25516510365
27362096918
0
0
27196004135
0
0
0
0
0
26045726431
0
27362096918
0
0
0
26045726431
0
0
26045726431
27362096918
0
0
0
0
26045726431
0
26045726431
27362096918
27362096918
0
27362096918
0
27362096918
27568768992
27568768992
27362096918
26997773440
27568768992
25511336630
26045726431
25162530312
27196004135
0
23800651679
0
0
0
27362096918
0
27196004135
26045726431
0
26045726431
0
27568768992
0
0
0
25197959291
0
27110079554
27568768992
0
27362096918
0
27362096918
0
0
0
24115162991
0
0
25162530312
26045726431
0
0
0
27196004135
0
25328237363
27362096918
26045726431
27196004135
0
27196004135
0
24781315730
26045726431
0
26997773440
0
0
0
26605068105
23784025746
0
25391459686
0
26045726431
0
0
0
0
25893389430
0
26045726431
27196004135
27196004135
26045726431
27110079554
0
0
0
0
24830753256
0
0
0
0
0
27196004135
0
0
24489366682
0
27196004135
0
27568768992
0
0
0
0
0
0
27196004135
27362096918
0
0
0
0
27362096918
0
27196004135
0
24830753256
0
0
24289975091
24781315730
27362096918
0
27362096918
27196004135
0
0
0
0
0
27362096918
25519032995
27362096918
24781315730
0
0
0
0
27196004135
0
27362096918
24383293390
0
27362096918
26045726431
25170226677
26045726431
27568768992
0
0
0
27362096918
0
27568768992
27362096918
26045726431
0
24830753256
0
0
27196004135
27196004135
0
26997773440
0
27362096918
0
26045726431
0
26997773440
24489366682
26045726431
26045726431
0
27568768992
24289975091
27362096918
27362096918
0
27196004135
0
24830753256
0
0
27196004135
0
0
24503422962
0
0
0
23826689866
0
24781315730
27568768992
0
0
0
27196004135
27196004135
24781315730
0
24830753256
0
24289975091
0
0
0
27362096918
0
27110079554
0
0
22557160530
26997773440
27362096918
0
27362096918
0
27362096918
0
25516510365
26045726431
0
27196004135
27362096918
26045726431
27362096918
0
0
0
26997773440
27110079554
23467508338
27196004135
27196004135
0
0
27362096918
21069782409
0
25802270896
27196004135
27196004135
0
27196004135
0
26997773440
0
25303187418
0
27110079554
0
0
0
26997773440
0
26045726431
26997773440
27196004135
25516510365
0
0
0
25955459251
27362096918
26045726431
0
27362096918
20313562489
25162530312
27362096918
25179886399
0
0
0
27362096918
27196004135
26290917363
27196004135
0
0
27196004135
0
26997773440
0
0
0
26997773440
27362096918
26045726431
0
27196004135
0
0
0
0
0
0
0
26045726431
26045726431
0
27362096918
25519032995
0
27362096918
24503422962
0
27196004135
23467508338
27196004135
0
25391477069
26045726431
27568768992
0
27362096918
0
26045726431
27196004135
0
26045726431
25893389430
0
26290917363
27362096918
0
0
26045726431
22325610642
27362096918
0
0
0
27110079554
27362096918
25366424174
23415993147
0
27362096918
27362096918
27362096918
27110079554
25516510365
25519032995
0
0
0
27196004135
24489366682
24089102389
0
26045726431
0
27196004135
27196004135
27362096918
27196004135
26045726431
26160639291
0
24781315730
0
25511336630
0
23632743474
0
0
0
26421917977
0
0
27362096918
26045726431
27362096918
26045726431
27196004135
26030789854
26045726431
0
27362096918
24830753256
0
27196004135
27568768992
0
0
0
27196004135
24024312708
26045726431
0
27196004135
27362096918
0
0
25519032995
24434421536
26997773440
0
0
27110079554
27362096918
26045726431
0
27362096918
0
27196004135
25162530312
25328237363
0
27362096918
0
0
0
26045726431
0
26045726431
24489366682
27196004135
25519032995
26045726431
0
27110079554
26997773440
0
0
0
0
24830753256
0
26045726431
0
0
27362096918
0
0
27196004135
0
0
0
0
0
0
0
24830753256
0
0
0
0
0
24594023835
0
27362096918
27196004135
27362096918
27362096918
26997773440
27196004135
0
0
26045726431
24668976387
0
0
0
0
0
27362096918
27196004135
0
27568768992
27196004135
0
0
26421917977
0
0
0
0
27362096918
27362096918
27362096918
0
0
27362096918
0
0
0
26045726431
25328237363
0
27196004135
26997773440
24781315730
0
0
26160639291
0
21306130888
26088731158
0
27362096918
27362096918
26045726431
0
0
26421917977
26045726431
0
0
0
0
0
0
0
26045726431
27196004135
0
23308314209
27362096918
23377750507
0
0
0
25516510365
0
23528242021
27362096918
0
0
27568768992
27196004135
27196004135
27362096918
25366424174
25162530312
0
26997773440
0
27568768992
0
26045726431
0
26045726431
0
26030789854
25955459251
27196004135
26045726431
0
0
26045726431
27362096918
27196004135
0
27362096918
0
0
27362096918
0
26045726431
27196004135
26997773440
26045726431
0
0
0
26997773440
24489366682
0
24047464868
0
0
26045726431
24830753256
0
0
0
27362096918
26997773440
26045726431
25893389430
0
0
0
27362096918
0
27196004135
0
0
27196004135
0
27196004135
27568768992
0
0
0
27362096918
0
0
24830753256
0
0
27362096918
0
27362096918
0
24830753256
0
0
24489366682
0
24740141169
0
0
0
27110079554
27196004135
23835219625
27196004135
27196004135
27362096918
27196004135
0
26997773440
0
0
0
0
0
0
26045726431
25511336630
0
24472912844
0
25516510365
26045726431
0
0
0
25955459251
0
0
18650555534
27362096918
0
0
25516510365
27362096918
27568768992
26997773440
0
27196004135
24830753256
0
0
27362096918
0
25516510365
26045726431
0
27362096918
0
0
0
0
24830753256
0
23304751256
27196004135
25511336630
0
24830753256
25328237363
27196004135
0
26045726431
0
23713918593
23831371114
0
26290917363
0
26045726431
0
0
26045726431
27362096918
0
0
0
0
0
27568768992
0
27362096918
0
25170226677
26997773440
24114195564
27110079554
0
0
0
27196004135
27568768992
27196004135
0
0
27196004135
0
25292889393
0
0
0
0
0
26997773440
0
26045726431
0
24567867859
27362096918
23381599979
0
27362096918
27196004135
0
24434421536
25519032995
0
0
25516510365
27196004135
27196004135
26045726431
0
27362096918
0
27362096918
0
0
0
0
0
0
0
0
27362096918
0
0
0
0
26045726431
0
26997773440
27196004135
0
23800651679
27568768992
26045726431
27362096918
0
0
0
24375853817
27110079554
0
0
0
26997773440
24567867859
0
0
27196004135
25179886399
0
0
24709359089
0
26045726431
27196004135
0
0
0
0
26045726431
27196004135
25511336630
26045726431
0
27196004135
0
27362096918
0
0
0
24830753256
24315939750
0
0
0
26045726431
24668976387
0
25955459251
22266532694
0
0
0
26045726431
0
26045726431
0
25893389430
27196004135
25328237363
0
27110079554
0
0
24830753256
0
27196004135
0
24503422962
24781315730
0
24993329138
0
0
0
0
26997773440
27568768992
0
27362096918
0
0
0
0
26045726431
27568768992
26045726431
0
0
0
21184026482
26290917363
25391477069
27362096918
0
26035093440
0
0
27362096918
27362096918
0
0
0
0
0
0
0
0
0
0
24227057647
26997773440
0
0
25170226677
0
0
0
27362096918
24289975091
27196004135
0
27568768992
0
27362096918
0
0
23842392335
27362096918
27196004135
26045726431
25170226677
25516510365
27362096918
27196004135
26045726431
0
0
27196004135
26045726431
27362096918
0
27362096918
0
26045726431
25519032995
27568768992
26045726431
27362096918
27196004135
27568768992
0
0
27196004135
27362096918
0
0
26045726431
27362096918
0
27568768992
25014453028
24286473061
0
0
0
27362096918
0
27362096918
0
0
25170226677
27362096918
26045726431
0
0
0
0
0
25511336630
0
0
27196004135
0
0
26045726431
24227057647
0
0
26997773440
0
0
0
27362096918
27110079554
0
0
0
27196004135
27196004135
0
0
26045726431
27362096918
24830753256
0
0
21004745219
26045726431
0
26045726431
0
26045726431
0
0
26045726431
24448192121
0
0
0
25802270896
0
27110079554
0
0
0
0
25802270896
0
0
0
0
0
0
26997773440
0
0
0
27362096918
0
0
24082275397
27196004135
27362096918
24489366682
27110079554
0
0
26045726431
27196004135
27110079554
0
27362096918
26045726431
0
26045726431
25516510365
0
25303187418
25511336630
0
27362096918
23835219625
0
0
0
27196004135
26045726431
24781315730
24594023835
26045726431
26045726431
0
27110079554
0
0
23894635039
0
24489366682
24594023835
24830753256
0
25292889393
0
0
24577181431
0
0
27362096918
0
26045726431
23219558537
27196004135
21966549684
26997773440
0
27568768992
24233734914
0
26045726431
0
0
27362096918
23717693249
0
0
27110079554
0
27196004135
0
26045726431
0
27196004135
27196004135
0
0
27362096918
27362096918
25511336630
25516510365
26997773440
0
0
27362096918
0
27362096918
0
25516510365
0
27196004135
0
27196004135
23826689866
26997773440
0
27362096918
0
0
0
0
0
27568768992
26045726431
26045726431
0
0
27568768992
0
26290917363
0
26045726431
27362096918
26045726431
26045726431
26290917363
0
26997773440
27362096918
27362096918
0
0
26045726431
27196004135
27362096918
25179886399
0
0
24830753256
27196004135
0
0
24577181431
26045726431
27196004135
27568768992
27362096918
27196004135
26045726431
0
24908254088
0
0
0
26997773440
0
0
27110079554
0
0
0
0
0
0
0
25511336630
0
0
27196004135
0
0
27196004135
25511336630
27196004135
27196004135
26045726431
0
27362096918
25162530312
23849541836
27196004135
0
0
27110079554
0
0
27362096918
26045726431
24489366682
25179886399
0
26045726431
0
27196004135
0
0
25068109854
27362096918
0
24830753256
0
0
0
26045726431
27362096918
0
24830753256
0
0
0
26421917977
25328237363
0
23968210704
24489366682
27362096918
24503422962
0
0
27568768992
0
27362096918
0
27362096918
27362096918
27362096918
0
0
0
0
26997773440
24567867859
0
0
27362096918
26045726431
0
26045726431
0
24489366682
0
0
27362096918
0
0
0
0
0
0
26045726431
0
0
26113960368
0
0
0
25955459251
24503422962
0
0
0
27362096918
0
0
0
25516510365
0
24830753256
0
27110079554
0
0
25802270896
0
0
0
0
0
0
0
27362096918
0
26997773440
0
27196004135
27196004135
0
0
0
0
0
0
0
0
23425336388
27196004135
0
0
0
27362096918
26045726431
0
0
0
0
0
0
0
0
0
26045726431
0
0
0
23807590040
27362096918
0
0
27362096918
26045726431
27362096918
25511336630
26045726431
27362096918
0
0
0
0
0
0
0
23158929137
0
27196004135
0
0
0
26421917977
27362096918
0
26045726431
23800651679
26045726431
24830753256
27196004135
0
27110079554
0
27362096918
25162530312
0
0
0
26997773440
24830753256
24289975091
0
0
25328237363
27362096918
0
0
27568768992
0
0
24703095965
25162530312
0
23770124587
26045726431
27362096918
27362096918
0
26616721983
27362096918
0
26045726431
26030789854
0
0
25511336630
27196004135
0
0
27568768992
0
26045726431
0
0
27362096918
0
26045726431
27196004135
26045726431
0
25955459251
26045726431
26045726431
0
27362096918
27362096918
27110079554
0
0
27196004135
26045726431
0
0
0
0
0
27196004135
0
0
0
27110079554
22796655482
0
0
0
27196004135
0
26045726431
27362096918
0
0
27362096918
0
0
0
0
26045726431
0
0
0
25103929533
0
27362096918
0
0
0
0
27196004135
0
25516510365
23807255789
26045726431
0
0
0
27568768992
0
27362096918
26045726431
0
25328237363
0
0
24434421536
0
24375853817
26997773440
0
0
27362096918
27362096918
27362096918
27196004135
0
26290917363
0
0
0
27196004135
27196004135
23807255789
0
0
0
0
24830753256
0
27196004135
0
26045726431
0
27362096918
0
0
24489366682
27362096918
0
26290917363
25511336630
0
0
0
0
26616721983
26045726431
0
0
0
0
0
25516510365
0
26045726431
0
26045726431
0
0
0
0
0
27196004135
27362096918
24503422962
27196004135
26030789854
0
0
0
23206551537
0
26113960368
0
24489366682
0
27196004135
0
27568768992
0
0
24781315730
0
0
25391477069
26030789854
27196004135
27196004135
27568768992
24567867859
24781315730
27196004135
27110079554
26045726431
0
27196004135
0
24315939750
0
26045726431
26045726431
27196004135
0
0
26997773440
0
0
0
25197959291
0
27110079554
0
25391459686
26045726431
0
25511336630
27196004135
27362096918
0
0
24830753256
27362096918
25802270896
26045726431
0
24830753256
0
24575633484
0
0
0
27362096918
26045726431
0
27362096918
0
26421917977
0
27362096918
26997773440
25292889393
24830753256
26045726431
27196004135
0
27196004135
0
0
0
27362096918
0
0
26045726431
0
27362096918
24830753256
26045726431
0
26045726431
26997773440
0
27362096918
0
0
0
24289975091
0
0
0
27196004135
0
0
0
0
0
0
26045726431
0
26045726431
0
0
27362096918
0
24221395058
0
0
26045726431
0
24830753256
26997773440
27196004135
27362096918
0
0
0
26045726431
0
24526693298
0
27568768992
0
0
26045726431
25391459686
0
27568768992
27196004135
27568768992
0
0
27196004135
26045726431
0
0
0
27110079554
27196004135
26045726431
26045726431
0
25197959291
0
24503422962
0
26045726431
0
27196004135
26045726431
0
0
0
0
0
27196004135
24668976387
27568768992
0
0
0
25328237363
24567867859
0
27110079554
0
26045726431
0
24503422962
0
0
0
0
0
0
24830753256
0
27362096918
0
27362096918
25170226677
27196004135
0
0
27362096918
25391477069
0
26113960368
24477833385
0
0
0
0
27110079554
27196004135
0
0
25162530312
0
0
0
0
26045726431
27196004135
0
0
0
26045726431
0
24503422962
0
0
25511336630
27362096918
27196004135
27362096918
0
0
0
0
0
0
0
0
24830753256
27196004135
27196004135
25391477069
0
23834650268
27362096918
0
24289975091
27568768992
27362096918
0
27196004135
0
0
27196004135
0
0
0
24567867859
25179886399
24502379533
26045726431
26045726431
0
0
0
27196004135
24280554704
0
26045726431
0
0
26045726431
27362096918
0
27362096918
24830753256
0
23826689866
0
27362096918
0
0
0
0
0
27362096918
26045726431
26160639291
0
0
26997773440
0
0
0
24908254088
24489366682
26045726431
0
27196004135
26997773440
0
0
0
26045726431
27362096918
27362096918
0
27196004135
26045726431
27196004135
0
20355404029
27196004135
0
0
25303187418
0
27362096918
0
27362096918
27362096918
27362096918
0
0
26045726431
0
0
0
0
0
0
0
0
27362096918
0
0
26045726431
0
0
0
0
0
0
27568768992
0
26030789854
0
26605068105
0
27196004135
0
0
0
26045726431
26045726431
0
0
27196004135
0
24751143962
27362096918
0
27196004135
26045726431
24042556493
27362096918
0
24489366682
20885785051
0
0
27362096918
0
0
0
27362096918
0
0
0
22796655482
26045726431
27362096918
26045726431
0
23197858735
25328237363
0
27362096918
0
27362096918
27568768992
0
0
26997773440
0
27196004135
27196004135
0
27362096918
27362096918
26045726431
0
27362096918
0
0
27362096918
0
27568768992
0
0
27362096918
0
27196004135
27196004135
26045726431
27362096918
0
0
0
0
0
0
0
0
0
0
24575633484
0
27362096918
27362096918
0
0
0
27196004135
0
27362096918
25208392061
26421917977
25955459251
26045726431
27110079554
27362096918
0
27362096918
27362096918
24830753256
0
0
0
26045726431
25284037508
0
27568768992
27362096918
0
0
24830753256
27196004135
0
0
26045726431
27196004135
0
0
24830753256
0
0
0
26045726431
0
0
0
26997773440
26997773440
0
0
26997773440
25516510365
0
0
0
27362096918
23717693249
27196004135
0
0
27362096918
27362096918
0
0
27362096918
26045726431
26045726431
0
0
26997773440
25511336630
24289975091
26997773440
27196004135
0
0
23729330690
27362096918
0
0
24489366682
0
0
0
0
27362096918
23835219625
26045726431
0
27196004135
26045726431
27362096918
0
24830753256
0
0
27196004135
0
26997773440
0
0
0
0
0
24830753256
0
26045726431
27362096918
27196004135
23807590040
26045726431
0
0
0
26045726431
26045726431
27362096918
27196004135
0
0
0
0
0
0
0
27196004135
27362096918
27196004135
0
24280554704
24781315730
24216696002
26045726431
27196004135
0
0
26045726431
0
26045726431
0
0
0
27362096918
0
26045726431
27362096918
26045726431
0
27362096918
0
0
0
0
26113960368
27362096918
27196004135
0
0
26045726431
27196004135
24577181431
0
26045726431
26045726431
26045726431
24221395058
25162530312
25170226677
0
27568768992
27568768992
0
0
0
0
26045726431
27362096918
0
25519032995
26290917363
0
0
26997773440
26997773440
0
0
0
26045726431
26045726431
0
0
0
0
27568768992
26421917977
0
23360621819
27196004135
27362096918
26045726431
26045726431
26290917363
25511336630
27362096918
0
23831371114
25014453028
0
0
27110079554
27568768992
0
0
0
25170226677
26045726431
0
0
0
27568768992
27110079554
0
0
0
0
26045726431
0
0
0
0
0
26997773440
27362096918
26045726431
0
0
0
0
27568768992
25632362814
24830753256
0
0
26997773440
26045726431
0
23311192941
24830753256
26997773440
27362096918
0
0
0
0
27362096918
27196004135
0
0
26997773440
0
0
26045726431
0
26290917363
0
27362096918
0
0
26997773440
0
0
0
0
27196004135
0
0
0
27110079554
0
0
25162530312
27196004135
27362096918
27362096918
0
27196004135
27196004135
25511336630
24577181431
0
0
26045726431
25511336630
27362096918
0
24830753256
27362096918
0
0
27362096918
0
0
27110079554
0
0
0
24830753256
0
0
26045726431
0
0
26045726431
0
0
0
24567867859
0
26997773440
26045726431
0
27362096918
0
0
0
0
26421917977
24274171144
26045726431
26997773440
0
24567867859
0
0
0
27196004135
27196004135
27568768992
26045726431
24830753256
0
0
25292889393
0
25516510365
0
0
27362096918
27362096918
0
0
25162530312
27362096918
0
0
0
26045726431
0
0
27568768992
0
26045726431
0
0
27196004135
24113454207
27362096918
0
27362096918
24113454207
26997773440
27362096918
0
25014453028
27362096918
0
0
24567867859
25179886399
27362096918
27196004135
26045726431
27362096918
25328237363
26997773440
26605068105
27362096918
0
0
24503422962
27110079554
26045726431
0
0
27362096918
0
0
0
0
26045726431
0
0
0
0
0
0
27568768992
27362096918
0
26290917363
25179886399
0
0
0
0
27362096918
0
27362096918
27362096918
0
27110079554
26045726431
0
27362096918
26045726431
26045726431
27196004135
0
0
26045726431
24614537697
27362096918
0
0
27362096918
27110079554
0
26045726431
26045726431
0
0
26997773440
27362096918
0
0
27362096918
24830753256
27568768992
0
0
0
27196004135
0
27362096918
26997773440
25516510365
0
0
0
0
23350171311
0
0
24489366682
25516510365
27196004135
25162530312
26045726431
23415993147
27568768992
26290917363
0
27362096918
23867383136
27196004135
0
27362096918
26045726431
0
0
27362096918
27362096918
0
0
0
25162530312
0
27196004135
26290917363
0
0
0
0
0
0
26045726431
0
27196004135
27362096918
27362096918
0
0
0
27196004135
0
0
26997773440
0
0
0
24830753256
27362096918
27362096918
24912190406
27362096918
0
27196004135
26045726431
0
24227057647
0
27110079554
0
27196004135
0
0
27196004135
27196004135
0
25162530312
22669902183
0
0
27362096918
0
26997773440
26045726431
26997773440
27196004135
0
27196004135
27196004135
0
27362096918
0
24489366682
0
0
0
0
0
0
27362096918
0
27196004135
0
0
0
26290917363
27362096918
0
0
0
0
27196004135
25208392061
26160639291
0
26045726431
0
0
0
27362096918
0
0
0
27362096918
0
26045726431
26290917363
0
26045726431
0
0
26045726431
0
0
0
0
26045726431
27196004135
26030789854
25162530312
0
0
26997773440
0
27196004135
24004725180
24567867859
0
0
0
24830753256
27362096918
0
0
0
27196004135
27110079554
27362096918
27362096918
25162530312
0
0
0
26045726431
26045726431
0
26045726431
0
0
0
27362096918
24830753256
0
27362096918
0
24781315730
25519032995
26997773440
0
0
27362096918
0
0
24503422962
0
0
0
26045726431
0
0
27362096918
26997773440
0
0
0
0
0
0
0
27362096918
26045726431
27362096918
0
0
0
0
26045726431
27362096918
0
0
27362096918
0
27196004135
0
26045726431
26997773440
26045726431
26045726431
0
0
26045726431
0
25328237363
0
26154585846
0
24286473061
27196004135
25802270896
25511336630
0
26045726431
0
26997773440
27362096918
26045726431
24233734914
0
25519032995
0
0
27196004135
0
0
26997773440
0
0
0
26045726431
0
26045726431
26045726431
0
27196004135
27196004135
22531210380
27196004135
0
26045726431
27362096918
26421917977
27362096918
0
0
27362096918
26997773440
0
25292889393
0
26045726431
26088731158
0
27196004135
0
27196004135
0
24830753256
0
0
26997773440
27362096918
26045726431
0
0
0
0
0
26997773440
27362096918
0
23197858735
27362096918
0
25014453028
0
0
27568768992
16918273555
27362096918
26997773440
0
22878522771
0
0
26045726431
24567867859
27362096918
0
0
24107712737
0
26997773440
24830753256
0
26045726431
0
0
26045726431
26045726431
0
0
0
0
0
27110079554
0
23091458292
0
0
0
0
26045726431
27110079554
0
0
25511336630
0
27362096918
24233734914
0
26045726431
26605068105
27362096918
24289975091
27362096918
0
0
26045726431
0
0
27196004135
0
0
27362096918
24154334268
27568768992
27196004135
24781315730
0
0
27196004135
27362096918
27362096918
0
0
0
0
0
27196004135
0
27362096918
27362096918
27362096918
0
27362096918
27362096918
27362096918
27362096918
0
27362096918
27362096918
27362096918
27362096918
0
0
0
27196004135
26045726431
27196004135
0
26290917363
26997773440
24233734914
27362096918
27110079554
27196004135
25284037508
27196004135
27362096918
0
0
0
0
0
27196004135
0
27196004135
27362096918
0
26045726431
27362096918
0
0
0
0
0
0
27362096918
0
0
27568768992
0
0
26045726431
27362096918
27196004135
0
0
26045726431
0
27110079554
26045726431
26045726431
22646806916
25292889393
0
0
0
0
0
26045726431
0
27362096918
0
26045726431
0
27362096918
0
0
27362096918
0
0
0
0
0
26997773440
27362096918
0
0
0
26030789854
0
27568768992
27362096918
0
24830753256
27196004135
0
0
26045726431
0
27362096918
24024312708
27196004135
27362096918
27196004135
27568768992
0
26045726431
25170226677
26997773440
0
0
0
0
24830753256
27196004135
0
0
27362096918
0
0
0
27362096918
0
0
27196004135
0
25162530312
27568768992
0
0
0
27196004135
0
0
0
0
27362096918
0
0
26045726431
25640999452
27362096918
25328237363
27196004135
0
25820751441
0
24064675107
0
0
24567867859
0
26045726431
0
26045726431
24830753256
0
0
0
23826689866
27196004135
27196004135
0
24993329138
26045726431
0
0
0
0
0
27568768992
0
0
0
0
26045726431
0
24830753256
0
0
0
25802270896
27362096918
24567867859
26997773440
0
23826689866
0
23842392335
0
0
27362096918
27362096918
0
27362096918
24567867859
0
0
27362096918
27362096918
0
0
27110079554
0
0
26290917363
26045726431
27196004135
0
27362096918
0
0
0
0
26997773440
27362096918
0
0
24221395058
0
0
0
26045726431
26290917363
0
0
0
25516510365
26045726431
0
26997773440
0
0
26045726431
27568768992
0
0
0
0
26045726431
0
0
25366424174
0
26035093440
26045726431
0
26045726431
0
0
0
0
24781315730
0
23467508338
27196004135
0
0
24830753256
0
0
0
0
0
27196004135
0
0
0
0
0
26045726431
0
0
0
0
26045726431
0
24709359089
27196004135
0
0
0
26045726431
0
27196004135
24577181431
26045726431
0
0
26088731158
27196004135
27362096918
0
0
26997773440
21915786714
24830753256
26997773440
0
0
26997773440
0
27568768992
0
27568768992
24830753256
26045726431
27568768992
0
26045726431
0
26045726431
0
0
0
0
0
27196004135
24489366682
0
27362096918
0
0
27196004135
0
26997773440
24781315730
22302051442
26997773440
25511336630
0
26605068105
24503422962
26045726431
27362096918
0
27362096918
0
0
27362096918
27196004135
26045726431
0
0
0
0
27196004135
27362096918
0
23125473537
0
0
26045726431
0
0
0
26045726431
22268158404
0
27196004135
0
26045726431
26045726431
26045726431
27110079554
27362096918
0
27196004135
0
27362096918
0
0
27362096918
0
26045726431
0
26045726431
27568768992
26045726431
26045726431
27362096918
27196004135
26997773440
0
0
0
24577181431
0
0
27362096918
0
26997773440
0
27196004135
26045726431
0
27196004135
26045726431
27196004135
0
27196004135
27362096918
27362096918
0
27362096918
26045726431
27196004135
27362096918
0
27362096918
0
0
23265267998
0
0
26045726431
0
0
0
0
0
0
26045726431
27196004135
26045726431
26045726431
0
23733570252
16630690562
27362096918
25179886399
26160639291
27362096918
0
0
24227057647
0
23415993147
27568768992
26045726431
27362096918
27196004135
0
24830753256
0
27568768992
0
0
25511336630
26045726431
0
0
0
0
27362096918
0
0
0
0
0
23800651679
0
0
0
27362096918
27196004135
0
0
27362096918
25328237363
24373183473
25511336630
0
27110079554
0
26045726431
26997773440
0
25511336630
0
27362096918
0
27362096918
0
26997773440
27362096918
27362096918
0
0
27362096918
25516510365
0
0
24489366682
27196004135
24024312708
27196004135
0
0
26045726431
0
26045726431
24489366682
0
27196004135
27362096918
0
27362096918
0
0
26045726431
0
0
26045726431
0
0
0
26421917977
26030789854
0
0
0
0
0
25170226677
26045726431
27110079554
0
0
0
0
0
27196004135
0
0
27196004135
0
25893389430
24781315730
25516510365
0
25511336630
0
27362096918
27362096918
0
0
27362096918
26045726431
22803877071
26045726431
0
0
0
23716122367
0
0
27568768992
24597617154
0
0
27196004135
27196004135
0
26045726431
0
27362096918
0
27196004135
24740141169
27196004135
27362096918
25516510365
25511336630
0
24472912844
0
24114195564
23770124587
0
0
0
27196004135
27196004135
27110079554
0
27362096918
26997773440
27110079554
0
27362096918
26045726431
25511336630
0
0
0
24315939750
27196004135
0
27196004135
0
0
0
27362096918
27196004135
23770927535
27362096918
27362096918
0
0
27196004135
26045726431
0
26045726431
0
24089102389
0
0
0
27362096918
0
0
27362096918
27362096918
0
0
0
24042556493
26045726431
0
27362096918
26045726431
26045726431
26997773440
0
26045726431
26997773440
23149519448
0
0
0
0
25511336630
25955459251
0
0
24781315730
27362096918
27362096918
26045726431
27196004135
27196004135
27196004135
27196004135
0
25802270896
0
0
27196004135
0
27362096918
24577181431
24567867859
0
27362096918
0
27196004135
27362096918
0
27196004135
0
25511336630
0
0
0
0
0
25802270896
26045726431
0
27362096918
27362096918
23191931320
0
26045726431
27196004135
0
0
0
27362096918
0
0
25516510365
0
27196004135
0
27196004135
27110079554
27196004135
27568768992
0
0
0
0
0
0
0
24830753256
0
0
27110079554
0
0
0
26045726431
0
0
26045726431
0
0
0
0
26045726431
0
0
0
0
26605068105
0
27196004135
24489366682
27196004135
27196004135
27362096918
27196004135
26045726431
26045726431
24577181431
27568768992
0
27196004135
26045726431
0
0
24446903359
0
27196004135
27196004135
27568768992
27196004135
26045726431
24567867859
25511336630
0
0
0
26045726431
0
0
0
27362096918
0
0
27196004135
27196004135
0
27362096918
25170226677
