6633450858
4344546743
4657899384
6834888429
5755610135
8812239489
8353203719
4957764083
5767139346
7512255062
3031344502
5198903898
4082565330
2385767542
5889623592
7506369726
6168222995
4919470935
5311331281
5384594791
7318621168
6611665520
4944574496
6052829541
7512255062
3919289651
4989863253
8501156737
3168240603
6040103548
5505477879
2851709308
4781664803
4442144062
6454920206
7517677085
3511975161
6410271416
7115069341
2198767800
4661934075
7072477069
8466496597
7997666900
1724977912
9723058138
4018738729
8172444982
6318907158
2880126216
1735752055
4180216938
7808565696
7347812830
2889723500
2333526298
5460613076
3260556933
4242855650
7644192496
4552535673
2029996224
5737975376
4943732766
11962810100
10048620795
3388316131
2250729188
5231741985
3986740328
8875281959
4391071197
2528495509
6327423354
5665286931
3668705497
5973240245
8371317891
1800725161
2009804838
7469841976
7201716393
3241342133
4879966453
2631902519
5942027173
4989863253
3392238627
4496114398
2150020879
6909721255
4163981945
2126816547
8474223014
2745281253
6965788202
5405317121
3213593474
2481143091
4441725503
2289846242
7048406679
4662009054
2853338295
7007521283
7341255431
3152705474
6397978643
6147395131
3666169816
2644433264
3404030218
4333981290
3076928908
5676497737
7535685392
7850661823
8183263623
1655938415
4776763535
7446982576
9154639558
7079708899
5900947084
11210744883
7365432559
3487304956
4538114268
2637310608
1750736799
3308575012
4435065544
1786997249
5821031089
8041867296
3152814988
3153050408
7652277539
2707788021
4686490398
9811507091
6047511112
4091514122
5742160119
8413141298
3499719583
4871210839
2230154039
1883859195
5918004833
4802783314
3993376471
4240219828
6468263469
3127771939
3562153480
7036875074
1353294038
4661934075
4450255739
1293208753
4304486952
1125795914
2871877902
5715421334
3227688336
3640433533
6707946278
5868225387
5702623850
6526204704
8927111516
5893990657
1819999202
7284203964
6246265778
8088839341
8362082710
1578928916
5001909888
3967110156
6647896501
3045210588
4973454281
6272283554
1518016307
2971628128
7098732861
2739284676
2948762022
1999461897
2882925312
2313888411
1727147827
1301912303
2629826079
8089311090
6232099861
2583738820
6525686418
6340048406
785262263
7265212464
1802585665
6032850442
3986740328
7863852816
3496506029
4763217141
3297710555
5840117635
12605108020
6908152135
6795183533
3760621471
4497812866
5420546404
9947961332
1454548977
5403432335
9606400812
2998377044
9847739569
1895191747
10142289571
10689459592
5379789003
5701627755
7600931720
8876477411
9445724728
10200010232
4706207514
6724393550
4492705483
5947546754
4203076236
8419738872
4747969658
6984136546
9006696464
5803557731
2415785019
7386429401
4689905157
5831305291
1773182563
8229688580
7254616616
7318621168
5645918091
9767599472
6583209913
11017341067
5357667135
8878216799
6382706184
5211778637
4042129515
2986904163
3675321354
4018738729
4936568597
6768600821
9947961332
8299486319
3302200375
3866358392
5058187199
8841031175
2532988168
6821728367
7745849188
4839831619
2694958411
5645918091
4342031658
8458501698
4616885569
4957764083
3515889736
6032850442
7905370920
8276855145
7293652978
1166007528
8172444982
4035265275
4577275275
1674513251
1400675955
8406169458
5061736404
6524235735
5942027173
5606878255
6812676145
4378583438
3639287096
5306994037
3730694548
7201716393
7242730363
5291352182
2138627956
3758882348
7221552832
4090547362
6243099936
3969023783
3762876356
3444037693
3693567284
9027670332
3774839159
4078445939
5721830273
6768946995
5280925843
8841031175
3600846670
6348199197
6105870030
4564710795
6069083424
4747558110
4606357238
4472814770
5284804443
8127750856
8431483999
7700621294
5851240508
4941468738
4322092932
7049814605
6158878257
4685520064
5362971296
3919289651
9769168592
5369628659
1937243350
3512035815
5171502893
8390470029
8276855145
11907685084
8567830386
7681469156
3307868916
3127774185
6456008905
4915381146
6330602461
3895310699
2431176327
6523661908
5661451489
5531557883
7454909670
7181346018
6560425981
10508930027
6724393550
2256602760
4851919957
5581389981
9543212160
7300243964
7401530230
4706207514
6077380208
10173143334
10718931448
1729118515
8812239489
5868225387
6397978643
8552421417
4518129692
6910823252
1592764486
8989561616
8195966691
4592962135
9321122356
4553440036
5480806034
4129099358
7146801402
8118969190
7114651377
3744302567
8596496741
4668967195
7754541199
4144593197
8489970646
3944689554
5046279912
3632480786
7660661531
7142110046
2716407965
7653667602
6543487084
5374988761
4933010845
866009523
5297654610
6808414120
8801713900
10279952371
6892430935
3153050408
2880126216
6678528922
3203760061
5030022012
3633562976
9226296988
5721830273
7150063371
7695497807
10650965746
2741117642
4082565330
5896748788
6984136546
2345006581
3371324339
6625859344
3152705474
1634835271
2408393999
6762955448
2730536015
7686967571
4278497379
5285472354
5637270654
4231748735
5554060919
8127662178
8822682831
2183939869
3738099866
4751371205
2524622350
1348778555
2125260012
4304228183
4378583438
3860269137
5460613076
8266216330
3738861513
4459687067
5013479268
6313027330
4197026446
2029996224
4337613678
8591351255
6448101380
8371317891
5689564030
6205097285
2077290781
3971865666
7152723133
8169758305
2639440609
5599738325
4122454115
8455647502
4244045802
6893375265
4322092932
7824220782
1738201761
3495728305
7436120087
7515231025
6239557996
962593978
1830724355
6651406696
6311720761
5144399605
2029996224
3637604299
5361950684
4471180378
8804339390
4924939545
6476089238
4348788679
3846358245
7988690773
2492235059
4143439745
7380642262
4055531299
3837366561
3392276654
2190747688
4706207514
4016296164
7836650137
7632949848
3025341392
6041505450
7708746522
4061285054
2086428585
3830472854
5720018950
3406094618
10365157635
7581414871
3700019936
8584686188
8089311090
4884458945
3134088586
2145119611
3182697568
6984136546
7225421342
3886068428
1486500740
4728297538
3604852935
6064502258
5362971296
3933418795
2611732120
1377529462
4544757770
7913704481
1829403530
11147838480
9008356083
3841063123
3748491291
5825126748
3612460558
2848436201
5060841696
4854142115
7051794722
8127750856
9365328648
10650965746
7774885630
2847480550
6893375265
3756448210
3363509399
2215330862
4040457190
2439852330
9499136836
10366281658
9373071785
3338876948
11493218985
10494696947
12079926517
3323503834
9103551819
3227688336
5845154038
3203935251
6911082985
4858169541
5142099460
10712309271
4416257250
2229776873
6180393008
1190322756
2516928672
5207771914
9184028185
3143782907
6911082985
6057576988
5953603782
12680150500
6162044664
4406180415
5574508266
3897649082
4104483884
4030359283
5340937477
6088396672
2190287560
9869839806
1108002191
4902438333
3232164199
7156211798
2548219362
9798130400
2418325164
6585435717
7391335836
5630315403
4432056400
2422229114
5719398499
6446121524
5988680566
3530536733
6977640055
7974052699
4936568597
5941702626
1768656763
1999461897
5232558322
10875738188
1874394298
5172744324
4783734676
4113291717
1717403711
4827407934
7268066999
2366805185
6491270711
5936027922
6662404499
8423057742
3960860311
6516770029
9253163886
6448101380
2841318251
8327069775
3802718809
4302148569
4034944979
3076928908
2047572084
3967046611
4114646733
1578928916
6678528922
8321408346
1472268652
8870222792
2346940637
8672607298
8190793326
3075268901
8696887852
4353958818
8596496741
7988690773
3490687222
9751185736
3607439656
3722831864
8050695487
3110998427
4927615149
3995520636
7323177578
5825335326
7887263252
2582332782
6159371436
6204827650
2716407965
5633912214
5221408823
7499462871
8705815062
5986522073
6992536539
7504453708
8792859851
6038494981
5144399605
2739284676
7129811898
5221408823
7333813133
4201545914
5265565811
5507465539
5051584073
6724393550
2042670774
3482660122
2888676826
4601008337
7138707715
1842015922
5489775286
3994356598
6364357840
4089734247
8253052561
5838238278
4149608715
9657487933
1983609421
6427091108
1897705102
3152022174
2984831694
4217905066
3932396936
4030359283
5936584384
1669485216
5630315403
4182539747
1162732584
3024469675
7054045336
5697967901
3722831864
12605108020
3328950712
6233603470
2730536015
2242957703
1733362652
6816520991
4136329627
10651214351
5755610135
4884458945
4698887376
6048860403
3307868916
7660661531
6526204704
8961723248
6458259519
4350715789
7203231154
8509490298
4965539128
11168917028
3810074528
2300364466
5397852559
11254820207
2917775549
4745704643
5125601279
7681469156
2939491635
5369628659
6984136546
7512255062
6524235735
3979255799
6554949503
8851225569
5900947084
1591661673
4012297895
2751303098
9100707464
5714510645
5593475522
5292711650
3627653037
3167878412
8118969190
4459327792
3203760061
7597183052
10278093372
8479430900
4393952553
11865178880
10200010232
2910758637
6507047262
7151769676
5973240245
4146325853
3500147457
2516170538
2817296114
3927468935
3639287096
4702197775
2228803667
7991106176
4756794422
7167077786
1761793345
3177575855
4744539601
4074269063
3531332435
5230322991
4237226565
4943732766
3634132222
1729516967
3760621471
7096720997
1604595976
3209037643
4205003346
6406872262
3353230380
7554643715
7395869322
7041907341
2876624001
4974129316
3648133197
1415496774
3483891335
9673171044
8139788383
7251844918
2505814613
2679848575
4235028669
8131471209
4415871107
2972839083
5203935465
3859235811
2265271033
3499940314
