0
28195680462
26305312703
0
26423270482
27701690269
28248244634
25860552334
28326332022
0
27701690269
27587333311
0
27701690269
28953535245
0
28451430212
27701690269
29033688391
0
29033688391
27323756472
0
27701690269
29033688391
28451430212
27304140270
0
0
0
27701690269
0
0
0
0
28953535245
27180986934
0
27701690269
27701690269
27701690269
27584533784
0
0
27701690269
29033688391
0
29033688391
27701690269
26454695736
0
29033688391
27558969612
27180986934
28451430212
0
27701690269
0
27701690269
29033688391
0
24692630977
26478010651
0
28132803487
29033688391
29033688391
29033688391
29033688391
24082693412
26874258827
0
0
0
0
0
29033688391
0
0
26639639301
0
0
0
27180986934
0
0
29033688391
28451430212
28326332022
0
0
0
27701690269
0
0
0
0
0
29033688391
0
0
0
0
27701690269
27701690269
0
29033688391
28326332022
0
0
0
26479185652
0
27587333311
29033688391
28953535245
0
27701690269
0
0
26479185652
25025421774
0
27323756472
28248244634
28451430212
29033688391
27558969612
27304140270
27701690269
27587333311
28953535245
0
0
28326332022
0
23878300133
28326332022
0
28451430212
27584533784
0
26947667702
0
0
26496706860
0
0
27701690269
28451430212
0
0
29033688391
27387926200
27701690269
0
28451430212
29033688391
0
27584533784
27701690269
27584533784
0
28326332022
27387926200
27701690269
27387926200
29033688391
29033688391
27306872808
0
29033688391
0
0
27701690269
28451430212
27701690269
27701690269
28326332022
0
28451430212
0
0
0
29033688391
0
27180986934
27701690269
26729332843
0
0
26724833683
0
0
0
0
0
29033688391
0
0
0
0
28451430212
26227016548
0
27584533784
27584533784
0
27584533784
27701690269
28168091488
27701690269
27701690269
24837009645
27701690269
0
27701690269
25567210340
27701690269
29033688391
0
0
28132803487
29033688391
26874258827
0
0
0
28326332022
0
27701690269
27930464930
0
0
0
27584533784
0
28326332022
0
0
27306872808
28326332022
0
25625115053
26878621629
29033688391
29033688391
0
29033688391
0
28953535245
0
28326332022
0
26479185652
28953535245
0
0
26567200252
0
27701690269
0
27306872808
0
26457840204
0
0
28953535245
0
26720918634
26683403699
0
26479185652
27701690269
27701690269
27701690269
0
0
0
29033688391
0
0
0
27587333311
27701690269
27584533784
0
0
0
27701690269
27701690269
29033688391
24400465716
0
0
0
0
0
0
0
26454695736
0
26520571686
0
26199873004
27701690269
0
0
0
0
0
0
0
27701690269
0
26726802816
29033688391
0
0
24006956905
27701690269
25993581561
0
28451430212
0
27701690269
25270041993
0
0
0
0
27701690269
0
27701690269
0
25240535970
27701690269
29033688391
27323756472
0
29033688391
29033688391
0
28451430212
28451430212
0
25412284265
0
0
0
27584533784
0
0
0
26413412306
0
28326332022
0
27587333311
27611073920
0
27587333311
0
28451430212
0
27701690269
0
0
29033688391
27701690269
0
24148323528
29033688391
26878621629
27701690269
0
0
27584533784
26833136002
26481702822
28451430212
26454695736
27304140270
27701690269
0
0
28168091488
0
27701690269
27180986934
29033688391
0
28953535245
0
0
24912407725
27701690269
29033688391
29033688391
27701690269
0
0
27584533784
23328252942
28326332022
27701690269
27701690269
24875372308
0
0
27701690269
0
0
0
27261809816
0
28953535245
0
29033688391
0
29033688391
27701690269
0
28451430212
28451430212
0
29033688391
26598568683
27558969612
24998834153
27558969612
26947667702
27584533784
0
27701690269
0
29033688391
28326332022
29033688391
0
28451430212
0
27584533784
0
28953535245
28953535245
0
0
0
27701690269
27584533784
29033688391
0
0
0
26710598759
0
29033688391
26947667702
27701690269
0
27701690269
28451430212
0
28953535245
26947667702
0
0
0
29033688391
29033688391
28195680462
27701690269
0
27306872808
0
28451430212
0
29033688391
0
0
0
27701690269
27584533784
0
0
28953535245
26479185652
0
0
0
0
27701690269
27978997552
0
28953535245
0
26560670133
0
0
29033688391
0
0
27387926200
0
0
27701690269
0
27197814893
26109180106
0
0
29033688391
0
0
27587333311
27701690269
28451430212
0
0
27701690269
28953535245
28248244634
0
0
27387695690
0
29033688391
0
0
28326332022
29033688391
0
0
0
0
0
28195680462
28326332022
26598568683
0
0
29033688391
0
25560026578
0
0
29033688391
27701690269
27701690269
27701690269
0
0
0
28451430212
27587333311
24617899098
0
0
29033688391
26878621629
27304140270
0
27701690269
27701690269
0
0
0
0
27587333311
0
0
0
28132803487
29033688391
0
27306872808
0
0
27180986934
0
29033688391
0
0
0
0
28195680462
0
27584533784
0
0
28953535245
0
27587333311
28326332022
0
29033688391
0
28953535245
29033688391
28451430212
28451430212
27587333311
0
0
0
0
0
0
0
0
27701690269
0
28326332022
0
29033688391
0
0
27701690269
27701690269
0
0
28451430212
27701690269
26878621629
27701690269
0
0
27701690269
26457840204
27584533784
27701690269
29033688391
0
0
0
0
0
29033688391
27558969612
0
27701690269
29033688391
0
27701690269
0
0
0
0
28451430212
28451430212
0
0
29033688391
0
0
0
0
0
0
0
28953535245
0
25416330801
0
27701690269
28451430212
0
0
28953535245
0
27701690269
0
27584533784
0
0
26720918634
27089774054
0
0
0
0
28132803487
29033688391
0
26479185652
0
26724815694
29033688391
27701690269
26567200252
29033688391
0
0
0
0
27665986455
29033688391
23414045162
25641495603
25520419614
0
28326332022
0
0
29033688391
27701690269
0
27701690269
27701690269
29033688391
27584533784
26454695736
28953535245
0
0
0
27701690269
0
27701690269
29033688391
0
0
29033688391
27587333311
0
28039524918
0
0
0
0
29033688391
0
0
0
0
0
0
0
25701393886
0
0
0
27701690269
27701690269
27587333311
0
0
0
0
27701690269
0
29033688391
0
0
28132803487
29033688391
0
0
0
27701690269
29033688391
0
0
0
0
0
29033688391
27701690269
0
29033688391
0
27323756472
28326332022
0
26720918634
27701690269
0
0
27701690269
0
0
27701690269
0
29033688391
0
26895413746
0
29033688391
26683403699
0
0
27584533784
27323756472
29033688391
28195680462
0
29033688391
27701690269
28195680462
27261809816
0
0
28132803487
27701690269
26724833683
0
29033688391
29033688391
0
28326332022
0
0
27587333311
0
0
0
28953535245
0
28451430212
26227016548
28132803487
27584533784
27701690269
27701690269
0
27701690269
0
0
27584533784
0
0
0
26457840204
0
0
0
0
29033688391
0
0
29033688391
28953535245
28451430212
0
27335946183
29033688391
0
0
28451430212
27306872808
0
25135946563
0
0
27587333311
0
0
27584533784
0
0
0
0
0
27701690269
27180986934
0
0
28326332022
26874258827
0
27978997552
27701690269
0
27180986934
0
27306872808
28451430212
0
28195680462
29033688391
0
0
29033688391
24912407725
0
0
27744421831
0
0
0
24626126082
0
26720918634
0
29033688391
29033688391
0
28451430212
0
0
28195680462
29033688391
29033688391
27189400684
27584533784
29033688391
28451430212
0
0
0
0
27587333311
29033688391
0
0
27323756472
29033688391
29033688391
24943926517
0
0
28451430212
25941036594
0
27701690269
27109798486
28451430212
0
27387926200
27701690269
0
27701690269
29033688391
0
0
0
29033688391
27584533784
28326332022
28451430212
25413635518
27587333311
0
28195680462
27261809816
0
0
0
0
28451430212
29033688391
0
27306872808
29033688391
0
27701690269
0
27584533784
0
0
27306872808
0
0
0
0
0
27584533784
0
27701690269
27701690269
0
27587333311
0
0
0
26239521176
24879079775
0
0
27701690269
0
22481017432
0
0
27701690269
0
0
28451430212
27584533784
28039524918
27850311784
0
0
29033688391
0
27587333311
0
0
0
0
28326332022
0
0
0
0
26710598759
0
0
28451430212
27584533784
26991694473
25560026578
29033688391
0
0
0
29033688391
27229708597
27587333311
29033688391
0
0
29033688391
0
28451430212
0
0
0
29033688391
28132803487
0
0
27701690269
0
28326332022
0
27701690269
26236975318
0
25651408417
28451430212
0
0
0
0
0
0
23498637489
0
0
0
27584533784
0
0
27701690269
0
0
25270041993
0
0
28326332022
0
27701690269
0
28451430212
0
0
0
0
0
0
29033688391
26976950007
0
0
26014587200
26227016548
27109798486
0
0
0
29033688391
0
0
27701690269
0
28195680462
0
29033688391
29033688391
0
27587333311
0
0
29033688391
26478010651
0
26457840204
0
0
0
28451430212
0
0
0
0
0
0
0
0
0
0
29033688391
27701690269
27701690269
28953535245
29033688391
0
26413412306
27587333311
0
0
28451430212
28195680462
28326332022
0
29033688391
0
0
0
28953535245
28326332022
0
0
0
0
0
0
0
0
28451430212
0
0
0
0
26457840204
26729332843
27387695690
27701690269
28451430212
0
28451430212
0
27701690269
0
28451430212
0
0
27701690269
0
27089774054
0
0
0
27701690269
0
28326332022
0
0
0
0
0
0
28451430212
0
27701690269
0
0
28326332022
0
0
26683403699
0
0
27587333311
28326332022
0
0
0
29033688391
27611073920
27323756472
27335946183
0
29033688391
27306872808
29033688391
0
0
29033688391
29033688391
27180986934
0
0
0
0
0
29033688391
27584533784
27701690269
0
0
26976950007
0
28132803487
29033688391
27701690269
29033688391
24256929062
0
0
27701690269
0
0
26457840204
0
29033688391
0
29033688391
0
28326332022
0
0
29033688391
0
27701690269
0
26947667702
29033688391
28039524918
29033688391
0
0
0
28326332022
0
27701690269
0
0
0
0
0
27306872808
27701690269
0
0
29033688391
0
27701690269
0
29033688391
0
27701690269
28195680462
0
0
0
29033688391
27587333311
29033688391
0
29033688391
0
29033688391
0
27701690269
27701690269
29033688391
0
0
29033688391
0
0
27587333311
0
0
27584533784
0
0
27701690269
26012315645
27701690269
0
27701690269
0
26012315645
27701690269
0
27701690269
28451430212
0
0
0
27701690269
26567200252
0
0
0
0
0
0
0
29033688391
27701690269
0
0
0
0
0
0
0
0
28451430212
29033688391
25141419268
27584533784
0
27701690269
0
27701690269
29033688391
0
0
27584533784
28132803487
28451430212
28326332022
0
0
29033688391
0
0
27665986455
0
0
28451430212
0
26496706860
0
0
26702184550
0
29033688391
0
0
0
28953535245
28953535245
29033688391
26478010651
28953535245
27701690269
0
0
27701690269
0
27306872808
27701690269
0
0
0
29033688391
27701690269
0
0
0
28326332022
28953535245
26496706860
27701690269
0
0
27701690269
27306872808
0
29033688391
0
27701690269
0
0
0
26947667702
0
27584533784
0
0
29033688391
27701690269
0
27701690269
0
0
0
0
0
0
27701690269
0
28451430212
0
0
28451430212
27587333311
27701690269
0
0
0
0
0
0
0
0
28451430212
27584533784
0
0
25169034057
28132803487
0
0
29033688391
29033688391
26413412306
0
26227016548
0
0
0
0
27701690269
23122292697
0
29033688391
27180986934
0
28953535245
28132803487
0
27701690269
0
0
29033688391
0
27701690269
28953535245
0
0
28451430212
0
0
28451430212
27587333311
0
27701690269
0
0
0
27701690269
27701690269
0
0
27701690269
29033688391
29033688391
27584533784
27180986934
28451430212
0
25649219778
26660310824
0
29033688391
27180986934
0
27558969612
27197814893
0
0
27701690269
0
27335946183
27180986934
29033688391
27587333311
0
27587333311
0
27701690269
28953535245
0
0
0
28451430212
27701690269
29033688391
0
28326332022
27089774054
0
0
27701690269
27701690269
0
27584533784
0
0
0
0
0
28451430212
27701690269
0
0
27701690269
0
0
0
0
0
0
0
0
27584533784
0
0
0
0
27335946183
28195680462
27701690269
24837009645
27701690269
0
28451430212
27701690269
0
29033688391
29033688391
0
0
19911885366
27180986934
0
0
0
29033688391
0
27701690269
0
27701690269
0
0
25785230874
29033688391
0
0
0
17917155423
0
0
27306872808
0
0
27584533784
0
29033688391
29033688391
27584533784
27701690269
0
0
25528116564
0
28326332022
28451430212
26724833683
0
27701690269
27584533784
0
0
0
0
27701690269
26079333280
27701690269
28953535245
0
24257830565
26148662630
27701690269
27701690269
28451430212
28326332022
0
27701690269
29033688391
27584533784
0
27584533784
0
25275173907
27584533784
28451430212
29033688391
0
28195680462
0
0
29033688391
0
27109798486
0
26479185652
27701690269
0
26724815694
28195680462
27978997552
26726802816
0
27701690269
27587333311
26683403699
0
27701690269
29033688391
0
28451430212
28953535245
27701690269
26305312703
28248244634
27701690269
0
28326332022
28451430212
29033688391
0
28248244634
27701690269
26935986108
0
0
28132803487
0
0
0
27978997552
0
0
29033688391
0
0
0
27701690269
27701690269
27701690269
0
27587333311
0
0
0
29033688391
0
27584533784
0
27701690269
29033688391
0
0
0
27701690269
27701690269
0
0
0
0
0
0
27701690269
28451430212
28195680462
0
27558969612
0
25933140037
27701690269
27701690269
28326332022
27304140270
0
0
27587333311
29033688391
29033688391
0
0
29033688391
0
25061484915
27701690269
0
0
28451430212
29033688391
0
0
27584533784
0
29033688391
0
27701690269
29033688391
0
26457840204
0
0
26947667702
27701690269
27701690269
25990695077
24665248047
0
0
0
0
28451430212
27701690269
27701690269
27587333311
0
27387926200
0
0
0
0
0
27584533784
27701690269
0
0
27323756472
29033688391
27701690269
0
27611073920
27978997552
0
27584533784
29033688391
0
0
0
28451430212
28132803487
0
0
0
28195680462
27701690269
0
27089774054
27701690269
29033688391
27306872808
0
0
26479185652
28248244634
23110310758
27701690269
0
28451430212
0
0
0
0
0
0
27584533784
27701690269
0
27180986934
29033688391
28953535245
0
27180986934
29033688391
0
24609339597
27189400684
0
27701690269
29033688391
27306872808
0
26729332843
29033688391
28326332022
0
27180986934
28953535245
27261809816
27587333311
29033688391
29033688391
24240340559
25040904690
29033688391
22751532290
29033688391
27387926200
28451430212
0
24102195039
27306872808
28451430212
0
0
0
29033688391
0
0
0
0
0
0
28326332022
29033688391
29033688391
0
0
0
29033688391
0
0
26947667702
0
0
27701690269
28953535245
27587333311
27584533784
0
29033688391
27584533784
26227016548
28953535245
28132803487
0
0
27665986455
0
25192463125
0
27701690269
0
27701690269
27584533784
0
0
28451430212
0
27701690269
0
29033688391
0
29033688391
27701690269
0
0
0
0
28326332022
26729332843
0
0
0
27701690269
0
27587333311
0
0
27701690269
0
28326332022
0
25319245734
27701690269
0
29033688391
0
0
0
27701690269
0
0
27197814893
0
0
0
27387926200
27584533784
24692630977
28326332022
0
0
28195680462
27701690269
26200652762
28451430212
28326332022
27701690269
27701690269
27306872808
0
28451430212
27979015541
0
27587333311
29033688391
28326332022
0
0
29033688391
0
27701690269
27197814893
0
0
29033688391
28326332022
0
0
0
0
0
29033688391
0
29033688391
29033688391
0
24441851376
27701690269
0
0
0
28326332022
0
26947667702
27558969612
28953535245
0
0
27335946183
29033688391
0
26726802816
28953535245
29033688391
0
29033688391
29033688391
0
0
0
28451430212
27701690269
27584533784
26724833683
0
27701690269
27930464930
0
29033688391
0
0
27701690269
29033688391
0
0
28451430212
0
25434663391
0
0
0
0
0
0
27701690269
0
29033688391
27584533784
0
29033688391
0
0
0
28326332022
0
0
28953535245
0
0
27387926200
29033688391
0
28451430212
28451430212
0
0
0
0
0
0
0
27701690269
0
26496706860
0
26947667702
0
26457840204
0
29033688391
29033688391
0
29033688391
0
27701690269
26916269951
0
0
27701690269
0
0
27306872808
27587333311
27701690269
0
0
29033688391
0
25840372605
0
28451430212
0
27584533784
0
29033688391
0
28195680462
27701690269
26935986108
0
27323756472
0
0
0
0
29033688391
0
29033688391
27323756472
0
0
0
27587333311
27701690269
26729332843
0
29033688391
27701690269
0
0
29033688391
28195680462
29033688391
0
0
27584533784
0
0
0
28451430212
26305312703
27701690269
27180986934
26947667702
27584533784
27701690269
28451430212
26702184550
0
0
29033688391
27701690269
26479185652
0
28451430212
27701690269
0
27701690269
26724815694
28953535245
0
29033688391
0
0
0
0
29033688391
27584533784
0
0
26878621629
0
0
0
28168091488
0
0
26683403699
29033688391
0
0
0
29033688391
28326332022
27701690269
0
25560026578
27306872808
29033688391
0
27109798486
0
27701690269
28953535245
0
27701690269
0
0
0
0
0
0
26260116011
28195680462
0
27978997552
29033688391
25828414327
0
27701690269
29033688391
0
26227016548
0
0
27584533784
27850311784
0
28451430212
29033688391
27701690269
28132803487
28195680462
0
0
28326332022
0
27701690269
0
0
28451430212
27701690269
25700683627
0
0
26479185652
0
0
0
0
0
0
0
29033688391
0
0
0
0
0
0
0
29033688391
29033688391
0
0
28953535245
29033688391
0
0
0
26874258827
0
28451430212
28451430212
27701690269
27323756472
0
27558969612
26479185652
0
0
27584533784
0
0
0
0
0
20622201939
0
28326332022
27584533784
0
28451430212
27701690269
0
0
27701690269
27701690269
0
0
0
27584533784
24760930793
0
29033688391
25607921139
0
29033688391
27701690269
27701690269
28451430212
0
0
29033688391
28451430212
25380670339
28168091488
28451430212
0
0
29033688391
29033688391
0
29033688391
0
0
29033688391
0
29033688391
0
29033688391
27701690269
0
28451430212
0
0
26479185652
28195680462
0
26310405525
27701690269
29033688391
27701690269
27701690269
0
0
28326332022
0
0
0
29033688391
0
0
27701690269
27701690269
0
0
27701690269
27701690269
27701690269
0
27587333311
0
27584533784
0
22257285631
0
27701690269
27387926200
27701690269
0
27701690269
0
27701690269
0
26227016548
0
0
27089774054
0
27701690269
0
26639639301
0
0
0
29033688391
27701690269
0
29033688391
27584533784
0
0
0
24787718894
28326332022
29033688391
27701690269
26683403699
27850311784
0
0
29033688391
28326332022
0
0
29033688391
27850311784
27701690269
0
27323756472
0
27701690269
27701690269
0
0
28326332022
27701690269
0
0
0
0
29033688391
28132803487
0
0
0
0
0
27701690269
26729332843
0
0
0
0
26457840204
27701690269
26457840204
0
26479185652
29033688391
0
0
0
29033688391
29033688391
0
28451430212
27304140270
0
27584533784
27584533784
0
0
0
27180986934
28451430212
0
0
29033688391
27387926200
0
0
27584533784
0
0
25051471260
0
0
27701690269
28132803487
29033688391
0
0
26947667702
25893568279
0
0
0
0
29033688391
0
0
27197814893
28953535245
0
0
27587333311
28451430212
0
0
29033688391
0
29033688391
28248244634
0
0
0
0
29033688391
0
29033688391
27387926200
29033688391
0
28953535245
27584533784
28326332022
28248244634
26720918634
27387926200
27701690269
0
27701690269
29033688391
28953535245
0
0
0
0
28451430212
27587333311
23470461510
28195680462
0
0
27701690269
28326332022
26236975318
0
27701690269
0
29033688391
0
0
27584533784
0
0
0
27584533784
26683403699
0
27584533784
0
0
26457840204
0
0
27701690269
27387926200
0
27587333311
27701690269
28953535245
0
27665986455
28953535245
27701690269
0
27701690269
0
27701690269
27701690269
27701690269
0
0
27701690269
29033688391
26227016548
0
29033688391
0
23006353759
29033688391
27701690269
0
27701690269
0
0
25986721125
0
27701690269
0
27701690269
26227016548
0
27701690269
29033688391
29033688391
0
0
27587333311
0
28132803487
0
28953535245
29033688391
27701690269
0
29033688391
0
27701690269
29033688391
27930464930
0
29033688391
0
27701690269
27584533784
0
0
27180986934
0
29033688391
29033688391
0
25230999303
0
0
0
0
0
27701690269
27180986934
28326332022
29033688391
29033688391
29033688391
0
0
25169034057
0
0
27701690269
26729332843
0
26567200252
29033688391
23110749290
27558969612
27701690269
0
0
27587333311
0
26469596442
29033688391
29033688391
0
0
27335946183
0
0
0
28248244634
27701690269
0
27978997552
0
0
27701690269
27701690269
0
0
0
26413394317
0
26724833683
29033688391
27587333311
29033688391
28451430212
29033688391
28953535245
0
29033688391
27701690269
0
27701690269
28039524918
27701690269
0
0
0
0
26479185652
0
0
25919708508
29033688391
25607921139
0
0
0
0
0
0
27701690269
0
0
0
28451430212
0
0
28451430212
29033688391
0
27701690269
29033688391
0
29033688391
0
0
29033688391
26417871676
0
0
0
0
28326332022
0
0
0
0
0
27584533784
0
28132803487
26457840204
0
29033688391
0
0
0
21467230984
0
0
0
0
27587333311
27109798486
0
0
0
28451430212
0
29033688391
0
27701690269
0
0
27584533784
29033688391
27701690269
0
0
0
0
27584533784
0
26976950007
29033688391
27701690269
0
0
0
0
28326332022
25993581561
27180986934
0
28451430212
28451430212
0
27701690269
27701690269
0
0
0
0
0
0
26479185652
0
0
27587333311
27584533784
0
0
0
0
0
29033688391
27850311784
0
27180986934
0
27701690269
0
0
25840372605
27701690269
27701690269
0
29033688391
0
0
27701690269
27701690269
0
0
26916269951
0
27323756472
28953535245
0
27323756472
0
28451430212
0
0
0
0
28451430212
28451430212
0
0
26947667702
0
27584533784
29033688391
0
27701690269
28451430212
29033688391
26479185652
0
0
0
0
26479185652
28451430212
29033688391
27701690269
0
27387926200
0
28326332022
26413394317
29033688391
27701690269
27584533784
28326332022
0
27701690269
0
29033688391
29033688391
0
0
0
29033688391
0
26227016548
27701690269
26729332843
27701690269
29033688391
27701690269
28451430212
29033688391
0
29033688391
27701690269
0
0
29033688391
27701690269
0
29033688391
0
0
29033688391
0
0
0
29033688391
27587333311
29033688391
0
29033688391
0
0
28451430212
0
0
0
27701690269
28451430212
0
0
0
0
29033688391
0
26895413746
0
27323756472
0
26724833683
0
27584533784
0
0
0
29033688391
29033688391
25520419614
26976950007
0
0
0
27089774054
26478010651
26496706860
0
29033688391
0
0
0
0
0
0
29033688391
0
28195680462
0
26227016548
0
27701690269
0
27306872808
29033688391
29033688391
0
0
27930464930
27665986455
27323756472
0
27701690269
0
26660310824
29033688391
0
0
29033688391
27306872808
0
0
0
29033688391
0
29033688391
29033688391
0
0
27701690269
28132803487
0
29033688391
27587333311
28248244634
0
26454695736
28451430212
27701690269
0
0
0
28953535245
0
27701690269
0
28039524918
0
26710598759
27323756472
27701690269
0
27587333311
0
0
28953535245
0
0
0
29033688391
0
0
29033688391
0
0
0
28451430212
25993581561
28195680462
0
0
29033688391
29033688391
0
27701690269
27323756472
0
0
29033688391
27587333311
0
27587333311
24210027632
27701690269
27701690269
0
0
0
0
0
27701690269
27584533784
0
0
28451430212
0
0
0
0
27701690269
29033688391
27701690269
28326332022
0
29033688391
27701690269
0
28953535245
28953535245
28248244634
0
0
0
29033688391
28451430212
0
0
27701690269
24935179689
0
0
0
28195680462
27701690269
0
0
28451430212
28451430212
0
0
27323756472
0
27387926200
27306872808
27197814893
0
27701690269
0
0
0
27701690269
27584533784
0
27701690269
0
0
0
0
0
29033688391
0
29033688391
29033688391
29033688391
0
0
29033688391
27304140270
27180986934
27701690269
28451430212
0
28326332022
0
0
0
0
0
27665986455
29033688391
0
0
26702184550
29033688391
0
0
0
0
0
26567200252
27701690269
0
0
0
0
0
27701690269
0
27701690269
27701690269
27587333311
28132803487
0
27701690269
28195680462
0
27587333311
0
29033688391
27701690269
0
0
0
28953535245
27180986934
0
0
0
0
0
0
27701690269
29033688391
27584533784
24240340559
28953535245
28326332022
0
28451430212
0
0
0
26895413746
29033688391
0
0
24006956905
0
0
0
27701690269
27701690269
28195680462
0
27261809816
0
0
27584533784
28326332022
0
0
29033688391
29033688391
26710598759
29033688391
0
26227016548
0
0
0
29033688391
29033688391
0
0
28451430212
27701690269
27261809816
0
27584533784
0
27584533784
0
27335946183
27306872808
26683403699
0
27701690269
0
28326332022
0
27701690269
0
29033688391
25828414327
0
27930464930
0
29033688391
23494958527
0
0
27701690269
29033688391
0
29033688391
28195680462
0
29033688391
0
27701690269
0
0
29033688391
29033688391
0
29033688391
0
25051471260
0
27701690269
0
28953535245
28451430212
27180986934
26726802816
28326332022
29033688391
0
29033688391
26227016548
0
0
26417871676
0
29033688391
0
0
27295982325
27701690269
0
28326332022
26217192722
17763248618
0
0
26895413746
27701690269
0
28451430212
0
0
26479185652
0
0
27701690269
28451430212
28451430212
0
27701690269
27701690269
0
26479185652
0
0
26720918634
28195680462
0
27584533784
29033688391
28195680462
27701690269
0
0
0
0
29033688391
0
0
28195680462
0
29033688391
29033688391
0
0
26479185652
0
29033688391
0
29033688391
0
0
0
27584533784
0
25701393886
29033688391
0
0
0
29033688391
0
0
28248244634
27701690269
27701690269
0
28132803487
0
29033688391
27701690269
0
0
26935968119
0
27180986934
26479185652
27930464930
0
0
0
0
27701690269
0
0
28451430212
0
27701690269
0
0
24415727191
26639639301
26947667702
27701690269
0
0
0
29033688391
0
27701690269
0
29033688391
0
26729332843
0
27587333311
29033688391
29033688391
0
27930464930
0
29033688391
0
0
29033688391
29033688391
24912407725
27701690269
0
0
0
0
27701690269
27701690269
27180986934
27701690269
29033688391
0
0
24601049373
0
29033688391
0
0
0
0
28248244634
0
27584533784
0
0
29033688391
0
0
26012315645
27584533784
27584533784
0
0
0
0
27701690269
22102980403
0
26457840204
27701690269
0
0
29033688391
0
29033688391
0
0
27665986455
29033688391
0
29033688391
28248244634
0
0
28953535245
0
28132803487
0
28451430212
0
0
28326332022
28451430212
0
0
0
0
26457840204
28953535245
29033688391
27701690269
27618579759
27701690269
0
0
0
0
0
0
27306872808
27587333311
0
28451430212
0
0
0
0
28953535245
27701690269
28326332022
27109798486
27587333311
27587333311
29033688391
0
0
28451430212
27584533784
29033688391
0
0
0
0
26639639301
0
27584533784
0
0
28451430212
27587333311
0
29033688391
0
28953535245
0
26457840204
0
27701690269
28132803487
0
29033688391
26560670133
0
0
0
28451430212
27701690269
0
27323756472
0
29033688391
27701690269
26227016548
0
26454695736
0
0
0
0
0
27701690269
27558969612
29033688391
27584533784
27701690269
0
27701690269
0
0
0
0
27584533784
24837009645
29033688391
27701690269
27701690269
26479185652
0
27587333311
26479185652
27701690269
28132803487
0
27304140270
0
0
27701690269
0
0
29033688391
27701690269
0
27335946183
0
28953535245
27304140270
27109798486
0
27701690269
0
0
0
29033688391
27701690269
27701690269
27584533784
0
27665986455
0
0
27304140270
27089774054
0
0
0
29033688391
27109798486
27701690269
29033688391
29033688391
0
0
0
26878621629
27701690269
0
0
0
27180986934
0
24927112824
0
27701690269
0
29033688391
27387695690
0
0
0
27701690269
0
0
0
0
0
0
28195680462
27558969612
0
28326332022
27109798486
26236975318
28953535245
29033688391
27701690269
0
26947667702
0
0
0
0
0
27701690269
0
29033688391
0
0
27587333311
28326332022
0
0
26959583631
0
27180986934
27584533784
0
0
0
26947667702
29033688391
26710598759
0
0
29033688391
0
0
27584533784
0
27261809816
0
27701690269
29033688391
28953535245
27701690269
29033688391
29033688391
28195680462
26417871676
29033688391
27701690269
27387926200
28326332022
0
0
0
26634069759
0
0
0
28326332022
0
0
27584533784
28451430212
29033688391
27306872808
27587333311
0
0
27701690269
24335368904
28451430212
0
27306872808
27387926200
0
0
0
29033688391
0
28326332022
0
27701690269
0
29033688391
29033688391
0
0
29033688391
27701690269
29033688391
28326332022
0
27701690269
29033688391
0
0
29033688391
28451430212
27701690269
0
0
29033688391
26639639301
29033688391
27558969612
0
27701690269
0
0
0
23703863988
0
0
0
27701690269
0
29033688391
0
0
0
29033688391
27089774054
27584533784
0
26567200252
0
29033688391
28451430212
27180986934
0
29033688391
28195680462
0
26413394317
28248244634
25656288981
28326332022
0
0
28326332022
0
26639639301
0
0
28248244634
0
0
26947667702
0
27701690269
0
26479185652
28039524918
0
27701690269
26567200252
0
0
0
0
27701690269
0
0
27701690269
26479185652
28953535245
0
27587333311
0
29033688391
27180986934
0
27744421831
26683403699
27587333311
0
0
27306872808
0
27701690269
24240340559
28451430212
29033688391
0
0
0
27180986934
26560670133
0
29033688391
27180986934
0
0
28451430212
28953535245
27387926200
27584533784
28451430212
26479185652
0
28132803487
29033688391
26710598759
27701690269
0
27180986934
0
0
29033688391
26720918634
28953535245
27701690269
0
28132803487
0
26710598759
0
29033688391
29033688391
0
27701690269
28451430212
0
0
27701690269
27584533784
27587333311
27701690269
0
0
27701690269
28451430212
28326332022
0
27701690269
0
0
29033688391
0
0
0
29033688391
0
0
0
0
0
0
15658075446
28326332022
29033688391
0
29033688391
27306872808
27701690269
0
21289249589
0
0
0
0
28953535245
26710598759
29033688391
0
26874258827
0
0
0
27180986934
27335946183
0
0
0
0
0
0
0
26702184550
0
29033688391
26874258827
27109798486
0
27701690269
26255674962
0
26729332843
0
27701690269
29033688391
29033688391
0
0
0
28168091488
0
27701690269
0
0
25941036594
0
26729332843
0
29033688391
27701690269
28451430212
0
0
0
0
29033688391
0
0
29033688391
29033688391
27701690269
0
0
29033688391
0
0
0
0
27701690269
0
0
27701690269
28451430212
27587333311
27978997552
0
0
23951600805
0
0
26916269951
0
0
27584533784
0
27701690269
27701690269
27701690269
0
27306872808
0
0
0
0
0
0
28953535245
0
27701690269
28326332022
0
0
27701690269
0
24441851376
28953535245
0
0
0
0
0
29033688391
25893568279
0
0
0
28451430212
0
0
0
0
0
0
29033688391
27323756472
0
0
0
0
27584533784
0
28953535245
27584533784
0
0
0
29033688391
0
28132803487
0
0
0
27701690269
0
0
0
27180986934
0
28953535245
27558969612
0
27587333311
0
27701690269
28953535245
0
28195680462
27701690269
0
0
28195680462
27701690269
26479185652
0
0
28195680462
27701690269
0
27701690269
28451430212
0
0
0
0
0
0
29033688391
0
24526495881
25656288981
27701690269
0
0
27701690269
0
29033688391
0
29033688391
28326332022
29033688391
0
27587333311
28953535245
0
27387695690
0
0
28451430212
29033688391
26457840204
27387926200
0
0
0
0
27197814893
0
0
27180986934
0
0
0
26227016548
27701690269
29033688391
26567200252
0
27701690269
0
0
0
0
27701690269
27587333311
0
0
0
0
26479185652
0
27701690269
27587333311
27701690269
0
0
28132803487
0
27701690269
27323756472
28953535245
29033688391
0
0
27665986455
0
0
27587333311
0
0
0
0
26481702822
29033688391
27701690269
28953535245
27701690269
0
0
0
29033688391
27306872808
0
26260116011
0
28451430212
29033688391
27306872808
0
27387926200
0
0
0
0
26696175924
25316964139
0
0
0
0
29033688391
0
29033688391
27701690269
27180986934
0
0
24607221111
28132803487
28451430212
27109798486
29033688391
0
0
0
0
27701690269
28451430212
0
0
0
29033688391
0
26947667702
0
0
0
0
29033688391
0
27701690269
27587333311
26417871676
0
0
27306872808
28326332022
0
26720918634
27701690269
27701690269
0
29033688391
0
0
26479185652
29033688391
0
0
27587333311
20166858315
0
26457840204
0
0
28326332022
0
26479185652
0
0
0
0
29033688391
28248244634
0
29033688391
27701690269
0
0
29033688391
0
0
0
0
0
27323756472
27335946183
27701690269
0
0
26710598759
0
0
0
0
27587333311
0
27744421831
0
0
29033688391
0
28195680462
27701690269
29033688391
0
0
0
0
0
26878621629
0
0
26683403699
0
27701690269
0
0
27306872808
27701690269
0
0
29033688391
27701690269
0
0
28195680462
0
0
28953535245
26916269951
29033688391
29033688391
27323756472
23632248647
0
29033688391
0
28451430212
26729332843
29033688391
0
0
0
28248244634
29033688391
27180986934
27584533784
26413394317
29033688391
27701690269
28195680462
0
27701690269
27701690269
28039524918
26457840204
29033688391
29033688391
0
28451430212
0
0
0
27701690269
0
0
29033688391
26991694473
26878621629
0
0
0
0
28451430212
0
0
27306872808
27701690269
28451430212
27701690269
0
27701690269
0
27587333311
0
0
0
0
29033688391
0
0
0
29033688391
28326332022
28451430212
0
27701690269
0
0
0
27306872808
26702184550
0
0
0
29033688391
22974965151
0
27701690269
0
0
27584533784
28451430212
27744421831
0
0
27701690269
28451430212
29033688391
27584533784
27701690269
21765049803
28451430212
0
27701690269
0
0
0
28326332022
27701690269
0
29033688391
0
0
0
0
27584533784
0
28248244634
29033688391
0
0
28326332022
23061973261
0
0
26148901494
0
0
0
29033688391
0
0
29033688391
26729332843
28326332022
27701690269
26022097677
0
0
0
0
0
27701690269
28195680462
27701690269
27306872808
27109798486
0
28326332022
29033688391
0
27701690269
27701690269
0
0
0
0
0
0
28326332022
0
0
0
0
29033688391
0
27701690269
0
27611073920
0
27701690269
27180986934
0
0
0
0
0
27584533784
0
0
29033688391
28248244634
27304140270
0
0
29033688391
28451430212
0
0
0
0
0
0
28953535245
27387695690
23835039871
28451430212
0
0
0
29033688391
0
29033688391
0
0
0
0
0
27584533784
28953535245
0
0
29033688391
27242316798
0
0
27306872808
28451430212
0
0
27701690269
27701690269
0
0
0
0
0
0
0
0
29033688391
0
0
0
0
0
27701690269
0
0
0
27558969612
0
25828414327
0
0
0
0
29033688391
0
0
27587333311
0
28195680462
27701690269
0
0
28451430212
27701690269
0
0
0
0
0
0
0
29033688391
0
0
29033688391
26878621629
0
0
29033688391
26720918634
0
0
0
0
0
0
27261809816
0
27618579759
29033688391
26155928144
0
28326332022
0
0
27701690269
0
27979015541
28953535245
0
0
27197814893
0
26916269951
0
0
0
27587333311
0
0
0
0
0
0
0
27584533784
0
0
29033688391
27701690269
0
26413394317
29033688391
24257830565
0
0
0
29033688391
0
26874258827
0
27180986934
0
0
27701690269
26726802816
0
27701690269
27584533784
26947667702
28326332022
27584533784
27584533784
29033688391
22485601705
27584533784
0
0
0
0
27701690269
0
0
26417871676
27701690269
0
0
27584533784
0
0
27701690269
27587333311
28326332022
27387926200
27197814893
0
28451430212
26012315645
0
29033688391
28451430212
28953535245
29033688391
0
0
26878621629
0
29033688391
27701690269
29033688391
28953535245
0
27701690269
28326332022
27306872808
0
0
0
27701690269
27587333311
0
27701690269
0
28326332022
0
0
27261809816
29033688391
28953535245
0
27701690269
0
0
29033688391
0
29033688391
0
0
0
0
29033688391
27701690269
0
28326332022
29033688391
28195680462
27261809816
0
28195680462
27261809816
28451430212
0
0
27584533784
0
29033688391
0
0
0
24935179689
27180986934
0
27701690269
0
29033688391
0
0
29033688391
26417871676
27587333311
0
27584533784
0
27701690269
28039524918
26889598955
0
27701690269
29033688391
27701690269
0
26479185652
0
27978997552
29033688391
0
27584533784
0
29033688391
0
27180986934
27701690269
0
27584533784
29033688391
0
0
26683403699
27584533784
0
27701690269
0
28953535245
0
27701690269
29033688391
0
29033688391
28326332022
27701690269
0
29033688391
28132803487
0
0
27850311784
0
0
27701690269
0
27701690269
27587333311
27109798486
0
29033688391
27701690269
0
29033688391
29033688391
0
0
26710598759
0
0
0
27180986934
0
25020244620
27701690269
29033688391
0
27587333311
0
0
27665986455
27701690269
29033688391
26423270482
27701690269
29033688391
0
0
0
0
0
27584533784
29033688391
27701690269
0
29033688391
29033688391
0
0
27387926200
0
26878621629
29033688391
29033688391
29033688391
0
29033688391
29033688391
0
29033688391
0
0
28039524918
27701690269
29033688391
0
24935179689
0
26222712295
0
27701690269
27701690269
0
27701690269
27587333311
0
27701690269
0
0
28451430212
28248244634
0
0
28195680462
0
27387926200
27180986934
26683403699
27587333311
27701690269
27701690269
0
0
0
26947667702
0
0
0
0
0
29033688391
0
0
0
29033688391
27306872808
23006353759
0
0
27584533784
0
0
0
0
27197814893
28326332022
29033688391
0
29033688391
27701690269
28195680462
0
0
26874258827
29033688391
26878621629
0
26481702822
0
27304140270
0
28326332022
29033688391
0
29033688391
29033688391
0
29033688391
24912407725
0
0
26683403699
29033688391
0
27701690269
0
27584533784
27611073920
0
28451430212
0
27701690269
0
27701690269
0
26460094857
26683403699
28953535245
0
28326332022
0
26874258827
27701690269
0
0
0
29033688391
27979015541
26479185652
0
27701690269
27584533784
28451430212
0
27701690269
0
27584533784
0
0
0
27701690269
28132803487
26878621629
0
26479185652
27558969612
29033688391
24335368904
0
0
0
26227016548
26567200252
27701690269
0
0
29033688391
29033688391
0
27304140270
0
0
0
27701690269
0
27180986934
0
0
0
0
0
27584533784
0
0
0
0
29033688391
27701690269
27387926200
0
28451430212
0
0
27701690269
0
28451430212
0
0
27180986934
27701690269
29033688391
27850311784
29033688391
27930464930
29033688391
0
27089774054
0
28451430212
0
0
28953535245
0
0
26947667702
0
27701690269
0
0
0
0
0
29033688391
27701690269
0
0
0
28451430212
27584533784
0
26696175924
27701690269
0
0
0
25409476078
0
27180986934
0
0
0
0
0
0
0
28451430212
26479185652
25011372062
0
27587333311
0
29033688391
0
27701690269
0
27701690269
0
24082693412
27978997552
0
26479185652
26567200252
29033688391
27584533784
29033688391
25993581561
0
0
0
0
29033688391
0
26729332843
27701690269
0
0
27584533784
28451430212
27701690269
0
29033688391
29033688391
0
0
0
29033688391
29033688391
0
28953535245
0
27701690269
0
29033688391
27584533784
27387695690
0
0
0
0
0
29033688391
0
29033688391
27701690269
25166507372
0
0
29033688391
0
27701690269
0
0
0
26895413746
0
26199873004
27584533784
29033688391
27180986934
0
0
0
0
24568109667
0
29033688391
27701690269
0
27584533784
0
27180986934
27701690269
28953535245
27261809816
28248244634
0
0
27618579759
0
28953535245
28326332022
0
27701690269
28451430212
28326332022
0
28451430212
29033688391
27304140270
0
0
0
27587333311
26567200252
27587333311
0
0
0
0
0
27701690269
0
0
0
27701690269
0
28953535245
0
0
27335946183
28248244634
27701690269
26916269951
0
0
29033688391
29033688391
27701690269
0
29033688391
0
0
0
0
28451430212
0
29033688391
0
0
28451430212
0
0
0
0
28451430212
0
26683403699
26724833683
0
0
0
0
0
27701690269
27701690269
0
29033688391
0
29033688391
27335946183
28953535245
24140407148
28248244634
28326332022
27701690269
0
0
27701690269
27180986934
0
28195680462
0
27197814893
28451430212
27180986934
0
0
0
29033688391
27323756472
27701690269
0
0
0
0
27701690269
27978997552
0
0
29033688391
0
27180986934
27197814893
0
27701690269
27701690269
29033688391
28326332022
0
28451430212
0
0
0
0
27701690269
0
29033688391
0
0
0
27701690269
0
0
0
0
28451430212
0
0
29033688391
0
27387926200
0
28326332022
27587333311
29033688391
0
27701690269
27701690269
0
27701690269
0
27701690269
0
26135210770
0
0
0
24687853898
28451430212
27304140270
26729332843
0
26479185652
26729332843
0
0
27197814893
0
29033688391
29033688391
0
27323756472
0
27701690269
0
0
27180986934
26683403699
0
0
0
0
28451430212
0
0
0
27306872808
0
0
26947667702
0
27701690269
27306872808
29033688391
0
0
26479185652
27180986934
0
25240535970
29033688391
0
27584533784
0
0
28451430212
0
27701690269
27387926200
27584533784
27701690269
0
0
0
29033688391
0
27701690269
29033688391
0
0
0
26947667702
0
0
0
0
0
27701690269
0
0
26683403699
27701690269
0
26479185652
27665986455
27930464930
0
29033688391
26567200252
0
27306872808
29033688391
27701690269
0
0
0
0
29033688391
0
26639639301
0
0
0
26947667702
24936416650
27701690269
0
0
0
28326332022
28953535245
0
25649219778
27701690269
28451430212
0
27701690269
28132803487
0
24396066527
0
0
0
27584533784
27701690269
0
0
28451430212
0
28132803487
28326332022
0
0
23494958527
27701690269
0
29033688391
27584533784
0
0
0
0
29033688391
0
29033688391
29033688391
0
27701690269
28132803487
0
27584533784
27701690269
0
0
0
28326332022
27701690269
27701690269
0
28195680462
29033688391
27701690269
0
26479185652
27701690269
0
0
26793327766
0
27701690269
26976950007
29033688391
27701690269
29033688391
28953535245
26729332843
0
0
27584533784
29033688391
27701690269
0
24837009645
0
0
27335946183
28326332022
0
0
29033688391
0
0
26457840204
27584533784
0
0
27701690269
0
0
0
0
26479185652
27387926200
27930464930
29033688391
0
0
0
0
28953535245
22496360060
26947667702
0
25567210340
28326332022
0
27701690269
28953535245
0
0
0
0
27701690269
27323756472
27701690269
28953535245
29033688391
28451430212
0
0
0
0
29033688391
0
27701690269
0
27701690269
0
0
28953535245
0
27701690269
0
29033688391
0
0
0
0
26683403699
28451430212
26639639301
0
0
0
0
28451430212
29033688391
27978997552
27180986934
29033688391
0
0
27323756472
28953535245
27701690269
0
27701690269
0
27587333311
0
0
29033688391
0
24937869773
27587333311
0
28953535245
26479185652
29033688391
0
23494958527
27387695690
0
0
29033688391
0
27701690269
27587333311
27584533784
28953535245
0
0
0
0
26479185652
0
0
0
27587333311
0
27587333311
0
0
26710598759
29033688391
27558969612
28195680462
0
25607921139
27701690269
28195680462
29033688391
28451430212
29033688391
28132803487
27306872808
27701690269
27701690269
0
28451430212
22828625395
26639639301
0
0
0
27701690269
0
27701690269
0
27180986934
27701690269
26457840204
27387926200
27701690269
0
28953535245
26417871676
0
27701690269
27701690269
27701690269
0
29033688391
27306872808
0
0
0
27584533784
29033688391
27701690269
0
27701690269
24760930793
0
26710598759
28326332022
29033688391
28953535245
0
0
0
27306872808
0
27387926200
28326332022
0
0
27306872808
21530352308
27584533784
0
0
0
27701690269
0
27701690269
0
0
0
0
29033688391
0
0
27701690269
27701690269
0
27701690269
0
28326332022
0
27306872808
27701690269
27584533784
29033688391
0
0
0
0
0
27701690269
23051627032
0
0
25893568279
26227016548
0
26135210770
0
29033688391
27701690269
27587333311
0
0
0
29033688391
27701690269
0
27701690269
29033688391
24837009645
0
28451430212
0
29033688391
26012315645
0
0
29033688391
0
0
0
0
0
0
29033688391
0
0
0
0
27701690269
0
0
28953535245
0
0
0
29033688391
25993581561
27701690269
0
0
0
28326332022
0
0
27584533784
0
27701690269
27701690269
0
27701690269
28132803487
0
0
27701690269
0
26729332843
25760834823
27584533784
28195680462
0
27701690269
0
0
27701690269
28451430212
0
0
27701690269
27584533784
0
0
28132803487
0
26469596442
29033688391
26947667702
27701690269
27930464930
27558969612
29033688391
27180986934
0
27701690269
0
29033688391
25412284265
27180986934
0
28451430212
27701690269
0
22831124413
28195680462
27701690269
0
27701690269
29033688391
0
0
0
27701690269
27587333311
0
0
0
28195680462
26724815694
0
26947667702
0
0
28953535245
0
25641495603
0
0
0
27584533784
27701690269
29033688391
0
0
27701690269
0
28953535245
27701690269
27701690269
0
0
27558969612
26496706860
28451430212
25993581561
0
0
28326332022
26478010651
27701690269
0
27701690269
26305312703
27587333311
0
0
0
0
0
0
26479185652
0
0
29033688391
29033688391
28451430212
27701690269
0
27587333311
27197814893
0
29033688391
0
28195680462
26683403699
26479185652
29033688391
27584533784
27587333311
0
0
27197814893
0
0
27701690269
0
0
27304140270
29033688391
27701690269
27701690269
0
27701690269
29033688391
0
26874258827
28451430212
0
28451430212
29033688391
25554154126
0
27701690269
27180986934
26227016548
27701690269
0
0
0
0
27584533784
0
0
26479185652
0
0
0
0
0
0
28326332022
0
0
0
0
0
0
27306872808
28451430212
26423270482
26454695736
0
27089774054
27587333311
0
0
0
0
29033688391
0
26199873004
27587333311
0
0
27701690269
27180986934
27335946183
26874258827
26260116011
0
0
0
0
0
29033688391
0
25990695077
0
26947667702
28953535245
27306872808
0
27701690269
0
0
27701690269
0
0
27089774054
0
26947667702
27930464930
27584533784
28326332022
28326332022
0
27701690269
27701690269
27587333311
0
0
0
26702184550
0
26417871676
29033688391
0
29033688391
0
0
26560670133
29033688391
0
0
27701690269
0
27587333311
0
0
0
29033688391
0
27387695690
28451430212
0
0
29033688391
0
0
28132803487
0
27701690269
27701690269
27306872808
0
27587333311
0
27335946183
0
0
27701690269
0
0
24937869773
27306872808
0
0
27701690269
27701690269
27701690269
0
26878621629
0
27387926200
28132803487
26009187868
28195680462
24687853898
0
0
0
0
26227016548
0
0
20095234142
28195680462
27701690269
0
0
29033688391
0
26478010651
0
0
25061484915
27584533784
27701690269
0
27584533784
29033688391
0
0
0
29033688391
0
28953535245
27979015541
0
0
0
0
27584533784
0
27701690269
27701690269
0
28248244634
0
28326332022
28953535245
26227016548
0
27701690269
28451430212
27701690269
0
0
0
29033688391
27587333311
26702184550
28326332022
26878621629
26479185652
29033688391
0
29033688391
27701690269
26227016548
25607921139
0
0
29033688391
0
0
0
27109798486
27701690269
0
0
0
0
0
28195680462
27701690269
28195680462
26496706860
0
29033688391
28326332022
28451430212
0
0
29033688391
0
27665986455
0
26947667702
29033688391
27701690269
0
0
0
0
28195680462
29033688391
29033688391
0
0
0
0
27701690269
27323756472
26720918634
27701690269
0
27584533784
28326332022
0
27323756472
29033688391
0
0
0
27701690269
0
0
28195680462
29033688391
27930464930
28953535245
0
0
0
0
0
0
29033688391
0
26683403699
29033688391
27584533784
0
27701690269
27701690269
28195680462
0
29033688391
27701690269
0
29033688391
29033688391
27701690269
0
0
28953535245
28451430212
29033688391
27180986934
28326332022
0
27701690269
0
28953535245
0
27701690269
0
29033688391
27701690269
0
26120864373
28953535245
26878621629
0
0
28326332022
0
29033688391
29033688391
0
0
27701690269
28326332022
29033688391
0
0
27701690269
28451430212
28953535245
0
26479185652
0
0
26479185652
0
29033688391
0
26833136002
0
27701690269
0
0
29033688391
27701690269
0
0
0
0
27701690269
0
27701690269
27387926200
29033688391
27323756472
0
28451430212
29033688391
27701690269
27261809816
0
0
0
0
0
0
0
27701690269
0
0
29033688391
0
0
27304140270
27584533784
25993581561
0
0
0
0
0
28451430212
0
0
0
29033688391
0
0
0
25020244620
0
0
27701690269
28451430212
27701690269
29033688391
27306872808
0
29033688391
0
27180986934
29033688391
0
27701690269
0
0
28953535245
28248244634
26479185652
26702184550
27587333311
0
29033688391
28248244634
0
28451430212
29033688391
0
0
27701690269
26479185652
0
0
0
27584533784
27584533784
0
27387695690
0
0
0
27701690269
29033688391
28326332022
0
27701690269
0
29033688391
0
27587333311
27584533784
0
0
29033688391
0
29033688391
0
0
0
27180986934
0
0
0
0
27701690269
27701690269
27701690269
0
27701690269
24912407725
27180986934
27978997552
0
26729332843
26683403699
27701690269
27109798486
26895413746
25701393886
28953535245
27701690269
27701690269
27584533784
0
28451430212
29033688391
0
27701690269
0
28451430212
29033688391
0
0
28195680462
0
0
28451430212
0
0
26479185652
0
26947667702
29033688391
0
0
28953535245
0
29033688391
26227016548
0
0
0
0
26683403699
0
27701690269
29033688391
0
27701690269
0
0
0
0
27584533784
0
0
27701690269
28451430212
29033688391
29033688391
0
0
0
0
29033688391
28326332022
27701690269
28326332022
0
0
0
0
0
27261809816
26567200252
0
27701690269
0
26878621629
27701690269
26457840204
0
29033688391
0
0
27584533784
24625144549
0
29033688391
29033688391
27701690269
27701690269
28451430212
0
27701690269
0
0
0
29033688391
0
26729332843
27306872808
0
0
0
28451430212
29033688391
0
29033688391
23635021308
28195680462
0
0
0
0
0
0
0
0
27109798486
0
0
0
0
27306872808
0
0
27323756472
0
0
27701690269
0
0
0
27701690269
27701690269
28451430212
29033688391
0
0
0
26479185652
0
0
29033688391
28451430212
29033688391
27701690269
0
0
0
25933140037
0
26479185652
0
26710598759
27109798486
0
0
27584533784
29033688391
0
27306872808
0
28195680462
0
0
0
26217192722
27180986934
0
29033688391
0
27701690269
28953535245
27701690269
0
29033688391
0
0
27180986934
27701690269
29033688391
0
0
27167600928
0
0
0
29033688391
0
0
26227016548
0
26423270482
27701690269
27701690269
0
0
0
0
28451430212
0
26454695736
27701690269
27701690269
29033688391
0
29033688391
0
0
0
29033688391
27584533784
27587333311
0
28132803487
0
0
27306872808
28451430212
27701690269
27618579759
0
0
29033688391
28451430212
29033688391
28326332022
26874258827
0
0
0
0
27387926200
0
27306872808
0
0
0
26227016548
29033688391
27930464930
25006520510
0
28953535245
0
0
29033688391
28451430212
27584533784
0
19011342478
29033688391
27587333311
0
27701690269
0
0
27584533784
0
26895413746
0
27701690269
28451430212
26710598759
29033688391
0
0
28326332022
0
29033688391
27701690269
27701690269
28132803487
28953535245
28195680462
27701690269
28326332022
27701690269
27701690269
0
0
29033688391
28451430212
29033688391
29033688391
0
0
28451430212
0
26305312703
0
27701690269
27701690269
0
29033688391
27306872808
27335946183
0
29033688391
0
27587333311
27701690269
28326332022
28451430212
0
27701690269
28451430212
28132803487
29033688391
0
0
27587333311
0
0
0
29033688391
28451430212
0
0
28451430212
0
0
0
27701690269
0
0
0
27701690269
0
27978997552
0
26683403699
0
0
0
29033688391
0
29033688391
0
0
29033688391
26720918634
28953535245
26260116011
0
0
27180986934
28132803487
0
0
0
0
0
0
27701690269
0
0
26417871676
0
25840372605
0
0
0
27261809816
27109798486
29033688391
0
0
0
0
28953535245
28248244634
0
27701690269
0
26683403699
0
0
0
0
27587333311
0
0
29033688391
27584533784
0
0
27930464930
26683403699
22716545310
0
26479185652
0
0
0
27587333311
29033688391
0
0
0
27180986934
0
0
27387926200
26479185652
27306872808
0
0
0
28451430212
26227016548
0
0
0
0
27701690269
29033688391
0
0
0
0
29033688391
0
0
29033688391
0
27701690269
0
27584533784
0
29033688391
27701690269
0
28953535245
28953535245
29033688391
0
27180986934
0
0
0
0
0
0
26729332843
28451430212
0
27587333311
27180986934
0
0
0
27701690269
25665929922
29033688391
29033688391
27701690269
0
0
0
28451430212
0
26227016548
28451430212
0
27701690269
27180986934
29033688391
0
27701690269
0
25840372605
26479185652
0
0
23462650550
28451430212
0
0
0
27587333311
0
27701690269
27701690269
28953535245
0
26729332843
28953535245
0
0
0
0
0
0
29033688391
0
0
0
0
0
28451430212
0
0
0
28451430212
24998834153
0
28326332022
27701690269
0
0
0
0
0
0
0
0
23470461510
21861609296
0
0
29033688391
27180986934
29033688391
0
27701690269
0
27587333311
0
0
0
27701690269
28451430212
0
29033688391
27558969612
0
0
0
0
0
0
27323756472
0
27701690269
0
28132803487
0
0
0
28451430212
0
0
0
28953535245
0
27701690269
27701690269
28132803487
0
0
0
27701690269
27701690269
0
0
29033688391
0
29033688391
28953535245
0
29033688391
27323756472
29033688391
0
28326332022
0
0
29033688391
27701690269
28953535245
28132803487
0
0
28132803487
27701690269
0
0
0
0
0
0
27387926200
28326332022
28248244634
27387926200
25607921139
0
0
0
28451430212
0
23703863988
0
0
25993581561
0
0
28451430212
27701690269
0
27701690269
29033688391
0
29033688391
25785230874
0
0
0
28248244634
0
29033688391
29033688391
28953535245
28326332022
24879079775
0
28326332022
27611073920
0
27701690269
0
27701690269
27306872808
0
0
0
27701690269
0
0
26479185652
27701690269
28953535245
27701690269
0
27701690269
26560670133
27701690269
0
0
0
0
25828414327
0
0
0
28195680462
27584533784
0
0
27584533784
28451430212
0
28326332022
0
0
0
0
27584533784
27587333311
0
24837009645
0
25025421774
29033688391
0
27701690269
0
0
0
0
27701690269
29033688391
0
0
0
0
27701690269
0
26947667702
0
0
0
27180986934
27701690269
0
0
28248244634
27701690269
23333257190
0
0
0
28953535245
0
28451430212
0
29033688391
0
27323756472
27304140270
29033688391
0
0
26729332843
27180986934
0
29033688391
0
0
0
0
0
28451430212
0
0
26479185652
28132803487
29033688391
27701690269
0
27701690269
29033688391
0
27701690269
0
0
27587333311
0
27701690269
27701690269
27701690269
0
27850311784
27701690269
27701690269
0
28195680462
0
26479185652
26310405525
0
27180986934
0
0
27701690269
29033688391
0
29033688391
28451430212
0
0
0
27701690269
26947667702
27387926200
0
0
0
26639639301
27701690269
26413394317
0
27701690269
26702184550
27584533784
24885727916
0
27701690269
0
0
0
0
28248244634
29033688391
27387926200
0
24625144549
26729332843
27323756472
0
27701690269
0
0
0
28195680462
0
29033688391
27584533784
0
0
0
0
0
26496706860
0
0
27306872808
27701690269
0
0
0
0
29033688391
28326332022
29033688391
0
0
0
27701690269
0
27701690269
0
0
27180986934
23105671704
27587333311
28195680462
0
0
0
0
28326332022
27180986934
0
0
0
0
26702184550
0
26479185652
0
0
0
27701690269
29033688391
25828414327
0
0
0
0
0
28953535245
27701690269
0
0
0
27701690269
28195680462
0
27701690269
0
0
0
27701690269
0
0
0
0
28953535245
27701690269
0
27701690269
0
28953535245
27701690269
28326332022
0
0
28195680462
0
29033688391
0
0
0
0
27167600928
0
0
0
0
28195680462
29033688391
0
0
27584533784
0
28132803487
28132803487
0
0
0
0
29033688391
29033688391
28195680462
26683403699
0
0
0
27701690269
0
0
26478010651
0
0
27701690269
0
23703863988
0
28451430212
27701690269
27701690269
0
27618579759
25993581561
27701690269
27587333311
0
29033688391
0
27701690269
0
0
0
0
27701690269
26227016548
0
0
27701690269
28195680462
27180986934
26874258827
0
0
0
0
27701690269
0
27701690269
0
0
27387926200
27701690269
29033688391
0
27701690269
27701690269
29033688391
0
0
26947667702
28326332022
0
0
26729332843
26947667702
0
0
26423270482
27584533784
28451430212
0
0
0
0
29033688391
29033688391
0
0
0
28326332022
29033688391
29033688391
0
27387926200
0
28451430212
27701690269
26729332843
27323756472
27180986934
27584533784
27584533784
27701690269
26017635904
26724815694
0
29033688391
27261809816
27701690269
0
29033688391
29033688391
0
29033688391
27701690269
29033688391
27701690269
29033688391
0
0
0
28953535245
0
0
0
0
0
28132803487
26479185652
0
29033688391
27701690269
27701690269
0
27261809816
27587333311
0
27387926200
28451430212
27587333311
27701690269
0
27701690269
0
0
0
0
0
27701690269
0
28326332022
0
27701690269
0
27701690269
28326332022
0
0
0
28953535245
27587333311
29033688391
0
25316964139
0
0
0
19732629190
0
27387926200
27701690269
25166507372
0
0
28451430212
29033688391
27701690269
27584533784
27701690269
0
0
27701690269
28195680462
0
0
0
28132803487
0
0
0
24760930793
0
27587333311
0
0
0
27335946183
27180986934
0
0
27387926200
0
0
27701690269
27587333311
0
0
0
28953535245
0
27701690269
0
27701690269
0
28953535245
0
0
27701690269
27701690269
0
0
0
0
28451430212
0
0
27701690269
0
28195680462
0
0
0
0
27701690269
27584533784
22791317989
27701690269
0
27701690269
26260116011
0
27387926200
0
0
26729332843
0
27701690269
29033688391
27850311784
27701690269
29033688391
0
0
29033688391
0
29033688391
0
0
0
0
0
0
0
29033688391
0
0
26454695736
0
0
0
0
28451430212
0
29033688391
27306872808
27584533784
0
0
0
29033688391
29033688391
29033688391
0
0
0
29033688391
27701690269
27701690269
26878621629
28248244634
27701690269
29033688391
27701690269
0
29033688391
28326332022
0
28326332022
0
27387926200
0
26227016548
27306872808
0
0
29033688391
0
24837009645
27109798486
25240535970
0
26878621629
27701690269
0
27701690269
27701690269
27701690269
0
27587333311
27584533784
29033688391
0
26417871676
29033688391
0
28326332022
28326332022
0
0
27584533784
0
0
26567200252
0
28195680462
0
27701690269
29033688391
27304140270
0
29033688391
0
0
29033688391
27701690269
0
27335946183
0
27387926200
0
0
27304140270
28953535245
0
29033688391
0
29033688391
0
24022374806
26639639301
0
0
0
27978997552
0
26947667702
0
0
27584533784
0
0
0
0
0
27701690269
29033688391
27701690269
0
0
0
0
0
29033688391
27306872808
29033688391
0
0
0
0
28132803487
27701690269
0
0
0
0
0
29033688391
29033688391
0
27701690269
0
0
0
0
0
0
28326332022
29033688391
0
25993581561
0
28451430212
26417871676
0
27584533784
0
27587333311
0
0
0
29033688391
0
28451430212
0
0
29033688391
0
0
0
29033688391
27701690269
0
0
28326332022
29033688391
0
0
0
28953535245
0
28451430212
0
0
0
0
0
27701690269
0
27701690269
0
0
27701690269
0
0
0
0
0
0
0
28451430212
27587333311
0
0
27701690269
27701690269
25230999303
0
27584533784
0
0
27701690269
29033688391
27189400684
27701690269
26729332843
0
26947667702
0
27701690269
27387926200
27587333311
26710598759
26878621629
27261809816
0
0
27701690269
0
26567200252
0
0
0
0
0
0
0
28451430212
26479185652
0
0
29033688391
29033688391
0
0
0
27701690269
29033688391
28195680462
28326332022
0
27701690269
0
27180986934
27701690269
0
0
0
0
27387926200
0
27584533784
26874258827
27584533784
27701690269
27701690269
29033688391
28953535245
0
28953535245
26639639301
27701690269
0
27701690269
28451430212
0
0
0
27701690269
0
29033688391
0
0
0
27701690269
0
0
0
0
0
26199873004
28132803487
0
27587333311
0
27701690269
28451430212
27701690269
0
29033688391
0
0
0
0
27587333311
0
0
26639639301
27584533784
0
0
0
27701690269
29033688391
27930464930
0
0
26479185652
29033688391
0
0
0
0
29033688391
0
28451430212
29033688391
29033688391
0
0
26639639301
27584533784
29033688391
29033688391
27701690269
29033688391
0
0
0
28248244634
27701690269
29033688391
27584533784
27701690269
0
0
0
0
29033688391
29033688391
28326332022
28326332022
29033688391
26639639301
27261809816
0
0
0
27701690269
27701690269
0
28451430212
0
26683403699
29033688391
28451430212
0
0
0
0
26729332843
0
0
28195680462
29033688391
0
27701690269
0
0
27701690269
0
27584533784
0
0
0
27584533784
27701690269
0
0
27323756472
0
27701690269
25051471260
0
28451430212
29033688391
27701690269
0
0
28451430212
27701690269
27323756472
0
0
0
29033688391
0
27584533784
0
0
0
0
24692630977
27701690269
27197814893
0
0
0
0
27584533784
0
0
0
0
0
27701690269
27306872808
29033688391
25993581561
28953535245
0
27558969612
27701690269
27701690269
0
27701690269
29033688391
0
28451430212
0
26227016548
29033688391
27701690269
0
27109798486
28953535245
0
0
29033688391
0
26947667702
0
29033688391
26567200252
0
27587333311
27701690269
27701690269
0
27701690269
0
27701690269
28451430212
0
0
27180986934
27323756472
29033688391
0
24415727191
0
0
0
27701690269
28451430212
29033688391
29033688391
28953535245
0
27701690269
26479185652
24760930793
0
0
0
27109798486
0
0
27701690269
0
0
0
0
27587333311
0
29033688391
0
0
0
26710598759
28326332022
0
0
0
28195680462
29033688391
0
0
0
0
27701690269
0
0
26417871676
29033688391
0
26878621629
28451430212
27335946183
0
23635021308
0
0
27584533784
28451430212
0
28451430212
29033688391
0
0
29033688391
0
0
29033688391
0
27584533784
29033688391
0
0
27701690269
29033688391
0
0
29033688391
0
0
29033688391
28451430212
0
0
27701690269
0
29033688391
0
0
0
0
29033688391
27584533784
28451430212
27584533784
0
0
27584533784
29033688391
27584533784
25363770571
0
0
0
27587333311
0
27587333311
28195680462
0
27701690269
0
0
0
0
0
27701690269
27701690269
27558969612
27701690269
0
0
27587333311
27701690269
0
0
0
0
0
0
27701690269
28953535245
28326332022
0
27584533784
0
0
0
0
26478010651
27701690269
27701690269
28326332022
0
0
27701690269
0
27335946183
0
0
29033688391
27701690269
26305312703
27701690269
0
0
26947667702
28451430212
0
0
0
0
25840372605
27978997552
0
0
0
0
0
0
26874258827
0
0
0
0
25607921139
27180986934
0
28451430212
0
28451430212
27701690269
0
27701690269
27089774054
0
0
0
0
0
0
29033688391
29033688391
26702184550
28451430212
27587333311
0
0
0
0
29033688391
0
0
27587333311
26874258827
0
26724815694
27306872808
0
27701690269
0
28451430212
28326332022
27701690269
0
28953535245
29033688391
29033688391
27306872808
0
29033688391
0
0
0
0
29033688391
27584533784
0
0
0
28451430212
0
0
29033688391
29033688391
28953535245
0
28195680462
28953535245
0
27701690269
0
27584533784
0
0
29033688391
29033688391
27701690269
0
27701690269
0
0
28451430212
28195680462
0
0
0
0
27701690269
27701690269
0
26639639301
26874258827
29033688391
0
27701690269
0
29033688391
0
0
0
0
0
28451430212
27701690269
0
0
0
0
0
0
0
0
29033688391
0
28451430212
29033688391
27587333311
29033688391
29033688391
0
0
0
27701690269
0
28132803487
0
0
0
0
29033688391
27180986934
29033688391
27701690269
29033688391
0
26012315645
0
28953535245
26729332843
0
0
27701690269
28326332022
0
0
0
25840372605
24526495881
0
25409476078
0
27701690269
0
0
0
28326332022
29033688391
0
0
27701690269
0
0
0
0
0
0
0
27584533784
0
0
0
0
0
0
27180986934
29033688391
0
0
0
29033688391
0
27584533784
0
0
29033688391
0
0
0
0
0
27180986934
0
0
27701690269
28953535245
26461771820
26423270482
27701690269
0
0
28451430212
28132803487
26874258827
0
0
28451430212
0
28326332022
0
0
28953535245
28953535245
27584533784
27611073920
0
0
27701690269
26729332843
0
0
29033688391
26720918634
27701690269
0
27587333311
0
0
0
0
29033688391
0
0
0
27701690269
26947667702
27701690269
28326332022
27701690269
0
27584533784
0
0
27701690269
28248244634
29033688391
0
0
28132803487
0
0
0
29033688391
28451430212
28451430212
0
0
27701690269
29033688391
27701690269
29033688391
28326332022
29033688391
0
0
27701690269
0
29033688391
27701690269
0
0
0
0
0
0
27701690269
0
0
27701690269
0
26236975318
0
29033688391
27180986934
28248244634
0
0
27387695690
28326332022
0
29033688391
27701690269
0
29033688391
0
28953535245
28248244634
28451430212
27701690269
0
0
0
0
28451430212
0
26874258827
26729332843
0
0
28451430212
26696175924
28451430212
27701690269
0
27701690269
0
0
27701690269
0
0
27306872808
29033688391
0
0
0
0
27584533784
0
27587333311
27701690269
27323756472
28326332022
0
27701690269
23061973261
0
27584533784
26729332843
29033688391
27306872808
0
29033688391
26710598759
0
0
0
0
29033688391
22496360060
0
0
28451430212
27306872808
0
0
27665986455
27701690269
27584533784
27701690269
0
0
27584533784
0
29033688391
0
0
0
0
28451430212
0
27587333311
0
29033688391
0
0
29033688391
27701690269
25805196363
0
27701690269
27197814893
27701690269
0
25381517988
0
0
0
0
0
27701690269
27701690269
0
0
0
29033688391
0
29033688391
28326332022
0
0
0
27584533784
29033688391
27701690269
27701690269
27584533784
0
27701690269
0
0
0
28953535245
0
29033688391
27701690269
0
0
0
0
0
0
0
0
27618579759
26959583631
26702184550
27701690269
28451430212
27701690269
27701690269
27587333311
27701690269
28953535245
0
28326332022
27701690269
29033688391
28326332022
0
0
28451430212
28451430212
27701690269
26454695736
0
27701690269
26976950007
26479185652
29033688391
27701690269
29033688391
28132803487
27306872808
29033688391
0
0
26567200252
0
0
26227016548
0
27701690269
28451430212
0
0
0
0
0
25986721125
29033688391
27587333311
26874258827
0
27197814893
0
0
0
29033688391
27701690269
0
27701690269
27701690269
0
26959583631
0
0
28132803487
27701690269
27701690269
27701690269
0
26878621629
27701690269
0
0
29033688391
0
0
0
27304140270
0
0
0
0
0
29033688391
0
29033688391
0
0
0
29033688391
0
0
27701690269
27701690269
0
0
0
0
28195680462
27584533784
0
28953535245
0
0
29033688391
27701690269
0
0
0
28132803487
29033688391
28451430212
0
0
0
0
0
27701690269
28451430212
0
27261809816
27558969612
0
0
0
0
26639639301
29033688391
26947667702
0
26696175924
0
27584533784
27701690269
0
0
0
26756505162
27701690269
0
0
22764923088
0
28451430212
27584533784
0
0
27306872808
0
0
26947667702
27701690269
0
0
27701690269
25651408417
0
0
27587333311
0
27978997552
0
0
0
27701690269
27584533784
0
0
0
0
0
26639639301
0
0
29033688391
0
27109798486
28953535245
0
0
27180986934
28953535245
28451430212
29033688391
26104147106
0
27701690269
0
29033688391
27701690269
26479185652
28195680462
27587333311
0
0
27180986934
27323756472
0
0
0
0
27701690269
0
29033688391
23764623469
29033688391
29033688391
0
26696175924
0
27587333311
27701690269
0
0
0
25990695077
28132803487
0
28195680462
27701690269
26457840204
0
27109798486
0
0
26417871676
0
0
27304140270
29033688391
0
0
0
0
28451430212
0
28451430212
0
0
0
0
27701690269
0
29033688391
0
25701393886
0
0
0
29033688391
28326332022
29033688391
0
29033688391
26199873004
0
0
27701690269
0
0
27180986934
26479185652
27558969612
0
0
0
27701690269
0
0
27701690269
0
0
0
0
0
0
27701690269
28451430212
29033688391
0
27701690269
0
0
0
27109798486
26878621629
28953535245
27701690269
0
27618579759
0
0
0
28451430212
29033688391
0
0
28195680462
0
26878621629
0
29033688391
27701690269
0
0
0
26947667702
0
0
0
0
29033688391
0
0
28195680462
0
0
0
0
0
0
0
0
29033688391
27180986934
0
0
0
27701690269
0
28451430212
0
27306872808
27701690269
27323756472
29033688391
27701690269
0
27587333311
0
27584533784
29033688391
27584533784
0
0
29033688391
27701690269
29033688391
29033688391
0
0
0
28195680462
27701690269
27306872808
27701690269
27387926200
27306872808
0
29033688391
26417871676
28195680462
0
28451430212
27584533784
0
28326332022
0
28451430212
0
25993581561
29033688391
27701690269
29033688391
0
0
27701690269
0
27701690269
27587333311
28953535245
0
0
28953535245
29033688391
27701690269
0
27665986455
0
28451430212
0
0
0
24854097347
0
0
0
27701690269
27701690269
28451430212
24609339597
27584533784
27701690269
0
27701690269
27701690269
0
27587333311
0
0
28451430212
27701690269
27701690269
27587333311
0
27701690269
26227016548
0
29033688391
0
0
27701690269
26874258827
0
0
0
0
28451430212
0
0
29033688391
26874258827
27701690269
0
0
0
27584533784
27180986934
0
0
27323756472
0
0
0
27701690269
26560670133
28451430212
0
0
29033688391
0
0
0
28451430212
0
26227016548
0
26479185652
28248244634
28451430212
28451430212
28132803487
0
0
0
0
0
27584533784
0
27587333311
0
26423270482
27701690269
0
0
27109798486
29033688391
29033688391
27584533784
0
0
27701690269
0
27701690269
26991694473
0
0
0
0
28953535245
0
0
0
0
0
0
0
29033688391
0
28953535245
0
0
0
27701690269
28451430212
27387695690
0
27584533784
0
27306872808
0
28953535245
29033688391
0
0
29033688391
29033688391
27701690269
27180986934
0
29033688391
27587333311
0
0
0
26479185652
0
27701690269
27584533784
0
0
28451430212
0
28953535245
27387926200
25607921139
0
29033688391
29033688391
27701690269
0
27387926200
27261809816
22326269967
28451430212
27701690269
0
24941286012
27701690269
27701690269
29033688391
28953535245
29033688391
25805196363
29033688391
29033688391
0
0
0
23609540906
0
0
0
0
23743947986
0
23494958527
0
0
0
29033688391
27978997552
27584533784
27387926200
28326332022
28451430212
0
0
0
0
0
27701690269
28326332022
29033688391
27930464930
29033688391
0
0
0
29033688391
0
27701690269
26478010651
0
29033688391
0
27930464930
26729332843
25639883556
29033688391
0
0
0
24345276391
0
0
0
0
27584533784
0
27701690269
27306872808
27089774054
29033688391
27306872808
0
0
0
0
29033688391
0
0
25409476078
28326332022
0
29033688391
0
0
0
26683403699
25993581561
0
0
0
0
0
0
27701690269
0
0
29033688391
0
0
27701690269
0
0
26683403699
27701690269
0
0
0
29033688391
0
0
28451430212
27323756472
0
0
0
0
29033688391
0
0
0
0
27701690269
27584533784
0
27584533784
0
27701690269
24957528846
27180986934
0
23671926910
0
29033688391
27701690269
29033688391
0
0
28326332022
0
27323756472
28326332022
0
28132803487
0
29033688391
0
0
26457840204
27701690269
0
27587333311
28953535245
26729332843
0
24941286012
0
28451430212
28953535245
0
27665986455
27701690269
27587333311
28326332022
28953535245
28326332022
0
29033688391
27584533784
27701690269
28451430212
25051471260
0
0
0
0
29033688391
0
0
26567200252
0
0
0
0
0
0
27701690269
27701690269
27701690269
28326332022
28451430212
29033688391
0
27587333311
0
26479185652
0
26710598759
26479185652
29033688391
0
0
0
27022182114
27701690269
27089774054
0
29033688391
29033688391
0
0
0
0
28195680462
27701690269
21158700769
27584533784
29033688391
0
0
0
29033688391
23061973261
0
29033688391
0
0
27701690269
0
0
0
28451430212
0
28326332022
0
0
27701690269
27701690269
0
28451430212
0
0
28451430212
27584533784
0
27701690269
0
0
29033688391
0
0
27701690269
27584533784
28451430212
0
0
28451430212
25520419614
0
28451430212
0
27701690269
29033688391
26729332843
28451430212
27587333311
26413412306
25201444301
0
0
28451430212
24869467940
29033688391
0
24692630977
0
27587333311
27701690269
0
27584533784
29033688391
0
27197814893
0
27701690269
0
26227016548
29033688391
0
0
0
26639639301
26710598759
27701690269
27701690269
0
0
0
28248244634
27323756472
0
0
27587333311
0
29033688391
0
0
0
29033688391
27850311784
29033688391
0
27701690269
27701690269
27584533784
0
27587333311
0
0
26729332843
27701690269
26724833683
0
0
27584533784
0
0
27701690269
26639639301
0
0
29033688391
28953535245
29033688391
0
29033688391
27584533784
0
21488130288
0
0
0
29033688391
0
27701690269
29033688391
0
0
27089774054
0
0
26457840204
0
29033688391
28953535245
29033688391
29033688391
0
0
0
27584533784
28326332022
25166507372
27701690269
28953535245
27109798486
0
0
29033688391
27701690269
0
27584533784
27701690269
27587333311
0
27587333311
0
0
29033688391
0
0
28451430212
0
0
0
0
29033688391
0
29033688391
0
0
27701690269
0
0
0
26895413746
27701690269
26496706860
27584533784
0
0
28248244634
27701690269
27701690269
27306872808
29033688391
0
0
27701690269
27323756472
27323756472
27701690269
0
0
27587333311
0
0
0
0
0
27701690269
29033688391
27701690269
28451430212
0
27701690269
28326332022
0
26720918634
0
27744421831
0
0
0
26639639301
27701690269
0
0
28326332022
27701690269
0
28195680462
27701690269
0
0
0
29033688391
28451430212
0
0
27584533784
0
0
29033688391
0
0
0
0
0
29033688391
0
0
0
26479185652
27587333311
27701690269
0
0
27701690269
26479185652
0
0
0
28451430212
27180986934
0
0
0
0
28953535245
0
0
29033688391
0
0
0
0
0
26947667702
26729332843
27701690269
0
0
29033688391
0
29033688391
27701690269
0
27701690269
0
0
27584533784
27335946183
27584533784
0
0
0
0
0
0
27587333311
27109798486
0
0
0
0
27584533784
0
27701690269
27701690269
24553438657
0
0
29033688391
25941036594
0
27701690269
28326332022
0
0
27587333311
0
0
26947667702
0
27304140270
0
0
0
0
0
0
0
0
0
28451430212
27701690269
27584533784
25805196363
0
28195680462
27587333311
27584533784
23637709875
0
0
27701690269
29033688391
0
0
29033688391
0
27584533784
0
0
27587333311
27587333311
27701690269
27304140270
0
29033688391
0
0
29033688391
0
0
27584533784
0
0
29033688391
27304140270
0
0
27701690269
0
0
25993581561
0
0
29033688391
29033688391
27701690269
0
0
0
0
28132803487
0
0
0
27180986934
0
27584533784
27665986455
0
0
29033688391
0
26720918634
0
0
28248244634
29033688391
27587333311
0
29033688391
0
0
0
27701690269
0
0
27701690269
0
27701690269
28326332022
0
28451430212
28953535245
24513153931
27850311784
0
0
0
0
0
26916269951
0
0
0
0
0
27558969612
28168091488
0
0
0
0
22687254287
26227016548
27701690269
0
28326332022
27701690269
0
29033688391
27587333311
29033688391
27701690269
0
27584533784
0
27584533784
27701690269
27584533784
27387926200
28326332022
27701690269
26683403699
0
0
29033688391
0
27701690269
28326332022
28039524918
28326332022
0
0
0
29033688391
0
0
0
0
0
0
27109798486
0
0
28451430212
0
29033688391
0
27306872808
28451430212
27197814893
0
29033688391
0
0
28953535245
0
28451430212
27701690269
0
0
0
0
27701690269
27701690269
0
27701690269
0
27701690269
28451430212
0
0
0
0
0
0
0
26417871676
29033688391
27587333311
27701690269
27584533784
0
28451430212
0
28451430212
26567200252
26935968119
0
27701690269
0
27701690269
0
0
27665986455
0
29033688391
0
0
0
26683403699
29033688391
29033688391
27587333311
0
26567200252
29033688391
0
27701690269
0
28326332022
29033688391
28326332022
26478010651
0
0
0
27701690269
0
0
27584533784
28953535245
29033688391
0
0
0
27701690269
0
0
27701690269
0
0
0
0
0
0
27306872808
0
27701690269
0
27701690269
0
0
27701690269
0
0
29033688391
0
0
28451430212
29033688391
29033688391
27701690269
29033688391
28451430212
27584533784
29033688391
0
27109798486
27587333311
27701690269
27180986934
29033688391
0
0
0
0
0
0
0
0
27584533784
0
0
0
29033688391
27701690269
0
0
27701690269
29033688391
0
29033688391
27701690269
0
0
0
28195680462
0
0
28248244634
0
27701690269
27701690269
29033688391
0
0
27587333311
0
29033688391
0
0
0
29033688391
27701690269
28953535245
0
27618579759
28326332022
0
27850311784
27587333311
27558969612
27701690269
0
0
27701690269
29033688391
27701690269
29033688391
27701690269
0
27387926200
0
0
0
23848574817
0
0
27701690269
0
0
27701690269
0
0
0
0
0
27584533784
29033688391
0
28451430212
0
26878621629
0
29033688391
0
27701690269
29033688391
0
0
0
0
29033688391
0
0
28953535245
0
29033688391
0
0
0
27701690269
0
28451430212
0
27701690269
0
27180986934
27665986455
0
27701690269
28451430212
0
0
27584533784
27701690269
0
0
27587333311
29033688391
27701690269
0
0
0
0
0
29033688391
0
0
0
0
27701690269
0
0
26726802816
27701690269
24879079775
28451430212
27701690269
28451430212
27587333311
0
27701690269
0
27335946183
0
27089774054
0
0
0
29033688391
0
29033688391
28451430212
29033688391
0
0
27261809816
28451430212
0
0
0
0
0
0
28451430212
0
0
0
0
29033688391
27701690269
0
27701690269
27701690269
0
0
29033688391
27584533784
29033688391
0
29033688391
0
28132803487
0
0
0
0
0
0
0
0
0
27701690269
0
0
0
0
0
0
0
0
0
