134081231137
224214939855
709398226487
573761118064
672358759311
640170439243
279066909304
143649863977
589256027568
617880693556
707541337710
575439356233
660644067370
596974785099
510158038812
884512361519
59194263299
821619318173
684920169582
86519733693
412514388124
333437074599
358550409221
538445135456
249697433717
719787132022
111360493973
310258036337
513161526455
469032779398
751333501988
168678533657
159866888946
872524170091
407776330799
761642875455
398432877689
582376226695
379282570258
743087457484
468191529339
503857049727
310639741028
651651818226
173540857053
614425249391
188176898074
761467325388
320406605673
201638746976
558584709299
837843819133
137299565467
95440332149
731563687467
702427673705
857993943978
450568187087
39783540693
603471070737
107224494272
771657227720
290085009361
903315100963
74475838673
794622791698
714176229073
534301861657
377277344499
476882879409
366039983951
68216758713
584247948207
716347167302
502207533898
524777426807
267701218967
737363530173
682484225833
552790917975
615173838229
542924040201
62208096544
904507860784
181190747303
520650728836
0
461510560566
748988502042
47068908032
231527722967
154754757206
560898357002
140939946135
130349183250
596198105806
399326159277
576074728277
710173699946
733779386860
60269115480
261592721952
371354048604
705902407435
248641915085
338778576980
27662631372
393999992140
243002015116
790559833844
536928902575
176605027661
809448203620
678515275342
413424441570
545402412760
807124645343
706560963998
179187434807
822930190126
590381071541
902660086209
51833659354
276809249945
491887973120
674721222385
503967534206
794618306373
858046947917
344747435122
220469918171
215568653726
405135050685
43340297838
632875831777
777921981245
394183806198
791641963417
416817213477
287282099050
865773799882
328647390427
681608532324
108667588110
633726148266
769472536371
474550371247
217838273950
788476102727
347518335370
428604316406
301403665747
420924620911
324702828645
118079658851
767916575949
292686539194
377709858578
59610818987
372532162097
333168527933
689251355050
280231760849
723716894189
323071205097
737916398758
268291343698
379272533245
654717418021
701602103316
456529627810
444093480126
483503565605
641005217262
430297169336
123755897050
288641617049
755879185527
233938611636
202919410881
696171394641
27227047474
354580732241
841341073553
351180979928
577953136008
335327459776
637826768570
730435149076
393862683668
424142274819
652273987373
151426151684
532283692401
266318346464
228103013385
853841775394
0
435564904776
332615158496
213180320877
537282495444
826474412367
879162224706
560432182400
24840392356
257382277975
757720614869
501822137869
823710278298
700646855237
427627984510
500302442628
765582145000
449142790410
356107973383
166507247325
871659363311
719747776711
703113583748
357735780032
300146590518
520146585709
328930259136
571551520548
182319142058
802256482929
468261267203
718352847618
105861178974
786171324459
314602348113
367650291421
655620286414
590590493381
273851873963
718482794670
622778913572
243030143343
118786343764
601635331839
49901167149
361833869367
630532546188
570406593793
592915818316
664398511620
646113128720
822257508166
452093917942
709869725718
444211191215
197235676237
51309741008
556028757466
652062880912
781092323615
221723022869
645372681063
677998521108
435457855998
686085564230
728138678829
148809996342
813351267554
402902349891
417034318955
572140200743
786860734243
94012479612
178372868214
52050614292
783046667447
829019091596
698298052256
305097242689
803888399891
465287639874
387372165662
790636547768
478016821259
381578947144
50126695992
183179962681
675040811551
834427277489
83835744826
843903543338
779663344031
759373937437
182268162269
425926847705
835955196471
425137122337
812059370750
557512298367
159987774674
131325813101
580851824309
396982793522
96736866708
669833097993
540046118554
542932574477
719764997753
712874975910
401205665003
717814199124
198499390112
572279570845
767427079022
479711640336
197226672802
851861136483
888975198461
165040866466
776674019559
259786434935
494555410134
701511448879
729758389244
51281660463
92697069178
107737987128
525945360754
388372887107
668179537743
0
398357091362
204577539012
699112359014
37949993674
82815766072
484080273014
118136013347
84640942738
685857696292
746116175675
553539616109
189814289643
0
536148572487
457397150246
70090426957
704790727964
570804960988
514465865916
148470756438
379792630640
332465301598
450091427131
876782350025
691767485833
815300610364
685394002620
392536194124
499087592184
315185983649
163188743353
142882548203
767771045006
822803592821
669307036174
684473131796
258031586944
250183052527
886991498723
25202076931
686475974935
760585604920
551130221018
272053916849
767603711521
81526632965
319757880898
770653483375
445276024937
26526663622
474645396741
40039520225
116684567413
74561427387
506500481268
841426043542
210916017330
884357419123
440886815725
211703289293
805566999795
446552429529
411508187389
575423932600
568851003711
683276767423
612733702719
860467019436
503696741614
713787052279
151521415009
113534318711
396177308830
448657733772
554903493768
670161858999
845449592502
584869230356
650476825344
431728273354
789611399231
413860232952
849490883537
657108821447
111884361330
302801414047
839822762252
289812890891
726429950651
588439109044
625564185826
156884074244
432455509503
413036490885
465804896648
409663419034
130155140035
0
586507432711
72000922208
376263726672
218097969598
898721233092
321827633925
107938318058
412516439468
787968389431
286097075638
190603040727
655025304580
0
687340320515
704855375724
511343673141
628078140434
188091888874
266922718497
203301752170
276817536726
142367878950
426856232573
246983578410
96299369158
782401896798
40368001842
160386425040
690553921167
0
601486625221
366244964361
455159039519
510661029535
256135963195
46118781412
715641683260
701456101442
315093167376
713084353668
787692908914
291408573028
246322111872
248770559800
676066218550
456857830257
561042663374
591563618177
727710275560
347691933677
162173677238
810414329001
445471912380
764165834149
649573730148
526642944877
248553298814
632808017986
361707168954
620265118774
535549541080
414100561909
546646789168
594101725636
541926891470
124312837794
742626673972
407079607915
114274341600
172531264253
788703988173
885210108620
728173108842
371595817226
366902247886
794090504247
56229404185
0
223079275571
360401451986
460001040364
61163458370
51833659354
627976234509
567304244271
170278263413
692844453786
488331978573
583373333120
897203594143
0
526918700770
571099362928
723774749943
190107546819
356369332994
554389400045
449355391156
550491610730
597446695219
657967530884
315543641945
731970068179
873479754756
120007228871
464402416777
101292020882
376493515256
63435105852
465050752363
244699877358
304373278993
596918480671
872309913256
896851227844
493455942672
669229001429
359052342659
727559013435
742313505708
663167932507
337698375702
480846443228
805523429689
256915718503
507304939795
387435401988
603455413803
27662631372
592871300161
619239314116
0
145385177836
786871029030
494988291242
61377643971
616863656333
881887086520
364128812486
239471123921
650020323852
544118043670
308990834480
430467574718
718721320724
514395828333
112835047579
649722739292
368998484142
633093569234
693183878043
687172052978
161126078801
433186566742
315099640452
158544540800
721362650880
743299288982
268132839277
362453314150
654928364961
895904051444
790936729851
708067551358
0
836556215794
806792032445
426385121479
775993599300
464398488446
829913708622
159418806667
550868532250
251014994698
569848663000
215082517581
881393102362
106930858738
836661324527
108526891407
732964451236
244520484065
717035620554
687103462471
212894465477
650688163009
541859235540
619355664134
769177027606
315998733352
90298257952
691005435387
121404438400
303909756046
770389916938
616893511681
679705493587
350321202028
407279215538
563733530839
777896568277
661576500782
24769507395
576554392414
770218170024
572146321087
512094790775
664637874026
339571958076
181931990783
529908722652
386296947332
362865074539
790590680856
297370117053
359070024218
723322158108
695586733035
493856830663
486311713149
299745203190
611932313408
245645299095
396194263380
591066274007
755753906857
102160798094
406424301254
207189426830
242001435888
879586027376
637057602717
316598679213
439979854975
526040031751
880592853854
642069257918
74955212229
183626100139
668365588625
265441846316
743210626573
555837436477
150543525120
419734028179
183585896722
276386050569
845749607136
96859955567
84289451308
738389788242
832748660378
459269135376
302118027396
175814119146
758096344090
779900002448
613279204736
355414825127
371121877618
616023132296
717871558531
486693326749
717320017654
583035366872
298868534495
163294065316
724492514810
479413041007
356482460242
628385744870
571604344671
366594015485
586745283737
471138181682
594069192507
634998644529
243243268033
356758413182
677539893984
856704998551
415228495889
353149890526
192157425983
316175088976
495520626181
213291879941
125627100221
190696053715
833025597782
714862530544
247034254892
577003102429
180132043231
656685350961
479672729959
216780223142
521031733542
174542966442
759345923924
217050088085
474830044971
371135790429
721834680480
716890494355
590225050024
365943752604
215161430092
429932395308
861831796626
85786489816
25831327992
707710860706
502720368030
332054531435
507293888454
720390559055
271677482329
49228976798
113081536417
645491194251
804496608112
628840689231
273923094641
97705101573
887890487310
621789862863
853709538515
688416969224
424811596359
142644505907
844187226699
598578714311
507342619577
761699251072
858062975078
394337346724
85013081411
408890702872
571940691509
261670982225
492947532787
644337523349
517771655514
686613026392
689060720403
290515231177
232902252838
581983207061
307508941163
502716795097
804660249900
71997223434
764647247410
278579889612
436708801729
236565463682
704015325469
819251609985
807998184046
475337689734
576150754495
534897581059
707236282455
290856523851
449270950608
617658021747
851605629058
49907791127
484741863398
445963669471
735844482383
300474812765
767586436895
592055743550
463517928636
810840920503
359340513858
40363954380
756332631914
25937854499
124673190485
806060190405
348399878685
795895018441
201050715286
225017733258
705100154547
555970989471
763093322343
619221775953
307058357481
75143818913
831811996247
854500461655
38996268730
416726906807
854396725606
184525219953
468016624836
205515594254
232621242457
683101666914
466882555473
61833120188
343033509615
494972870530
476586088535
463379815768
388698001619
0
280529417758
104390313104
509135375401
650098347361
497446389295
573665559516
63295321657
515191930725
772735184435
254374028522
851146359926
892337059189
874193675706
708112433940
92458125121
850772502597
612885144807
698179441922
234229904027
199829075362
685747510744
659392277907
835609739703
584913630928
344595546759
414158259409
279079543605
87413065698
758063482618
154303096248
307000066964
863819376684
415892356181
830546904003
26202229467
83390100919
140325621690
305924739688
698939618535
51873605238
263293647650
678665705526
96908538456
800712338650
231527722967
463371754567
472117620316
695501496701
178800550994
756064984871
257843791361
760117504843
456236396294
143675037855
663827364410
641587772672
611229502651
723175161414
727710275560
863395981278
170006905459
273871143768
700007223322
286744226287
442312510270
721517447862
328757668927
752054479805
726650678018
274612788803
600630494554
411446075148
26125795752
644399799475
110393421165
499017364340
707839566947
694789768062
582100455382
509612103089
531899060634
788585195835
496962771040
592136342024
456403963566
233020974747
399539135761
768208446341
119298805898
698109576634
757591329600
838203894323
310250262224
799861638470
579589805545
233803346280
327210495038
304966077706
189344877095
812085353578
364321928001
440865764783
255824760906
461589386351
507614890865
351888764985
181284248264
523344204214
646330396629
497512225654
170894136536
219140744311
0
162089277609
507387414300
213583133031
581872982966
784027134448
355578656940
358591118245
465749539464
310004924274
674552260956
439480482845
653795249006
785992611637
494442320050
624282703363
380608680279
444349061228
682158072467
498841698479
194935748629
137383015430
825129791812
433430263832
0
517074741496
437158425003
49058718252
387715258584
224214939855
96736866708
736500377932
664388669691
102995489697
775049105309
822995048405
396377493017
198948101461
549517273065
661517993705
343588376868
210809196196
427206206683
181178177237
766333716191
501974771308
857827550979
290450120706
299151358389
619172198326
455638518178
